; entry point: 1
; address - hex      - mnemonic                 - source
0001 - 2860000F - LUI R6, 15               - LUI R6, 15
0002 - 24664240 - ORI R6, R6, 16960        - ORI R6, R6, 16960
0003 - 41700008 - JAL R7, 8                - JAL  R7, print_int
0004 - 2710000A - LI R1, 10                - LI   R1, 10
0005 - 272007FF - LI R2, 2047              - LI   R2, 2047
0006 - 26120000 - SW R1, 0(R2)             - SW   R1, 0(R2)
0007 - A3000000 - HLT                      - HLT
0008 - 27300000 - LI R3, 0                 - LI   R3, 0
0009 - 274000C8 - LI R4, 200               - LI   R4, digits
0010 - 2750000A - LI R5, 10                - LI   R5, 10
0011 - 29600008 - BEQ R6, R0, +8           - BEQ  R6, R0, pi_zero
0012 - 2960000A - BEQ R6, R0, +10          - BEQ  R6, R0, pi_print
0013 - 04165000 - MOD R1, R6, R5           - MOD  R1, R6, R5
0014 - 03665000 - DIV R6, R6, R5           - DIV  R6, R6, R5
0015 - 20110030 - ADDI R1, R1, 48          - ADDI R1, R1, 48
0016 - 26140000 - SW R1, 0(R4)             - SW   R1, 0(R4)
0017 - 20440001 - ADDI R4, R4, 1           - ADDI R4, R4, 1
0018 - 20330001 - ADDI R3, R3, 1           - ADDI R3, R3, 1
0019 - 4000000C - JMP 12                   - JMP  pi_extract
0020 - 27100030 - LI R1, 48                - LI   R1, 48
0021 - 26140000 - SW R1, 0(R4)             - SW   R1, 0(R4)
0022 - 20330001 - ADDI R3, R3, 1           - ADDI R3, R3, 1
0023 - 272007FF - LI R2, 2047              - LI   R2, 2047
0024 - 275000C8 - LI R5, 200               - LI   R5, digits
0025 - 29300005 - BEQ R3, R0, +5           - BEQ  R3, R0, pi_done
0026 - 2033FFFF - ADDI R3, R3, -1          - ADDI R3, R3, -1
0027 - 00153000 - ADD R1, R5, R3           - ADD  R1, R5, R3
0028 - 25110000 - LW R1, 0(R1)             - LW   R1, 0(R1)
0029 - 26120000 - SW R1, 0(R2)             - SW   R1, 0(R2)
0030 - 40000019 - JMP 25                   - JMP  pi_loop
0031 - 42700000 - JR R7                    - JR   R7
0200 - 00000000 - .word 0                  - .word 0,0,0,0,0,0,0,0,0,0,0,0
0201 - 00000000 - .word 0                  - .word 0,0,0,0,0,0,0,0,0,0,0,0
0202 - 00000000 - .word 0                  - .word 0,0,0,0,0,0,0,0,0,0,0,0
0203 - 00000000 - .word 0                  - .word 0,0,0,0,0,0,0,0,0,0,0,0
0204 - 00000000 - .word 0                  - .word 0,0,0,0,0,0,0,0,0,0,0,0
0205 - 00000000 - .word 0                  - .word 0,0,0,0,0,0,0,0,0,0,0,0
0206 - 00000000 - .word 0                  - .word 0,0,0,0,0,0,0,0,0,0,0,0
0207 - 00000000 - .word 0                  - .word 0,0,0,0,0,0,0,0,0,0,0,0
0208 - 00000000 - .word 0                  - .word 0,0,0,0,0,0,0,0,0,0,0,0
0209 - 00000000 - .word 0                  - .word 0,0,0,0,0,0,0,0,0,0,0,0
0210 - 00000000 - .word 0                  - .word 0,0,0,0,0,0,0,0,0,0,0,0
0211 - 00000000 - .word 0                  - .word 0,0,0,0,0,0,0,0,0,0,0,0
