; entry point: 1
; address - hex      - mnemonic                 - source
0100 - FFFFFFFF - .word -1                 - .word -1
0101 - 00000000 - .word 0                  - .word 0
0102 - 00000001 - .word 1                  - .word 1
0103 - 00000000 - .word 0                  - .word 0
0110 - 00000000 - .word 0                  - .word 0
0111 - 00000000 - .word 0                  - .word 0
0200 - 00000000 - .word 0                  - .word 0,0,0,0,0,0,0,0,0,0,0,0
0201 - 00000000 - .word 0                  - .word 0,0,0,0,0,0,0,0,0,0,0,0
0202 - 00000000 - .word 0                  - .word 0,0,0,0,0,0,0,0,0,0,0,0
0203 - 00000000 - .word 0                  - .word 0,0,0,0,0,0,0,0,0,0,0,0
0204 - 00000000 - .word 0                  - .word 0,0,0,0,0,0,0,0,0,0,0,0
0205 - 00000000 - .word 0                  - .word 0,0,0,0,0,0,0,0,0,0,0,0
0206 - 00000000 - .word 0                  - .word 0,0,0,0,0,0,0,0,0,0,0,0
0207 - 00000000 - .word 0                  - .word 0,0,0,0,0,0,0,0,0,0,0,0
0208 - 00000000 - .word 0                  - .word 0,0,0,0,0,0,0,0,0,0,0,0
0209 - 00000000 - .word 0                  - .word 0,0,0,0,0,0,0,0,0,0,0,0
0210 - 00000000 - .word 0                  - .word 0,0,0,0,0,0,0,0,0,0,0,0
0211 - 00000000 - .word 0                  - .word 0,0,0,0,0,0,0,0,0,0,0,0
0220 - 00000001 - .string len=1            - .string " "
0221 - 00000020 - .string ' '              - .string " "
0225 - 00000001 - .string len=1            - .string "\n"
0226 - 0000000A - .string '\n'             - .string "\n"
0001 - 27100064 - LI R1, 100               - LI   R1, a_low
0002 - 25210000 - LW R2, 0(R1)             - LW   R2, 0(R1)
0003 - 27100065 - LI R1, 101               - LI   R1, a_high
0004 - 25310000 - LW R3, 0(R1)             - LW   R3, 0(R1)
0005 - 27100066 - LI R1, 102               - LI   R1, b_low
0006 - 25410000 - LW R4, 0(R1)             - LW   R4, 0(R1)
0007 - 27100067 - LI R1, 103               - LI   R1, b_high
0008 - 25510000 - LW R5, 0(R1)             - LW   R5, 0(R1)
0009 - 00624000 - ADD R6, R2, R4           - ADD  R6, R2, R4
0010 - 27700000 - LI R7, 0                 - LI   R7, 0
0011 - 2E200006 - BGE R2, R0, +6           - BGE  R2, R0, c_a_pos
0012 - 2E400002 - BGE R4, R0, +2           - BGE  R4, R0, c_a_neg_b_pos
0013 - 27700001 - LI R7, 1                 - LI   R7, 1
0014 - 40000015 - JMP 21                   - JMP  c_done
0015 - 2B600005 - BLT R6, R0, +5           - BLT  R6, R0, c_done
0016 - 27700001 - LI R7, 1                 - LI   R7, 1
0017 - 40000015 - JMP 21                   - JMP  c_done
0018 - 2E400002 - BGE R4, R0, +2           - BGE  R4, R0, c_done
0019 - 2B600001 - BLT R6, R0, +1           - BLT  R6, R0, c_done
0020 - 27700001 - LI R7, 1                 - LI   R7, 1
0021 - 00335000 - ADD R3, R3, R5           - ADD  R3, R3, R5
0022 - 00337000 - ADD R3, R3, R7           - ADD  R3, R3, R7
0023 - 2710006E - LI R1, 110               - LI   R1, res_low
0024 - 26610000 - SW R6, 0(R1)             - SW   R6, 0(R1)
0025 - 2710006F - LI R1, 111               - LI   R1, res_high
0026 - 26310000 - SW R3, 0(R1)             - SW   R3, 0(R1)
0027 - 00630000 - ADD R6, R3, R0           - ADD  R6, R3, R0
0028 - 2710006F - LI R1, 111               - LI   R1, res_high
0029 - 25610000 - LW R6, 0(R1)             - LW   R6, 0(R1)
0030 - 4170002C - JAL R7, 44               - JAL  R7, print_int
0031 - 271000DC - LI R1, 220               - LI   R1, sep
0032 - 41700044 - JAL R7, 68               - JAL  R7, print_pstr
0033 - 2710006E - LI R1, 110               - LI   R1, res_low
0034 - 25610000 - LW R6, 0(R1)             - LW   R6, 0(R1)
0035 - 2E600004 - BGE R6, R0, +4           - BGE  R6, R0, ok_print
0036 - 2710002D - LI R1, 45                - LI   R1, 45
0037 - 272007FF - LI R2, 2047              - LI   R2, 2047
0038 - 26120000 - SW R1, 0(R2)             - SW   R1, 0(R2)
0039 - 01606000 - SUB R6, R0, R6           - SUB  R6, R0, R6
0040 - 4170002C - JAL R7, 44               - JAL  R7, print_int
0041 - 271000E1 - LI R1, 225               - LI   R1, nl
0042 - 41700044 - JAL R7, 68               - JAL  R7, print_pstr
0043 - A3000000 - HLT                      - HLT
0044 - 27300000 - LI R3, 0                 - LI   R3, 0
0045 - 274000C8 - LI R4, 200               - LI   R4, digits
0046 - 2750000A - LI R5, 10                - LI   R5, 10
0047 - 29600008 - BEQ R6, R0, +8           - BEQ  R6, R0, pi_zero
0048 - 2960000A - BEQ R6, R0, +10          - BEQ  R6, R0, pi_print
0049 - 04165000 - MOD R1, R6, R5           - MOD  R1, R6, R5
0050 - 03665000 - DIV R6, R6, R5           - DIV  R6, R6, R5
0051 - 20110030 - ADDI R1, R1, 48          - ADDI R1, R1, 48
0052 - 26140000 - SW R1, 0(R4)             - SW   R1, 0(R4)
0053 - 20440001 - ADDI R4, R4, 1           - ADDI R4, R4, 1
0054 - 20330001 - ADDI R3, R3, 1           - ADDI R3, R3, 1
0055 - 40000030 - JMP 48                   - JMP  pi_extract
0056 - 27100030 - LI R1, 48                - LI   R1, 48
0057 - 26140000 - SW R1, 0(R4)             - SW   R1, 0(R4)
0058 - 20330001 - ADDI R3, R3, 1           - ADDI R3, R3, 1
0059 - 272007FF - LI R2, 2047              - LI   R2, 2047
0060 - 275000C8 - LI R5, 200               - LI   R5, digits
0061 - 29300005 - BEQ R3, R0, +5           - BEQ  R3, R0, pi_done
0062 - 2033FFFF - ADDI R3, R3, -1          - ADDI R3, R3, -1
0063 - 00153000 - ADD R1, R5, R3           - ADD  R1, R5, R3
0064 - 25110000 - LW R1, 0(R1)             - LW   R1, 0(R1)
0065 - 26120000 - SW R1, 0(R2)             - SW   R1, 0(R2)
0066 - 4000003D - JMP 61                   - JMP  pi_loop
0067 - 42700000 - JR R7                    - JR   R7
0068 - 25210000 - LW R2, 0(R1)             - LW   R2, 0(R1)
0069 - 20310001 - ADDI R3, R1, 1           - ADDI R3, R1, 1
0070 - 27400000 - LI R4, 0                 - LI   R4, 0
0071 - 275007FF - LI R5, 2047              - LI   R5, 2047
0072 - 2E420005 - BGE R4, R2, +5           - BGE  R4, R2, pp_done
0073 - 25130000 - LW R1, 0(R3)             - LW   R1, 0(R3)
0074 - 26150000 - SW R1, 0(R5)             - SW   R1, 0(R5)
0075 - 20330001 - ADDI R3, R3, 1           - ADDI R3, R3, 1
0076 - 20440001 - ADDI R4, R4, 1           - ADDI R4, R4, 1
0077 - 40000048 - JMP 72                   - JMP  pp_loop
0078 - 42700000 - JR R7                    - JR   R7
