; entry point: 1
; address - hex      - mnemonic                 - source
0000 - 0000001D - .word irq_handler        - .word irq_handler
0100 - 00000013 - .string len=19           - .string "What is your name?\n"
0101 - 00000057 - .string 'W'              - .string "What is your name?\n"
0102 - 00000068 - .string 'h'              - .string "What is your name?\n"
0103 - 00000061 - .string 'a'              - .string "What is your name?\n"
0104 - 00000074 - .string 't'              - .string "What is your name?\n"
0105 - 00000020 - .string ' '              - .string "What is your name?\n"
0106 - 00000069 - .string 'i'              - .string "What is your name?\n"
0107 - 00000073 - .string 's'              - .string "What is your name?\n"
0108 - 00000020 - .string ' '              - .string "What is your name?\n"
0109 - 00000079 - .string 'y'              - .string "What is your name?\n"
0110 - 0000006F - .string 'o'              - .string "What is your name?\n"
0111 - 00000075 - .string 'u'              - .string "What is your name?\n"
0112 - 00000072 - .string 'r'              - .string "What is your name?\n"
0113 - 00000020 - .string ' '              - .string "What is your name?\n"
0114 - 0000006E - .string 'n'              - .string "What is your name?\n"
0115 - 00000061 - .string 'a'              - .string "What is your name?\n"
0116 - 0000006D - .string 'm'              - .string "What is your name?\n"
0117 - 00000065 - .string 'e'              - .string "What is your name?\n"
0118 - 0000003F - .string '?'              - .string "What is your name?\n"
0119 - 0000000A - .string '\n'             - .string "What is your name?\n"
0150 - 00000007 - .string len=7            - .string "Hello, "
0151 - 00000048 - .string 'H'              - .string "Hello, "
0152 - 00000065 - .string 'e'              - .string "Hello, "
0153 - 0000006C - .string 'l'              - .string "Hello, "
0154 - 0000006C - .string 'l'              - .string "Hello, "
0155 - 0000006F - .string 'o'              - .string "Hello, "
0156 - 0000002C - .string ','              - .string "Hello, "
0157 - 00000020 - .string ' '              - .string "Hello, "
0170 - 00000002 - .string len=2            - .string "!\n"
0171 - 00000021 - .string '!'              - .string "!\n"
0172 - 0000000A - .string '\n'             - .string "!\n"
0200 - 00000000 - .word 0                  - .word 0
0201 - 00000000 - .word 0                  - .word 0,0,0,0,0,0,0,0,0,0,0,0,0,0,0,0,0,0,0,0,0,0,0,0,0,0,0,0,0,0,0,0
0202 - 00000000 - .word 0                  - .word 0,0,0,0,0,0,0,0,0,0,0,0,0,0,0,0,0,0,0,0,0,0,0,0,0,0,0,0,0,0,0,0
0203 - 00000000 - .word 0                  - .word 0,0,0,0,0,0,0,0,0,0,0,0,0,0,0,0,0,0,0,0,0,0,0,0,0,0,0,0,0,0,0,0
0204 - 00000000 - .word 0                  - .word 0,0,0,0,0,0,0,0,0,0,0,0,0,0,0,0,0,0,0,0,0,0,0,0,0,0,0,0,0,0,0,0
0205 - 00000000 - .word 0                  - .word 0,0,0,0,0,0,0,0,0,0,0,0,0,0,0,0,0,0,0,0,0,0,0,0,0,0,0,0,0,0,0,0
0206 - 00000000 - .word 0                  - .word 0,0,0,0,0,0,0,0,0,0,0,0,0,0,0,0,0,0,0,0,0,0,0,0,0,0,0,0,0,0,0,0
0207 - 00000000 - .word 0                  - .word 0,0,0,0,0,0,0,0,0,0,0,0,0,0,0,0,0,0,0,0,0,0,0,0,0,0,0,0,0,0,0,0
0208 - 00000000 - .word 0                  - .word 0,0,0,0,0,0,0,0,0,0,0,0,0,0,0,0,0,0,0,0,0,0,0,0,0,0,0,0,0,0,0,0
0209 - 00000000 - .word 0                  - .word 0,0,0,0,0,0,0,0,0,0,0,0,0,0,0,0,0,0,0,0,0,0,0,0,0,0,0,0,0,0,0,0
0210 - 00000000 - .word 0                  - .word 0,0,0,0,0,0,0,0,0,0,0,0,0,0,0,0,0,0,0,0,0,0,0,0,0,0,0,0,0,0,0,0
0211 - 00000000 - .word 0                  - .word 0,0,0,0,0,0,0,0,0,0,0,0,0,0,0,0,0,0,0,0,0,0,0,0,0,0,0,0,0,0,0,0
0212 - 00000000 - .word 0                  - .word 0,0,0,0,0,0,0,0,0,0,0,0,0,0,0,0,0,0,0,0,0,0,0,0,0,0,0,0,0,0,0,0
0213 - 00000000 - .word 0                  - .word 0,0,0,0,0,0,0,0,0,0,0,0,0,0,0,0,0,0,0,0,0,0,0,0,0,0,0,0,0,0,0,0
0214 - 00000000 - .word 0                  - .word 0,0,0,0,0,0,0,0,0,0,0,0,0,0,0,0,0,0,0,0,0,0,0,0,0,0,0,0,0,0,0,0
0215 - 00000000 - .word 0                  - .word 0,0,0,0,0,0,0,0,0,0,0,0,0,0,0,0,0,0,0,0,0,0,0,0,0,0,0,0,0,0,0,0
0216 - 00000000 - .word 0                  - .word 0,0,0,0,0,0,0,0,0,0,0,0,0,0,0,0,0,0,0,0,0,0,0,0,0,0,0,0,0,0,0,0
0217 - 00000000 - .word 0                  - .word 0,0,0,0,0,0,0,0,0,0,0,0,0,0,0,0,0,0,0,0,0,0,0,0,0,0,0,0,0,0,0,0
0218 - 00000000 - .word 0                  - .word 0,0,0,0,0,0,0,0,0,0,0,0,0,0,0,0,0,0,0,0,0,0,0,0,0,0,0,0,0,0,0,0
0219 - 00000000 - .word 0                  - .word 0,0,0,0,0,0,0,0,0,0,0,0,0,0,0,0,0,0,0,0,0,0,0,0,0,0,0,0,0,0,0,0
0220 - 00000000 - .word 0                  - .word 0,0,0,0,0,0,0,0,0,0,0,0,0,0,0,0,0,0,0,0,0,0,0,0,0,0,0,0,0,0,0,0
0221 - 00000000 - .word 0                  - .word 0,0,0,0,0,0,0,0,0,0,0,0,0,0,0,0,0,0,0,0,0,0,0,0,0,0,0,0,0,0,0,0
0222 - 00000000 - .word 0                  - .word 0,0,0,0,0,0,0,0,0,0,0,0,0,0,0,0,0,0,0,0,0,0,0,0,0,0,0,0,0,0,0,0
0223 - 00000000 - .word 0                  - .word 0,0,0,0,0,0,0,0,0,0,0,0,0,0,0,0,0,0,0,0,0,0,0,0,0,0,0,0,0,0,0,0
0224 - 00000000 - .word 0                  - .word 0,0,0,0,0,0,0,0,0,0,0,0,0,0,0,0,0,0,0,0,0,0,0,0,0,0,0,0,0,0,0,0
0225 - 00000000 - .word 0                  - .word 0,0,0,0,0,0,0,0,0,0,0,0,0,0,0,0,0,0,0,0,0,0,0,0,0,0,0,0,0,0,0,0
0226 - 00000000 - .word 0                  - .word 0,0,0,0,0,0,0,0,0,0,0,0,0,0,0,0,0,0,0,0,0,0,0,0,0,0,0,0,0,0,0,0
0227 - 00000000 - .word 0                  - .word 0,0,0,0,0,0,0,0,0,0,0,0,0,0,0,0,0,0,0,0,0,0,0,0,0,0,0,0,0,0,0,0
0228 - 00000000 - .word 0                  - .word 0,0,0,0,0,0,0,0,0,0,0,0,0,0,0,0,0,0,0,0,0,0,0,0,0,0,0,0,0,0,0,0
0229 - 00000000 - .word 0                  - .word 0,0,0,0,0,0,0,0,0,0,0,0,0,0,0,0,0,0,0,0,0,0,0,0,0,0,0,0,0,0,0,0
0230 - 00000000 - .word 0                  - .word 0,0,0,0,0,0,0,0,0,0,0,0,0,0,0,0,0,0,0,0,0,0,0,0,0,0,0,0,0,0,0,0
0231 - 00000000 - .word 0                  - .word 0,0,0,0,0,0,0,0,0,0,0,0,0,0,0,0,0,0,0,0,0,0,0,0,0,0,0,0,0,0,0,0
0232 - 00000000 - .word 0                  - .word 0,0,0,0,0,0,0,0,0,0,0,0,0,0,0,0,0,0,0,0,0,0,0,0,0,0,0,0,0,0,0,0
0001 - 27100064 - LI R1, 100               - LI   R1, prompt
0002 - 41700012 - JAL R7, 18               - JAL  R7, print_pstr
0003 - 27100000 - LI R1, 0                 - LI   R1, 0
0004 - 272000C8 - LI R2, 200               - LI   R2, name_buf
0005 - 26120000 - SW R1, 0(R2)             - SW   R1, 0(R2)
0006 - A0000000 - EI                       - EI
0007 - 271001F4 - LI R1, 500               - LI   R1, done_flag
0008 - 25210000 - LW R2, 0(R1)             - LW   R2, 0(R1)
0009 - 2920FFFD - BEQ R2, R0, -3           - BEQ  R2, R0, wait_loop
0010 - A1000000 - DI                       - DI
0011 - 27100096 - LI R1, 150               - LI   R1, greet1
0012 - 41700012 - JAL R7, 18               - JAL  R7, print_pstr
0013 - 271000C8 - LI R1, 200               - LI   R1, name_buf
0014 - 41700012 - JAL R7, 18               - JAL  R7, print_pstr
0015 - 271000AA - LI R1, 170               - LI   R1, greet2
0016 - 41700012 - JAL R7, 18               - JAL  R7, print_pstr
0017 - A3000000 - HLT                      - HLT
0018 - 25210000 - LW R2, 0(R1)             - LW   R2, 0(R1)
0019 - 20310001 - ADDI R3, R1, 1           - ADDI R3, R1, 1
0020 - 27400000 - LI R4, 0                 - LI   R4, 0
0021 - 275007FF - LI R5, 2047              - LI   R5, 2047
0022 - 2E420005 - BGE R4, R2, +5           - BGE  R4, R2, pp_done
0023 - 25130000 - LW R1, 0(R3)             - LW   R1, 0(R3)
0024 - 26150000 - SW R1, 0(R5)             - SW   R1, 0(R5)
0025 - 20330001 - ADDI R3, R3, 1           - ADDI R3, R3, 1
0026 - 20440001 - ADDI R4, R4, 1           - ADDI R4, R4, 1
0027 - 40000016 - JMP 22                   - JMP  pp_loop
0028 - 42700000 - JR R7                    - JR   R7
0029 - 271007FE - LI R1, 2046              - LI   R1, 2046
0030 - 25210000 - LW R2, 0(R1)             - LW   R2, 0(R1)
0031 - 2730000A - LI R3, 10                - LI   R3, 10
0032 - 29230008 - BEQ R2, R3, +8           - BEQ  R2, R3, ih_finish
0033 - 271000C8 - LI R1, 200               - LI   R1, name_buf
0034 - 25310000 - LW R3, 0(R1)             - LW   R3, 0(R1)
0035 - 20410001 - ADDI R4, R1, 1           - ADDI R4, R1, 1
0036 - 00443000 - ADD R4, R4, R3           - ADD  R4, R4, R3
0037 - 26240000 - SW R2, 0(R4)             - SW   R2, 0(R4)
0038 - 20330001 - ADDI R3, R3, 1           - ADDI R3, R3, 1
0039 - 26310000 - SW R3, 0(R1)             - SW   R3, 0(R1)
0040 - A2000000 - IRET                     - IRET
0041 - 271001F4 - LI R1, 500               - LI   R1, done_flag
0042 - 27200001 - LI R2, 1                 - LI   R2, 1
0043 - 26210000 - SW R2, 0(R1)             - SW   R2, 0(R1)
0044 - A2000000 - IRET                     - IRET
0500 - 00000000 - .word 0                  - .word 0
