; entry point: 1
; address - hex      - mnemonic                 - source
0001 - 27100000 - LI R1, 0                 - LI   R1, 0
0002 - 27200020 - LI R2, 32                - LI   R2, 32
0003 - 2730012C - LI R3, 300               - LI   R3, arr
0004 - 27400000 - LI R4, 0                 - LI   R4, 0
0005 - 27500000 - LI R5, 0                 - LI   R5, 0
0006 - 2E120007 - BGE R1, R2, +7           - BGE  R1, R2, end
0007 - 00631000 - ADD R6, R3, R1           - ADD  R6, R3, R1
0008 - 25660000 - LW R6, 0(R6)             - LW   R6, 0(R6)
0009 - 00446000 - ADD R4, R4, R6           - ADD  R4, R4, R6
0010 - 02666000 - MUL R6, R6, R6           - MUL  R6, R6, R6
0011 - 00556000 - ADD R5, R5, R6           - ADD  R5, R5, R6
0012 - 20110001 - ADDI R1, R1, 1           - ADDI R1, R1, 1
0013 - 40000006 - JMP 6                    - JMP  loop
0014 - 02444000 - MUL R4, R4, R4           - MUL  R4, R4, R4
0015 - 01645000 - SUB R6, R4, R5           - SUB  R6, R4, R5
0016 - 41700015 - JAL R7, 21               - JAL  R7, print_int
0017 - 2710000A - LI R1, 10                - LI   R1, 10
0018 - 272007FF - LI R2, 2047              - LI   R2, 2047
0019 - 26120000 - SW R1, 0(R2)             - SW   R1, 0(R2)
0020 - A3000000 - HLT                      - HLT
0021 - 27300000 - LI R3, 0                 - LI   R3, 0
0022 - 27400190 - LI R4, 400               - LI   R4, digits
0023 - 2750000A - LI R5, 10                - LI   R5, 10
0024 - 29600008 - BEQ R6, R0, +8           - BEQ  R6, R0, pi_zero
0025 - 2960000A - BEQ R6, R0, +10          - BEQ  R6, R0, pi_print
0026 - 04165000 - MOD R1, R6, R5           - MOD  R1, R6, R5
0027 - 03665000 - DIV R6, R6, R5           - DIV  R6, R6, R5
0028 - 20110030 - ADDI R1, R1, 48          - ADDI R1, R1, 48
0029 - 26140000 - SW R1, 0(R4)             - SW   R1, 0(R4)
0030 - 20440001 - ADDI R4, R4, 1           - ADDI R4, R4, 1
0031 - 20330001 - ADDI R3, R3, 1           - ADDI R3, R3, 1
0032 - 40000019 - JMP 25                   - JMP  pi_extract
0033 - 27100030 - LI R1, 48                - LI   R1, 48
0034 - 26140000 - SW R1, 0(R4)             - SW   R1, 0(R4)
0035 - 20330001 - ADDI R3, R3, 1           - ADDI R3, R3, 1
0036 - 272007FF - LI R2, 2047              - LI   R2, 2047
0037 - 27500190 - LI R5, 400               - LI   R5, digits
0038 - 29300005 - BEQ R3, R0, +5           - BEQ  R3, R0, pi_done
0039 - 2033FFFF - ADDI R3, R3, -1          - ADDI R3, R3, -1
0040 - 00153000 - ADD R1, R5, R3           - ADD  R1, R5, R3
0041 - 25110000 - LW R1, 0(R1)             - LW   R1, 0(R1)
0042 - 26120000 - SW R1, 0(R2)             - SW   R1, 0(R2)
0043 - 40000026 - JMP 38                   - JMP  pi_loop
0044 - 42700000 - JR R7                    - JR   R7
0300 - 00000001 - .word 1                  - .word 1,2,3,4,5,6,7,8
0301 - 00000002 - .word 2                  - .word 1,2,3,4,5,6,7,8
0302 - 00000003 - .word 3                  - .word 1,2,3,4,5,6,7,8
0303 - 00000004 - .word 4                  - .word 1,2,3,4,5,6,7,8
0304 - 00000005 - .word 5                  - .word 1,2,3,4,5,6,7,8
0305 - 00000006 - .word 6                  - .word 1,2,3,4,5,6,7,8
0306 - 00000007 - .word 7                  - .word 1,2,3,4,5,6,7,8
0307 - 00000008 - .word 8                  - .word 1,2,3,4,5,6,7,8
0308 - 00000009 - .word 9                  - .word 9,10,11,12,13,14,15,16
0309 - 0000000A - .word 10                 - .word 9,10,11,12,13,14,15,16
0310 - 0000000B - .word 11                 - .word 9,10,11,12,13,14,15,16
0311 - 0000000C - .word 12                 - .word 9,10,11,12,13,14,15,16
0312 - 0000000D - .word 13                 - .word 9,10,11,12,13,14,15,16
0313 - 0000000E - .word 14                 - .word 9,10,11,12,13,14,15,16
0314 - 0000000F - .word 15                 - .word 9,10,11,12,13,14,15,16
0315 - 00000010 - .word 16                 - .word 9,10,11,12,13,14,15,16
0316 - 00000011 - .word 17                 - .word 17,18,19,20,21,22,23,24
0317 - 00000012 - .word 18                 - .word 17,18,19,20,21,22,23,24
0318 - 00000013 - .word 19                 - .word 17,18,19,20,21,22,23,24
0319 - 00000014 - .word 20                 - .word 17,18,19,20,21,22,23,24
0320 - 00000015 - .word 21                 - .word 17,18,19,20,21,22,23,24
0321 - 00000016 - .word 22                 - .word 17,18,19,20,21,22,23,24
0322 - 00000017 - .word 23                 - .word 17,18,19,20,21,22,23,24
0323 - 00000018 - .word 24                 - .word 17,18,19,20,21,22,23,24
0324 - 00000019 - .word 25                 - .word 25,26,27,28,29,30,31,32
0325 - 0000001A - .word 26                 - .word 25,26,27,28,29,30,31,32
0326 - 0000001B - .word 27                 - .word 25,26,27,28,29,30,31,32
0327 - 0000001C - .word 28                 - .word 25,26,27,28,29,30,31,32
0328 - 0000001D - .word 29                 - .word 25,26,27,28,29,30,31,32
0329 - 0000001E - .word 30                 - .word 25,26,27,28,29,30,31,32
0330 - 0000001F - .word 31                 - .word 25,26,27,28,29,30,31,32
0331 - 00000020 - .word 32                 - .word 25,26,27,28,29,30,31,32
0400 - 00000000 - .word 0                  - .word 0,0,0,0,0,0,0,0,0,0,0,0
0401 - 00000000 - .word 0                  - .word 0,0,0,0,0,0,0,0,0,0,0,0
0402 - 00000000 - .word 0                  - .word 0,0,0,0,0,0,0,0,0,0,0,0
0403 - 00000000 - .word 0                  - .word 0,0,0,0,0,0,0,0,0,0,0,0
0404 - 00000000 - .word 0                  - .word 0,0,0,0,0,0,0,0,0,0,0,0
0405 - 00000000 - .word 0                  - .word 0,0,0,0,0,0,0,0,0,0,0,0
0406 - 00000000 - .word 0                  - .word 0,0,0,0,0,0,0,0,0,0,0,0
0407 - 00000000 - .word 0                  - .word 0,0,0,0,0,0,0,0,0,0,0,0
0408 - 00000000 - .word 0                  - .word 0,0,0,0,0,0,0,0,0,0,0,0
0409 - 00000000 - .word 0                  - .word 0,0,0,0,0,0,0,0,0,0,0,0
0410 - 00000000 - .word 0                  - .word 0,0,0,0,0,0,0,0,0,0,0,0
0411 - 00000000 - .word 0                  - .word 0,0,0,0,0,0,0,0,0,0,0,0
