; entry point: 1
; address - hex      - mnemonic                 - source
0001 - 27600000 - LI R6, 0                 - LI   R6, 0
0002 - 82260000 - VBC V2, R6               - VBC  V2, R6
0003 - 82360000 - VBC V3, R6               - VBC  V3, R6
0004 - 27100000 - LI R1, 0                 - LI   R1, 0
0005 - 27200020 - LI R2, 32                - LI   R2, 32
0006 - 2730012C - LI R3, 300               - LI   R3, arr
0007 - 2E120007 - BGE R1, R2, +7           - BGE  R1, R2, vdone
0008 - 00631000 - ADD R6, R3, R1           - ADD  R6, R3, R1
0009 - 80060000 - VLD V0, 0(R6)            - VLD  V0, 0(R6)
0010 - 62100000 - VMUL V1, V0, V0          - VMUL V1, V0, V0
0011 - 60220000 - VADD V2, V2, V0          - VADD V2, V2, V0
0012 - 60331000 - VADD V3, V3, V1          - VADD V3, V3, V1
0013 - 20110004 - ADDI R1, R1, 4           - ADDI R1, R1, 4
0014 - 40000007 - JMP 7                    - JMP  vloop
0015 - 65420000 - VRED R4, V2              - VRED R4, V2
0016 - 65530000 - VRED R5, V3              - VRED R5, V3
0017 - 02444000 - MUL R4, R4, R4           - MUL  R4, R4, R4
0018 - 01645000 - SUB R6, R4, R5           - SUB  R6, R4, R5
0019 - 41700018 - JAL R7, 24               - JAL  R7, print_int
0020 - 2710000A - LI R1, 10                - LI   R1, 10
0021 - 272007FF - LI R2, 2047              - LI   R2, 2047
0022 - 26120000 - SW R1, 0(R2)             - SW   R1, 0(R2)
0023 - A3000000 - HLT                      - HLT
0024 - 27300000 - LI R3, 0                 - LI   R3, 0
0025 - 27400190 - LI R4, 400               - LI   R4, digits
0026 - 2750000A - LI R5, 10                - LI   R5, 10
0027 - 29600008 - BEQ R6, R0, +8           - BEQ  R6, R0, pi_zero
0028 - 2960000A - BEQ R6, R0, +10          - BEQ  R6, R0, pi_print
0029 - 04165000 - MOD R1, R6, R5           - MOD  R1, R6, R5
0030 - 03665000 - DIV R6, R6, R5           - DIV  R6, R6, R5
0031 - 20110030 - ADDI R1, R1, 48          - ADDI R1, R1, 48
0032 - 26140000 - SW R1, 0(R4)             - SW   R1, 0(R4)
0033 - 20440001 - ADDI R4, R4, 1           - ADDI R4, R4, 1
0034 - 20330001 - ADDI R3, R3, 1           - ADDI R3, R3, 1
0035 - 4000001C - JMP 28                   - JMP  pi_extract
0036 - 27100030 - LI R1, 48                - LI   R1, 48
0037 - 26140000 - SW R1, 0(R4)             - SW   R1, 0(R4)
0038 - 20330001 - ADDI R3, R3, 1           - ADDI R3, R3, 1
0039 - 272007FF - LI R2, 2047              - LI   R2, 2047
0040 - 27500190 - LI R5, 400               - LI   R5, digits
0041 - 29300005 - BEQ R3, R0, +5           - BEQ  R3, R0, pi_done
0042 - 2033FFFF - ADDI R3, R3, -1          - ADDI R3, R3, -1
0043 - 00153000 - ADD R1, R5, R3           - ADD  R1, R5, R3
0044 - 25110000 - LW R1, 0(R1)             - LW   R1, 0(R1)
0045 - 26120000 - SW R1, 0(R2)             - SW   R1, 0(R2)
0046 - 40000029 - JMP 41                   - JMP  pi_loop
0047 - 42700000 - JR R7                    - JR   R7
0300 - 00000001 - .word 1                  - .word 1,2,3,4,5,6,7,8
0301 - 00000002 - .word 2                  - .word 1,2,3,4,5,6,7,8
0302 - 00000003 - .word 3                  - .word 1,2,3,4,5,6,7,8
0303 - 00000004 - .word 4                  - .word 1,2,3,4,5,6,7,8
0304 - 00000005 - .word 5                  - .word 1,2,3,4,5,6,7,8
0305 - 00000006 - .word 6                  - .word 1,2,3,4,5,6,7,8
0306 - 00000007 - .word 7                  - .word 1,2,3,4,5,6,7,8
0307 - 00000008 - .word 8                  - .word 1,2,3,4,5,6,7,8
0308 - 00000009 - .word 9                  - .word 9,10,11,12,13,14,15,16
0309 - 0000000A - .word 10                 - .word 9,10,11,12,13,14,15,16
0310 - 0000000B - .word 11                 - .word 9,10,11,12,13,14,15,16
0311 - 0000000C - .word 12                 - .word 9,10,11,12,13,14,15,16
0312 - 0000000D - .word 13                 - .word 9,10,11,12,13,14,15,16
0313 - 0000000E - .word 14                 - .word 9,10,11,12,13,14,15,16
0314 - 0000000F - .word 15                 - .word 9,10,11,12,13,14,15,16
0315 - 00000010 - .word 16                 - .word 9,10,11,12,13,14,15,16
0316 - 00000011 - .word 17                 - .word 17,18,19,20,21,22,23,24
0317 - 00000012 - .word 18                 - .word 17,18,19,20,21,22,23,24
0318 - 00000013 - .word 19                 - .word 17,18,19,20,21,22,23,24
0319 - 00000014 - .word 20                 - .word 17,18,19,20,21,22,23,24
0320 - 00000015 - .word 21                 - .word 17,18,19,20,21,22,23,24
0321 - 00000016 - .word 22                 - .word 17,18,19,20,21,22,23,24
0322 - 00000017 - .word 23                 - .word 17,18,19,20,21,22,23,24
0323 - 00000018 - .word 24                 - .word 17,18,19,20,21,22,23,24
0324 - 00000019 - .word 25                 - .word 25,26,27,28,29,30,31,32
0325 - 0000001A - .word 26                 - .word 25,26,27,28,29,30,31,32
0326 - 0000001B - .word 27                 - .word 25,26,27,28,29,30,31,32
0327 - 0000001C - .word 28                 - .word 25,26,27,28,29,30,31,32
0328 - 0000001D - .word 29                 - .word 25,26,27,28,29,30,31,32
0329 - 0000001E - .word 30                 - .word 25,26,27,28,29,30,31,32
0330 - 0000001F - .word 31                 - .word 25,26,27,28,29,30,31,32
0331 - 00000020 - .word 32                 - .word 25,26,27,28,29,30,31,32
0400 - 00000000 - .word 0                  - .word 0,0,0,0,0,0,0,0,0,0,0,0
0401 - 00000000 - .word 0                  - .word 0,0,0,0,0,0,0,0,0,0,0,0
0402 - 00000000 - .word 0                  - .word 0,0,0,0,0,0,0,0,0,0,0,0
0403 - 00000000 - .word 0                  - .word 0,0,0,0,0,0,0,0,0,0,0,0
0404 - 00000000 - .word 0                  - .word 0,0,0,0,0,0,0,0,0,0,0,0
0405 - 00000000 - .word 0                  - .word 0,0,0,0,0,0,0,0,0,0,0,0
0406 - 00000000 - .word 0                  - .word 0,0,0,0,0,0,0,0,0,0,0,0
0407 - 00000000 - .word 0                  - .word 0,0,0,0,0,0,0,0,0,0,0,0
0408 - 00000000 - .word 0                  - .word 0,0,0,0,0,0,0,0,0,0,0,0
0409 - 00000000 - .word 0                  - .word 0,0,0,0,0,0,0,0,0,0,0,0
0410 - 00000000 - .word 0                  - .word 0,0,0,0,0,0,0,0,0,0,0,0
0411 - 00000000 - .word 0                  - .word 0,0,0,0,0,0,0,0,0,0,0,0
