[tick=    0] [PC=   1] [stage=FETCH    ]   FETCH word=0x22100000 (LI R1, 0)
[tick=    1] [PC=   2] [stage=DECODE   ]   DECODE LI R1, 0
[tick=    2] [PC=   2] [stage=EXECUTE  ]   EXECUTE LI R1, 0
[tick=    3] [PC=   2] [stage=WRITEBACK]   WRITEBACK R1 <- 0
[tick=    5] [PC=   2] [stage=FETCH    ]   FETCH word=0x22200020 (LI R2, 32)
[tick=    6] [PC=   3] [stage=DECODE   ]   DECODE LI R2, 32
[tick=    7] [PC=   3] [stage=EXECUTE  ]   EXECUTE LI R2, 32
[tick=    8] [PC=   3] [stage=WRITEBACK]   WRITEBACK R2 <- 32
[tick=   10] [PC=   3] [stage=FETCH    ]   FETCH word=0x2230012C (LI R3, 300)
[tick=   11] [PC=   4] [stage=DECODE   ]   DECODE LI R3, 300
[tick=   12] [PC=   4] [stage=EXECUTE  ]   EXECUTE LI R3, 300
[tick=   13] [PC=   4] [stage=WRITEBACK]   WRITEBACK R3 <- 300
[tick=   15] [PC=   4] [stage=FETCH    ]   FETCH word=0x22400000 (LI R4, 0)
[tick=   16] [PC=   5] [stage=DECODE   ]   DECODE LI R4, 0
[tick=   17] [PC=   5] [stage=EXECUTE  ]   EXECUTE LI R4, 0
[tick=   18] [PC=   5] [stage=WRITEBACK]   WRITEBACK R4 <- 0
[tick=   20] [PC=   5] [stage=FETCH    ]   FETCH word=0x22500000 (LI R5, 0)
[tick=   21] [PC=   6] [stage=DECODE   ]   DECODE LI R5, 0
[tick=   22] [PC=   6] [stage=EXECUTE  ]   EXECUTE LI R5, 0
[tick=   23] [PC=   6] [stage=WRITEBACK]   WRITEBACK R5 <- 0
[tick=   25] [PC=   6] [stage=FETCH    ]   FETCH word=0x35120007 (BGE R1, R2, +7)
[tick=   26] [PC=   7] [stage=DECODE   ]   DECODE BGE R1, R2, +7
[tick=   27] [PC=   7] [stage=EXECUTE  ]     branch test: R1=0 vs R2=32 -> False
[tick=   27] [PC=   7] [stage=EXECUTE  ]   EXECUTE BGE R1, R2, +7
[tick=   29] [PC=   7] [stage=FETCH    ]   FETCH word=0x01631000 (ADD R6, R3, R1)
[tick=   30] [PC=   8] [stage=DECODE   ]   DECODE ADD R6, R3, R1
[tick=   31] [PC=   8] [stage=EXECUTE  ]   EXECUTE ADD R6, R3, R1
[tick=   32] [PC=   8] [stage=WRITEBACK]   WRITEBACK R6 <- 300
[tick=   34] [PC=   8] [stage=FETCH    ]   FETCH word=0x20660000 (LW R6, 0(R6))
[tick=   35] [PC=   9] [stage=DECODE   ]   DECODE LW R6, 0(R6)
[tick=   36] [PC=   9] [stage=EXECUTE  ]   EXECUTE LW R6, 0(R6)
[tick=   37] [PC=   9] [stage=MEMORY   ]   MEMORY LW addr=300 -> 1
[tick=   38] [PC=   9] [stage=WRITEBACK]   WRITEBACK R6 <- 1
[tick=   40] [PC=   9] [stage=FETCH    ]   FETCH word=0x01446000 (ADD R4, R4, R6)
[tick=   41] [PC=  10] [stage=DECODE   ]   DECODE ADD R4, R4, R6
[tick=   42] [PC=  10] [stage=EXECUTE  ]   EXECUTE ADD R4, R4, R6
[tick=   43] [PC=  10] [stage=WRITEBACK]   WRITEBACK R4 <- 1
[tick=   45] [PC=  10] [stage=FETCH    ]   FETCH word=0x03666000 (MUL R6, R6, R6)
[tick=   46] [PC=  11] [stage=DECODE   ]   DECODE MUL R6, R6, R6
[tick=   47] [PC=  11] [stage=EXECUTE  ]   EXECUTE MUL R6, R6, R6
[tick=   48] [PC=  11] [stage=WRITEBACK]   WRITEBACK R6 <- 1
[tick=   50] [PC=  11] [stage=FETCH    ]   FETCH word=0x01556000 (ADD R5, R5, R6)
[tick=   51] [PC=  12] [stage=DECODE   ]   DECODE ADD R5, R5, R6
[tick=   52] [PC=  12] [stage=EXECUTE  ]   EXECUTE ADD R5, R5, R6
[tick=   53] [PC=  12] [stage=WRITEBACK]   WRITEBACK R5 <- 1
[tick=   55] [PC=  12] [stage=FETCH    ]   FETCH word=0x11110001 (ADDI R1, R1, 1)
[tick=   56] [PC=  13] [stage=DECODE   ]   DECODE ADDI R1, R1, 1
[tick=   57] [PC=  13] [stage=EXECUTE  ]   EXECUTE ADDI R1, R1, 1
[tick=   58] [PC=  13] [stage=WRITEBACK]   WRITEBACK R1 <- 1
[tick=   60] [PC=  13] [stage=FETCH    ]   FETCH word=0x40000006 (JMP 6)
[tick=   61] [PC=  14] [stage=DECODE   ]   DECODE JMP 6
[tick=   62] [PC=   6] [stage=EXECUTE  ]   EXECUTE JMP 6
[tick=   64] [PC=   6] [stage=FETCH    ]   FETCH word=0x35120007 (BGE R1, R2, +7)
[tick=   65] [PC=   7] [stage=DECODE   ]   DECODE BGE R1, R2, +7
[tick=   66] [PC=   7] [stage=EXECUTE  ]     branch test: R1=1 vs R2=32 -> False
[tick=   66] [PC=   7] [stage=EXECUTE  ]   EXECUTE BGE R1, R2, +7
[tick=   68] [PC=   7] [stage=FETCH    ]   FETCH word=0x01631000 (ADD R6, R3, R1)
[tick=   69] [PC=   8] [stage=DECODE   ]   DECODE ADD R6, R3, R1
[tick=   70] [PC=   8] [stage=EXECUTE  ]   EXECUTE ADD R6, R3, R1
[tick=   71] [PC=   8] [stage=WRITEBACK]   WRITEBACK R6 <- 301
[tick=   73] [PC=   8] [stage=FETCH    ]   FETCH word=0x20660000 (LW R6, 0(R6))
[tick=   74] [PC=   9] [stage=DECODE   ]   DECODE LW R6, 0(R6)
[tick=   75] [PC=   9] [stage=EXECUTE  ]   EXECUTE LW R6, 0(R6)
[tick=   76] [PC=   9] [stage=MEMORY   ]   MEMORY LW addr=301 -> 2
[tick=   77] [PC=   9] [stage=WRITEBACK]   WRITEBACK R6 <- 2
[tick=   79] [PC=   9] [stage=FETCH    ]   FETCH word=0x01446000 (ADD R4, R4, R6)
[tick=   80] [PC=  10] [stage=DECODE   ]   DECODE ADD R4, R4, R6
[tick=   81] [PC=  10] [stage=EXECUTE  ]   EXECUTE ADD R4, R4, R6
[tick=   82] [PC=  10] [stage=WRITEBACK]   WRITEBACK R4 <- 3
[tick=   84] [PC=  10] [stage=FETCH    ]   FETCH word=0x03666000 (MUL R6, R6, R6)
[tick=   85] [PC=  11] [stage=DECODE   ]   DECODE MUL R6, R6, R6
[tick=   86] [PC=  11] [stage=EXECUTE  ]   EXECUTE MUL R6, R6, R6
[tick=   87] [PC=  11] [stage=WRITEBACK]   WRITEBACK R6 <- 4
[tick=   89] [PC=  11] [stage=FETCH    ]   FETCH word=0x01556000 (ADD R5, R5, R6)
[tick=   90] [PC=  12] [stage=DECODE   ]   DECODE ADD R5, R5, R6
[tick=   91] [PC=  12] [stage=EXECUTE  ]   EXECUTE ADD R5, R5, R6
[tick=   92] [PC=  12] [stage=WRITEBACK]   WRITEBACK R5 <- 5
[tick=   94] [PC=  12] [stage=FETCH    ]   FETCH word=0x11110001 (ADDI R1, R1, 1)
[tick=   95] [PC=  13] [stage=DECODE   ]   DECODE ADDI R1, R1, 1
[tick=   96] [PC=  13] [stage=EXECUTE  ]   EXECUTE ADDI R1, R1, 1
[tick=   97] [PC=  13] [stage=WRITEBACK]   WRITEBACK R1 <- 2
[tick=   99] [PC=  13] [stage=FETCH    ]   FETCH word=0x40000006 (JMP 6)
[tick=  100] [PC=  14] [stage=DECODE   ]   DECODE JMP 6
[tick=  101] [PC=   6] [stage=EXECUTE  ]   EXECUTE JMP 6
[tick=  103] [PC=   6] [stage=FETCH    ]   FETCH word=0x35120007 (BGE R1, R2, +7)
[tick=  104] [PC=   7] [stage=DECODE   ]   DECODE BGE R1, R2, +7
[tick=  105] [PC=   7] [stage=EXECUTE  ]     branch test: R1=2 vs R2=32 -> False
[tick=  105] [PC=   7] [stage=EXECUTE  ]   EXECUTE BGE R1, R2, +7
[tick=  107] [PC=   7] [stage=FETCH    ]   FETCH word=0x01631000 (ADD R6, R3, R1)
[tick=  108] [PC=   8] [stage=DECODE   ]   DECODE ADD R6, R3, R1
[tick=  109] [PC=   8] [stage=EXECUTE  ]   EXECUTE ADD R6, R3, R1
[tick=  110] [PC=   8] [stage=WRITEBACK]   WRITEBACK R6 <- 302
[tick=  112] [PC=   8] [stage=FETCH    ]   FETCH word=0x20660000 (LW R6, 0(R6))
[tick=  113] [PC=   9] [stage=DECODE   ]   DECODE LW R6, 0(R6)
[tick=  114] [PC=   9] [stage=EXECUTE  ]   EXECUTE LW R6, 0(R6)
[tick=  115] [PC=   9] [stage=MEMORY   ]   MEMORY LW addr=302 -> 3
[tick=  116] [PC=   9] [stage=WRITEBACK]   WRITEBACK R6 <- 3
[tick=  118] [PC=   9] [stage=FETCH    ]   FETCH word=0x01446000 (ADD R4, R4, R6)
[tick=  119] [PC=  10] [stage=DECODE   ]   DECODE ADD R4, R4, R6
[tick=  120] [PC=  10] [stage=EXECUTE  ]   EXECUTE ADD R4, R4, R6
[tick=  121] [PC=  10] [stage=WRITEBACK]   WRITEBACK R4 <- 6
[tick=  123] [PC=  10] [stage=FETCH    ]   FETCH word=0x03666000 (MUL R6, R6, R6)
[tick=  124] [PC=  11] [stage=DECODE   ]   DECODE MUL R6, R6, R6
[tick=  125] [PC=  11] [stage=EXECUTE  ]   EXECUTE MUL R6, R6, R6
[tick=  126] [PC=  11] [stage=WRITEBACK]   WRITEBACK R6 <- 9
[tick=  128] [PC=  11] [stage=FETCH    ]   FETCH word=0x01556000 (ADD R5, R5, R6)
[tick=  129] [PC=  12] [stage=DECODE   ]   DECODE ADD R5, R5, R6
[tick=  130] [PC=  12] [stage=EXECUTE  ]   EXECUTE ADD R5, R5, R6
[tick=  131] [PC=  12] [stage=WRITEBACK]   WRITEBACK R5 <- 14
[tick=  133] [PC=  12] [stage=FETCH    ]   FETCH word=0x11110001 (ADDI R1, R1, 1)
[tick=  134] [PC=  13] [stage=DECODE   ]   DECODE ADDI R1, R1, 1
[tick=  135] [PC=  13] [stage=EXECUTE  ]   EXECUTE ADDI R1, R1, 1
[tick=  136] [PC=  13] [stage=WRITEBACK]   WRITEBACK R1 <- 3
[tick=  138] [PC=  13] [stage=FETCH    ]   FETCH word=0x40000006 (JMP 6)
[tick=  139] [PC=  14] [stage=DECODE   ]   DECODE JMP 6
[tick=  140] [PC=   6] [stage=EXECUTE  ]   EXECUTE JMP 6
[tick=  142] [PC=   6] [stage=FETCH    ]   FETCH word=0x35120007 (BGE R1, R2, +7)
[tick=  143] [PC=   7] [stage=DECODE   ]   DECODE BGE R1, R2, +7
[tick=  144] [PC=   7] [stage=EXECUTE  ]     branch test: R1=3 vs R2=32 -> False
[tick=  144] [PC=   7] [stage=EXECUTE  ]   EXECUTE BGE R1, R2, +7
[tick=  146] [PC=   7] [stage=FETCH    ]   FETCH word=0x01631000 (ADD R6, R3, R1)
[tick=  147] [PC=   8] [stage=DECODE   ]   DECODE ADD R6, R3, R1
[tick=  148] [PC=   8] [stage=EXECUTE  ]   EXECUTE ADD R6, R3, R1
[tick=  149] [PC=   8] [stage=WRITEBACK]   WRITEBACK R6 <- 303
[tick=  151] [PC=   8] [stage=FETCH    ]   FETCH word=0x20660000 (LW R6, 0(R6))
[tick=  152] [PC=   9] [stage=DECODE   ]   DECODE LW R6, 0(R6)
[tick=  153] [PC=   9] [stage=EXECUTE  ]   EXECUTE LW R6, 0(R6)
[tick=  154] [PC=   9] [stage=MEMORY   ]   MEMORY LW addr=303 -> 4
[tick=  155] [PC=   9] [stage=WRITEBACK]   WRITEBACK R6 <- 4
[tick=  157] [PC=   9] [stage=FETCH    ]   FETCH word=0x01446000 (ADD R4, R4, R6)
[tick=  158] [PC=  10] [stage=DECODE   ]   DECODE ADD R4, R4, R6
[tick=  159] [PC=  10] [stage=EXECUTE  ]   EXECUTE ADD R4, R4, R6
[tick=  160] [PC=  10] [stage=WRITEBACK]   WRITEBACK R4 <- 10
[tick=  162] [PC=  10] [stage=FETCH    ]   FETCH word=0x03666000 (MUL R6, R6, R6)
[tick=  163] [PC=  11] [stage=DECODE   ]   DECODE MUL R6, R6, R6
[tick=  164] [PC=  11] [stage=EXECUTE  ]   EXECUTE MUL R6, R6, R6
[tick=  165] [PC=  11] [stage=WRITEBACK]   WRITEBACK R6 <- 16
[tick=  167] [PC=  11] [stage=FETCH    ]   FETCH word=0x01556000 (ADD R5, R5, R6)
[tick=  168] [PC=  12] [stage=DECODE   ]   DECODE ADD R5, R5, R6
[tick=  169] [PC=  12] [stage=EXECUTE  ]   EXECUTE ADD R5, R5, R6
[tick=  170] [PC=  12] [stage=WRITEBACK]   WRITEBACK R5 <- 30
[tick=  172] [PC=  12] [stage=FETCH    ]   FETCH word=0x11110001 (ADDI R1, R1, 1)
[tick=  173] [PC=  13] [stage=DECODE   ]   DECODE ADDI R1, R1, 1
[tick=  174] [PC=  13] [stage=EXECUTE  ]   EXECUTE ADDI R1, R1, 1
[tick=  175] [PC=  13] [stage=WRITEBACK]   WRITEBACK R1 <- 4
[tick=  177] [PC=  13] [stage=FETCH    ]   FETCH word=0x40000006 (JMP 6)
[tick=  178] [PC=  14] [stage=DECODE   ]   DECODE JMP 6
[tick=  179] [PC=   6] [stage=EXECUTE  ]   EXECUTE JMP 6
[tick=  181] [PC=   6] [stage=FETCH    ]   FETCH word=0x35120007 (BGE R1, R2, +7)
[tick=  182] [PC=   7] [stage=DECODE   ]   DECODE BGE R1, R2, +7
[tick=  183] [PC=   7] [stage=EXECUTE  ]     branch test: R1=4 vs R2=32 -> False
[tick=  183] [PC=   7] [stage=EXECUTE  ]   EXECUTE BGE R1, R2, +7
[tick=  185] [PC=   7] [stage=FETCH    ]   FETCH word=0x01631000 (ADD R6, R3, R1)
[tick=  186] [PC=   8] [stage=DECODE   ]   DECODE ADD R6, R3, R1
[tick=  187] [PC=   8] [stage=EXECUTE  ]   EXECUTE ADD R6, R3, R1
[tick=  188] [PC=   8] [stage=WRITEBACK]   WRITEBACK R6 <- 304
[tick=  190] [PC=   8] [stage=FETCH    ]   FETCH word=0x20660000 (LW R6, 0(R6))
[tick=  191] [PC=   9] [stage=DECODE   ]   DECODE LW R6, 0(R6)
[tick=  192] [PC=   9] [stage=EXECUTE  ]   EXECUTE LW R6, 0(R6)
[tick=  193] [PC=   9] [stage=MEMORY   ]   MEMORY LW addr=304 -> 5
[tick=  194] [PC=   9] [stage=WRITEBACK]   WRITEBACK R6 <- 5
[tick=  196] [PC=   9] [stage=FETCH    ]   FETCH word=0x01446000 (ADD R4, R4, R6)
[tick=  197] [PC=  10] [stage=DECODE   ]   DECODE ADD R4, R4, R6
[tick=  198] [PC=  10] [stage=EXECUTE  ]   EXECUTE ADD R4, R4, R6
[tick=  199] [PC=  10] [stage=WRITEBACK]   WRITEBACK R4 <- 15
[tick=  201] [PC=  10] [stage=FETCH    ]   FETCH word=0x03666000 (MUL R6, R6, R6)
[tick=  202] [PC=  11] [stage=DECODE   ]   DECODE MUL R6, R6, R6
[tick=  203] [PC=  11] [stage=EXECUTE  ]   EXECUTE MUL R6, R6, R6
[tick=  204] [PC=  11] [stage=WRITEBACK]   WRITEBACK R6 <- 25
[tick=  206] [PC=  11] [stage=FETCH    ]   FETCH word=0x01556000 (ADD R5, R5, R6)
[tick=  207] [PC=  12] [stage=DECODE   ]   DECODE ADD R5, R5, R6
[tick=  208] [PC=  12] [stage=EXECUTE  ]   EXECUTE ADD R5, R5, R6
[tick=  209] [PC=  12] [stage=WRITEBACK]   WRITEBACK R5 <- 55
[tick=  211] [PC=  12] [stage=FETCH    ]   FETCH word=0x11110001 (ADDI R1, R1, 1)
[tick=  212] [PC=  13] [stage=DECODE   ]   DECODE ADDI R1, R1, 1
[tick=  213] [PC=  13] [stage=EXECUTE  ]   EXECUTE ADDI R1, R1, 1
[tick=  214] [PC=  13] [stage=WRITEBACK]   WRITEBACK R1 <- 5
[tick=  216] [PC=  13] [stage=FETCH    ]   FETCH word=0x40000006 (JMP 6)
[tick=  217] [PC=  14] [stage=DECODE   ]   DECODE JMP 6
[tick=  218] [PC=   6] [stage=EXECUTE  ]   EXECUTE JMP 6
[tick=  220] [PC=   6] [stage=FETCH    ]   FETCH word=0x35120007 (BGE R1, R2, +7)
[tick=  221] [PC=   7] [stage=DECODE   ]   DECODE BGE R1, R2, +7
[tick=  222] [PC=   7] [stage=EXECUTE  ]     branch test: R1=5 vs R2=32 -> False
[tick=  222] [PC=   7] [stage=EXECUTE  ]   EXECUTE BGE R1, R2, +7
[tick=  224] [PC=   7] [stage=FETCH    ]   FETCH word=0x01631000 (ADD R6, R3, R1)
[tick=  225] [PC=   8] [stage=DECODE   ]   DECODE ADD R6, R3, R1
[tick=  226] [PC=   8] [stage=EXECUTE  ]   EXECUTE ADD R6, R3, R1
[tick=  227] [PC=   8] [stage=WRITEBACK]   WRITEBACK R6 <- 305
[tick=  229] [PC=   8] [stage=FETCH    ]   FETCH word=0x20660000 (LW R6, 0(R6))
[tick=  230] [PC=   9] [stage=DECODE   ]   DECODE LW R6, 0(R6)
[tick=  231] [PC=   9] [stage=EXECUTE  ]   EXECUTE LW R6, 0(R6)
[tick=  232] [PC=   9] [stage=MEMORY   ]   MEMORY LW addr=305 -> 6
[tick=  233] [PC=   9] [stage=WRITEBACK]   WRITEBACK R6 <- 6
[tick=  235] [PC=   9] [stage=FETCH    ]   FETCH word=0x01446000 (ADD R4, R4, R6)
[tick=  236] [PC=  10] [stage=DECODE   ]   DECODE ADD R4, R4, R6
[tick=  237] [PC=  10] [stage=EXECUTE  ]   EXECUTE ADD R4, R4, R6
[tick=  238] [PC=  10] [stage=WRITEBACK]   WRITEBACK R4 <- 21
[tick=  240] [PC=  10] [stage=FETCH    ]   FETCH word=0x03666000 (MUL R6, R6, R6)
[tick=  241] [PC=  11] [stage=DECODE   ]   DECODE MUL R6, R6, R6
[tick=  242] [PC=  11] [stage=EXECUTE  ]   EXECUTE MUL R6, R6, R6
[tick=  243] [PC=  11] [stage=WRITEBACK]   WRITEBACK R6 <- 36
[tick=  245] [PC=  11] [stage=FETCH    ]   FETCH word=0x01556000 (ADD R5, R5, R6)
[tick=  246] [PC=  12] [stage=DECODE   ]   DECODE ADD R5, R5, R6
[tick=  247] [PC=  12] [stage=EXECUTE  ]   EXECUTE ADD R5, R5, R6
[tick=  248] [PC=  12] [stage=WRITEBACK]   WRITEBACK R5 <- 91
[tick=  250] [PC=  12] [stage=FETCH    ]   FETCH word=0x11110001 (ADDI R1, R1, 1)
[tick=  251] [PC=  13] [stage=DECODE   ]   DECODE ADDI R1, R1, 1
[tick=  252] [PC=  13] [stage=EXECUTE  ]   EXECUTE ADDI R1, R1, 1
[tick=  253] [PC=  13] [stage=WRITEBACK]   WRITEBACK R1 <- 6
[tick=  255] [PC=  13] [stage=FETCH    ]   FETCH word=0x40000006 (JMP 6)
[tick=  256] [PC=  14] [stage=DECODE   ]   DECODE JMP 6
[tick=  257] [PC=   6] [stage=EXECUTE  ]   EXECUTE JMP 6
[tick=  259] [PC=   6] [stage=FETCH    ]   FETCH word=0x35120007 (BGE R1, R2, +7)
[tick=  260] [PC=   7] [stage=DECODE   ]   DECODE BGE R1, R2, +7
[tick=  261] [PC=   7] [stage=EXECUTE  ]     branch test: R1=6 vs R2=32 -> False
[tick=  261] [PC=   7] [stage=EXECUTE  ]   EXECUTE BGE R1, R2, +7
[tick=  263] [PC=   7] [stage=FETCH    ]   FETCH word=0x01631000 (ADD R6, R3, R1)
[tick=  264] [PC=   8] [stage=DECODE   ]   DECODE ADD R6, R3, R1
[tick=  265] [PC=   8] [stage=EXECUTE  ]   EXECUTE ADD R6, R3, R1
[tick=  266] [PC=   8] [stage=WRITEBACK]   WRITEBACK R6 <- 306
[tick=  268] [PC=   8] [stage=FETCH    ]   FETCH word=0x20660000 (LW R6, 0(R6))
[tick=  269] [PC=   9] [stage=DECODE   ]   DECODE LW R6, 0(R6)
[tick=  270] [PC=   9] [stage=EXECUTE  ]   EXECUTE LW R6, 0(R6)
[tick=  271] [PC=   9] [stage=MEMORY   ]   MEMORY LW addr=306 -> 7
[tick=  272] [PC=   9] [stage=WRITEBACK]   WRITEBACK R6 <- 7
[tick=  274] [PC=   9] [stage=FETCH    ]   FETCH word=0x01446000 (ADD R4, R4, R6)
[tick=  275] [PC=  10] [stage=DECODE   ]   DECODE ADD R4, R4, R6
[tick=  276] [PC=  10] [stage=EXECUTE  ]   EXECUTE ADD R4, R4, R6
[tick=  277] [PC=  10] [stage=WRITEBACK]   WRITEBACK R4 <- 28
[tick=  279] [PC=  10] [stage=FETCH    ]   FETCH word=0x03666000 (MUL R6, R6, R6)
[tick=  280] [PC=  11] [stage=DECODE   ]   DECODE MUL R6, R6, R6
[tick=  281] [PC=  11] [stage=EXECUTE  ]   EXECUTE MUL R6, R6, R6
[tick=  282] [PC=  11] [stage=WRITEBACK]   WRITEBACK R6 <- 49
[tick=  284] [PC=  11] [stage=FETCH    ]   FETCH word=0x01556000 (ADD R5, R5, R6)
[tick=  285] [PC=  12] [stage=DECODE   ]   DECODE ADD R5, R5, R6
[tick=  286] [PC=  12] [stage=EXECUTE  ]   EXECUTE ADD R5, R5, R6
[tick=  287] [PC=  12] [stage=WRITEBACK]   WRITEBACK R5 <- 140
[tick=  289] [PC=  12] [stage=FETCH    ]   FETCH word=0x11110001 (ADDI R1, R1, 1)
[tick=  290] [PC=  13] [stage=DECODE   ]   DECODE ADDI R1, R1, 1
[tick=  291] [PC=  13] [stage=EXECUTE  ]   EXECUTE ADDI R1, R1, 1
[tick=  292] [PC=  13] [stage=WRITEBACK]   WRITEBACK R1 <- 7
[tick=  294] [PC=  13] [stage=FETCH    ]   FETCH word=0x40000006 (JMP 6)
[tick=  295] [PC=  14] [stage=DECODE   ]   DECODE JMP 6
[tick=  296] [PC=   6] [stage=EXECUTE  ]   EXECUTE JMP 6
[tick=  298] [PC=   6] [stage=FETCH    ]   FETCH word=0x35120007 (BGE R1, R2, +7)
[tick=  299] [PC=   7] [stage=DECODE   ]   DECODE BGE R1, R2, +7
[tick=  300] [PC=   7] [stage=EXECUTE  ]     branch test: R1=7 vs R2=32 -> False
[tick=  300] [PC=   7] [stage=EXECUTE  ]   EXECUTE BGE R1, R2, +7
[tick=  302] [PC=   7] [stage=FETCH    ]   FETCH word=0x01631000 (ADD R6, R3, R1)
[tick=  303] [PC=   8] [stage=DECODE   ]   DECODE ADD R6, R3, R1
[tick=  304] [PC=   8] [stage=EXECUTE  ]   EXECUTE ADD R6, R3, R1
[tick=  305] [PC=   8] [stage=WRITEBACK]   WRITEBACK R6 <- 307
[tick=  307] [PC=   8] [stage=FETCH    ]   FETCH word=0x20660000 (LW R6, 0(R6))
[tick=  308] [PC=   9] [stage=DECODE   ]   DECODE LW R6, 0(R6)
[tick=  309] [PC=   9] [stage=EXECUTE  ]   EXECUTE LW R6, 0(R6)
[tick=  310] [PC=   9] [stage=MEMORY   ]   MEMORY LW addr=307 -> 8
[tick=  311] [PC=   9] [stage=WRITEBACK]   WRITEBACK R6 <- 8
[tick=  313] [PC=   9] [stage=FETCH    ]   FETCH word=0x01446000 (ADD R4, R4, R6)
[tick=  314] [PC=  10] [stage=DECODE   ]   DECODE ADD R4, R4, R6
[tick=  315] [PC=  10] [stage=EXECUTE  ]   EXECUTE ADD R4, R4, R6
[tick=  316] [PC=  10] [stage=WRITEBACK]   WRITEBACK R4 <- 36
[tick=  318] [PC=  10] [stage=FETCH    ]   FETCH word=0x03666000 (MUL R6, R6, R6)
[tick=  319] [PC=  11] [stage=DECODE   ]   DECODE MUL R6, R6, R6
[tick=  320] [PC=  11] [stage=EXECUTE  ]   EXECUTE MUL R6, R6, R6
[tick=  321] [PC=  11] [stage=WRITEBACK]   WRITEBACK R6 <- 64
[tick=  323] [PC=  11] [stage=FETCH    ]   FETCH word=0x01556000 (ADD R5, R5, R6)
[tick=  324] [PC=  12] [stage=DECODE   ]   DECODE ADD R5, R5, R6
[tick=  325] [PC=  12] [stage=EXECUTE  ]   EXECUTE ADD R5, R5, R6
[tick=  326] [PC=  12] [stage=WRITEBACK]   WRITEBACK R5 <- 204
[tick=  328] [PC=  12] [stage=FETCH    ]   FETCH word=0x11110001 (ADDI R1, R1, 1)
[tick=  329] [PC=  13] [stage=DECODE   ]   DECODE ADDI R1, R1, 1
[tick=  330] [PC=  13] [stage=EXECUTE  ]   EXECUTE ADDI R1, R1, 1
[tick=  331] [PC=  13] [stage=WRITEBACK]   WRITEBACK R1 <- 8
[tick=  333] [PC=  13] [stage=FETCH    ]   FETCH word=0x40000006 (JMP 6)
[tick=  334] [PC=  14] [stage=DECODE   ]   DECODE JMP 6
[tick=  335] [PC=   6] [stage=EXECUTE  ]   EXECUTE JMP 6
[tick=  337] [PC=   6] [stage=FETCH    ]   FETCH word=0x35120007 (BGE R1, R2, +7)
[tick=  338] [PC=   7] [stage=DECODE   ]   DECODE BGE R1, R2, +7
[tick=  339] [PC=   7] [stage=EXECUTE  ]     branch test: R1=8 vs R2=32 -> False
[tick=  339] [PC=   7] [stage=EXECUTE  ]   EXECUTE BGE R1, R2, +7
[tick=  341] [PC=   7] [stage=FETCH    ]   FETCH word=0x01631000 (ADD R6, R3, R1)
[tick=  342] [PC=   8] [stage=DECODE   ]   DECODE ADD R6, R3, R1
[tick=  343] [PC=   8] [stage=EXECUTE  ]   EXECUTE ADD R6, R3, R1
[tick=  344] [PC=   8] [stage=WRITEBACK]   WRITEBACK R6 <- 308
[tick=  346] [PC=   8] [stage=FETCH    ]   FETCH word=0x20660000 (LW R6, 0(R6))
[tick=  347] [PC=   9] [stage=DECODE   ]   DECODE LW R6, 0(R6)
[tick=  348] [PC=   9] [stage=EXECUTE  ]   EXECUTE LW R6, 0(R6)
[tick=  349] [PC=   9] [stage=MEMORY   ]   MEMORY LW addr=308 -> 9
[tick=  350] [PC=   9] [stage=WRITEBACK]   WRITEBACK R6 <- 9
[tick=  352] [PC=   9] [stage=FETCH    ]   FETCH word=0x01446000 (ADD R4, R4, R6)
[tick=  353] [PC=  10] [stage=DECODE   ]   DECODE ADD R4, R4, R6
[tick=  354] [PC=  10] [stage=EXECUTE  ]   EXECUTE ADD R4, R4, R6
[tick=  355] [PC=  10] [stage=WRITEBACK]   WRITEBACK R4 <- 45
[tick=  357] [PC=  10] [stage=FETCH    ]   FETCH word=0x03666000 (MUL R6, R6, R6)
[tick=  358] [PC=  11] [stage=DECODE   ]   DECODE MUL R6, R6, R6
[tick=  359] [PC=  11] [stage=EXECUTE  ]   EXECUTE MUL R6, R6, R6
[tick=  360] [PC=  11] [stage=WRITEBACK]   WRITEBACK R6 <- 81
[tick=  362] [PC=  11] [stage=FETCH    ]   FETCH word=0x01556000 (ADD R5, R5, R6)
[tick=  363] [PC=  12] [stage=DECODE   ]   DECODE ADD R5, R5, R6
[tick=  364] [PC=  12] [stage=EXECUTE  ]   EXECUTE ADD R5, R5, R6
[tick=  365] [PC=  12] [stage=WRITEBACK]   WRITEBACK R5 <- 285
[tick=  367] [PC=  12] [stage=FETCH    ]   FETCH word=0x11110001 (ADDI R1, R1, 1)
[tick=  368] [PC=  13] [stage=DECODE   ]   DECODE ADDI R1, R1, 1
[tick=  369] [PC=  13] [stage=EXECUTE  ]   EXECUTE ADDI R1, R1, 1
[tick=  370] [PC=  13] [stage=WRITEBACK]   WRITEBACK R1 <- 9
[tick=  372] [PC=  13] [stage=FETCH    ]   FETCH word=0x40000006 (JMP 6)
[tick=  373] [PC=  14] [stage=DECODE   ]   DECODE JMP 6
[tick=  374] [PC=   6] [stage=EXECUTE  ]   EXECUTE JMP 6
[tick=  376] [PC=   6] [stage=FETCH    ]   FETCH word=0x35120007 (BGE R1, R2, +7)
[tick=  377] [PC=   7] [stage=DECODE   ]   DECODE BGE R1, R2, +7
[tick=  378] [PC=   7] [stage=EXECUTE  ]     branch test: R1=9 vs R2=32 -> False
[tick=  378] [PC=   7] [stage=EXECUTE  ]   EXECUTE BGE R1, R2, +7
[tick=  380] [PC=   7] [stage=FETCH    ]   FETCH word=0x01631000 (ADD R6, R3, R1)
[tick=  381] [PC=   8] [stage=DECODE   ]   DECODE ADD R6, R3, R1
[tick=  382] [PC=   8] [stage=EXECUTE  ]   EXECUTE ADD R6, R3, R1
[tick=  383] [PC=   8] [stage=WRITEBACK]   WRITEBACK R6 <- 309
[tick=  385] [PC=   8] [stage=FETCH    ]   FETCH word=0x20660000 (LW R6, 0(R6))
[tick=  386] [PC=   9] [stage=DECODE   ]   DECODE LW R6, 0(R6)
[tick=  387] [PC=   9] [stage=EXECUTE  ]   EXECUTE LW R6, 0(R6)
[tick=  388] [PC=   9] [stage=MEMORY   ]   MEMORY LW addr=309 -> 10
[tick=  389] [PC=   9] [stage=WRITEBACK]   WRITEBACK R6 <- 10
[tick=  391] [PC=   9] [stage=FETCH    ]   FETCH word=0x01446000 (ADD R4, R4, R6)
[tick=  392] [PC=  10] [stage=DECODE   ]   DECODE ADD R4, R4, R6
[tick=  393] [PC=  10] [stage=EXECUTE  ]   EXECUTE ADD R4, R4, R6
[tick=  394] [PC=  10] [stage=WRITEBACK]   WRITEBACK R4 <- 55
[tick=  396] [PC=  10] [stage=FETCH    ]   FETCH word=0x03666000 (MUL R6, R6, R6)
[tick=  397] [PC=  11] [stage=DECODE   ]   DECODE MUL R6, R6, R6
[tick=  398] [PC=  11] [stage=EXECUTE  ]   EXECUTE MUL R6, R6, R6
[tick=  399] [PC=  11] [stage=WRITEBACK]   WRITEBACK R6 <- 100
[tick=  401] [PC=  11] [stage=FETCH    ]   FETCH word=0x01556000 (ADD R5, R5, R6)
[tick=  402] [PC=  12] [stage=DECODE   ]   DECODE ADD R5, R5, R6
[tick=  403] [PC=  12] [stage=EXECUTE  ]   EXECUTE ADD R5, R5, R6
[tick=  404] [PC=  12] [stage=WRITEBACK]   WRITEBACK R5 <- 385
[tick=  406] [PC=  12] [stage=FETCH    ]   FETCH word=0x11110001 (ADDI R1, R1, 1)
[tick=  407] [PC=  13] [stage=DECODE   ]   DECODE ADDI R1, R1, 1
[tick=  408] [PC=  13] [stage=EXECUTE  ]   EXECUTE ADDI R1, R1, 1
[tick=  409] [PC=  13] [stage=WRITEBACK]   WRITEBACK R1 <- 10
[tick=  411] [PC=  13] [stage=FETCH    ]   FETCH word=0x40000006 (JMP 6)
[tick=  412] [PC=  14] [stage=DECODE   ]   DECODE JMP 6
[tick=  413] [PC=   6] [stage=EXECUTE  ]   EXECUTE JMP 6
[tick=  415] [PC=   6] [stage=FETCH    ]   FETCH word=0x35120007 (BGE R1, R2, +7)
[tick=  416] [PC=   7] [stage=DECODE   ]   DECODE BGE R1, R2, +7
[tick=  417] [PC=   7] [stage=EXECUTE  ]     branch test: R1=10 vs R2=32 -> False
[tick=  417] [PC=   7] [stage=EXECUTE  ]   EXECUTE BGE R1, R2, +7
[tick=  419] [PC=   7] [stage=FETCH    ]   FETCH word=0x01631000 (ADD R6, R3, R1)
[tick=  420] [PC=   8] [stage=DECODE   ]   DECODE ADD R6, R3, R1
[tick=  421] [PC=   8] [stage=EXECUTE  ]   EXECUTE ADD R6, R3, R1
[tick=  422] [PC=   8] [stage=WRITEBACK]   WRITEBACK R6 <- 310
[tick=  424] [PC=   8] [stage=FETCH    ]   FETCH word=0x20660000 (LW R6, 0(R6))
[tick=  425] [PC=   9] [stage=DECODE   ]   DECODE LW R6, 0(R6)
[tick=  426] [PC=   9] [stage=EXECUTE  ]   EXECUTE LW R6, 0(R6)
[tick=  427] [PC=   9] [stage=MEMORY   ]   MEMORY LW addr=310 -> 11
[tick=  428] [PC=   9] [stage=WRITEBACK]   WRITEBACK R6 <- 11
[tick=  430] [PC=   9] [stage=FETCH    ]   FETCH word=0x01446000 (ADD R4, R4, R6)
[tick=  431] [PC=  10] [stage=DECODE   ]   DECODE ADD R4, R4, R6
[tick=  432] [PC=  10] [stage=EXECUTE  ]   EXECUTE ADD R4, R4, R6
[tick=  433] [PC=  10] [stage=WRITEBACK]   WRITEBACK R4 <- 66
[tick=  435] [PC=  10] [stage=FETCH    ]   FETCH word=0x03666000 (MUL R6, R6, R6)
[tick=  436] [PC=  11] [stage=DECODE   ]   DECODE MUL R6, R6, R6
[tick=  437] [PC=  11] [stage=EXECUTE  ]   EXECUTE MUL R6, R6, R6
[tick=  438] [PC=  11] [stage=WRITEBACK]   WRITEBACK R6 <- 121
[tick=  440] [PC=  11] [stage=FETCH    ]   FETCH word=0x01556000 (ADD R5, R5, R6)
[tick=  441] [PC=  12] [stage=DECODE   ]   DECODE ADD R5, R5, R6
[tick=  442] [PC=  12] [stage=EXECUTE  ]   EXECUTE ADD R5, R5, R6
[tick=  443] [PC=  12] [stage=WRITEBACK]   WRITEBACK R5 <- 506
[tick=  445] [PC=  12] [stage=FETCH    ]   FETCH word=0x11110001 (ADDI R1, R1, 1)
[tick=  446] [PC=  13] [stage=DECODE   ]   DECODE ADDI R1, R1, 1
[tick=  447] [PC=  13] [stage=EXECUTE  ]   EXECUTE ADDI R1, R1, 1
[tick=  448] [PC=  13] [stage=WRITEBACK]   WRITEBACK R1 <- 11
[tick=  450] [PC=  13] [stage=FETCH    ]   FETCH word=0x40000006 (JMP 6)
[tick=  451] [PC=  14] [stage=DECODE   ]   DECODE JMP 6
[tick=  452] [PC=   6] [stage=EXECUTE  ]   EXECUTE JMP 6
[tick=  454] [PC=   6] [stage=FETCH    ]   FETCH word=0x35120007 (BGE R1, R2, +7)
[tick=  455] [PC=   7] [stage=DECODE   ]   DECODE BGE R1, R2, +7
[tick=  456] [PC=   7] [stage=EXECUTE  ]     branch test: R1=11 vs R2=32 -> False
[tick=  456] [PC=   7] [stage=EXECUTE  ]   EXECUTE BGE R1, R2, +7
[tick=  458] [PC=   7] [stage=FETCH    ]   FETCH word=0x01631000 (ADD R6, R3, R1)
[tick=  459] [PC=   8] [stage=DECODE   ]   DECODE ADD R6, R3, R1
[tick=  460] [PC=   8] [stage=EXECUTE  ]   EXECUTE ADD R6, R3, R1
[tick=  461] [PC=   8] [stage=WRITEBACK]   WRITEBACK R6 <- 311
[tick=  463] [PC=   8] [stage=FETCH    ]   FETCH word=0x20660000 (LW R6, 0(R6))
[tick=  464] [PC=   9] [stage=DECODE   ]   DECODE LW R6, 0(R6)
[tick=  465] [PC=   9] [stage=EXECUTE  ]   EXECUTE LW R6, 0(R6)
[tick=  466] [PC=   9] [stage=MEMORY   ]   MEMORY LW addr=311 -> 12
[tick=  467] [PC=   9] [stage=WRITEBACK]   WRITEBACK R6 <- 12
[tick=  469] [PC=   9] [stage=FETCH    ]   FETCH word=0x01446000 (ADD R4, R4, R6)
[tick=  470] [PC=  10] [stage=DECODE   ]   DECODE ADD R4, R4, R6
[tick=  471] [PC=  10] [stage=EXECUTE  ]   EXECUTE ADD R4, R4, R6
[tick=  472] [PC=  10] [stage=WRITEBACK]   WRITEBACK R4 <- 78
[tick=  474] [PC=  10] [stage=FETCH    ]   FETCH word=0x03666000 (MUL R6, R6, R6)
[tick=  475] [PC=  11] [stage=DECODE   ]   DECODE MUL R6, R6, R6
[tick=  476] [PC=  11] [stage=EXECUTE  ]   EXECUTE MUL R6, R6, R6
[tick=  477] [PC=  11] [stage=WRITEBACK]   WRITEBACK R6 <- 144
[tick=  479] [PC=  11] [stage=FETCH    ]   FETCH word=0x01556000 (ADD R5, R5, R6)
[tick=  480] [PC=  12] [stage=DECODE   ]   DECODE ADD R5, R5, R6
[tick=  481] [PC=  12] [stage=EXECUTE  ]   EXECUTE ADD R5, R5, R6
[tick=  482] [PC=  12] [stage=WRITEBACK]   WRITEBACK R5 <- 650
[tick=  484] [PC=  12] [stage=FETCH    ]   FETCH word=0x11110001 (ADDI R1, R1, 1)
[tick=  485] [PC=  13] [stage=DECODE   ]   DECODE ADDI R1, R1, 1
[tick=  486] [PC=  13] [stage=EXECUTE  ]   EXECUTE ADDI R1, R1, 1
[tick=  487] [PC=  13] [stage=WRITEBACK]   WRITEBACK R1 <- 12
[tick=  489] [PC=  13] [stage=FETCH    ]   FETCH word=0x40000006 (JMP 6)
[tick=  490] [PC=  14] [stage=DECODE   ]   DECODE JMP 6
[tick=  491] [PC=   6] [stage=EXECUTE  ]   EXECUTE JMP 6
[tick=  493] [PC=   6] [stage=FETCH    ]   FETCH word=0x35120007 (BGE R1, R2, +7)
[tick=  494] [PC=   7] [stage=DECODE   ]   DECODE BGE R1, R2, +7
[tick=  495] [PC=   7] [stage=EXECUTE  ]     branch test: R1=12 vs R2=32 -> False
[tick=  495] [PC=   7] [stage=EXECUTE  ]   EXECUTE BGE R1, R2, +7
[tick=  497] [PC=   7] [stage=FETCH    ]   FETCH word=0x01631000 (ADD R6, R3, R1)
[tick=  498] [PC=   8] [stage=DECODE   ]   DECODE ADD R6, R3, R1
[tick=  499] [PC=   8] [stage=EXECUTE  ]   EXECUTE ADD R6, R3, R1
[tick=  500] [PC=   8] [stage=WRITEBACK]   WRITEBACK R6 <- 312
[tick=  502] [PC=   8] [stage=FETCH    ]   FETCH word=0x20660000 (LW R6, 0(R6))
[tick=  503] [PC=   9] [stage=DECODE   ]   DECODE LW R6, 0(R6)
[tick=  504] [PC=   9] [stage=EXECUTE  ]   EXECUTE LW R6, 0(R6)
[tick=  505] [PC=   9] [stage=MEMORY   ]   MEMORY LW addr=312 -> 13
[tick=  506] [PC=   9] [stage=WRITEBACK]   WRITEBACK R6 <- 13
[tick=  508] [PC=   9] [stage=FETCH    ]   FETCH word=0x01446000 (ADD R4, R4, R6)
[tick=  509] [PC=  10] [stage=DECODE   ]   DECODE ADD R4, R4, R6
[tick=  510] [PC=  10] [stage=EXECUTE  ]   EXECUTE ADD R4, R4, R6
[tick=  511] [PC=  10] [stage=WRITEBACK]   WRITEBACK R4 <- 91
[tick=  513] [PC=  10] [stage=FETCH    ]   FETCH word=0x03666000 (MUL R6, R6, R6)
[tick=  514] [PC=  11] [stage=DECODE   ]   DECODE MUL R6, R6, R6
[tick=  515] [PC=  11] [stage=EXECUTE  ]   EXECUTE MUL R6, R6, R6
[tick=  516] [PC=  11] [stage=WRITEBACK]   WRITEBACK R6 <- 169
[tick=  518] [PC=  11] [stage=FETCH    ]   FETCH word=0x01556000 (ADD R5, R5, R6)
[tick=  519] [PC=  12] [stage=DECODE   ]   DECODE ADD R5, R5, R6
[tick=  520] [PC=  12] [stage=EXECUTE  ]   EXECUTE ADD R5, R5, R6
[tick=  521] [PC=  12] [stage=WRITEBACK]   WRITEBACK R5 <- 819
[tick=  523] [PC=  12] [stage=FETCH    ]   FETCH word=0x11110001 (ADDI R1, R1, 1)
[tick=  524] [PC=  13] [stage=DECODE   ]   DECODE ADDI R1, R1, 1
[tick=  525] [PC=  13] [stage=EXECUTE  ]   EXECUTE ADDI R1, R1, 1
[tick=  526] [PC=  13] [stage=WRITEBACK]   WRITEBACK R1 <- 13
[tick=  528] [PC=  13] [stage=FETCH    ]   FETCH word=0x40000006 (JMP 6)
[tick=  529] [PC=  14] [stage=DECODE   ]   DECODE JMP 6
[tick=  530] [PC=   6] [stage=EXECUTE  ]   EXECUTE JMP 6
[tick=  532] [PC=   6] [stage=FETCH    ]   FETCH word=0x35120007 (BGE R1, R2, +7)
[tick=  533] [PC=   7] [stage=DECODE   ]   DECODE BGE R1, R2, +7
[tick=  534] [PC=   7] [stage=EXECUTE  ]     branch test: R1=13 vs R2=32 -> False
[tick=  534] [PC=   7] [stage=EXECUTE  ]   EXECUTE BGE R1, R2, +7
[tick=  536] [PC=   7] [stage=FETCH    ]   FETCH word=0x01631000 (ADD R6, R3, R1)
[tick=  537] [PC=   8] [stage=DECODE   ]   DECODE ADD R6, R3, R1
[tick=  538] [PC=   8] [stage=EXECUTE  ]   EXECUTE ADD R6, R3, R1
[tick=  539] [PC=   8] [stage=WRITEBACK]   WRITEBACK R6 <- 313
[tick=  541] [PC=   8] [stage=FETCH    ]   FETCH word=0x20660000 (LW R6, 0(R6))
[tick=  542] [PC=   9] [stage=DECODE   ]   DECODE LW R6, 0(R6)
[tick=  543] [PC=   9] [stage=EXECUTE  ]   EXECUTE LW R6, 0(R6)
[tick=  544] [PC=   9] [stage=MEMORY   ]   MEMORY LW addr=313 -> 14
[tick=  545] [PC=   9] [stage=WRITEBACK]   WRITEBACK R6 <- 14
[tick=  547] [PC=   9] [stage=FETCH    ]   FETCH word=0x01446000 (ADD R4, R4, R6)
[tick=  548] [PC=  10] [stage=DECODE   ]   DECODE ADD R4, R4, R6
[tick=  549] [PC=  10] [stage=EXECUTE  ]   EXECUTE ADD R4, R4, R6
[tick=  550] [PC=  10] [stage=WRITEBACK]   WRITEBACK R4 <- 105
[tick=  552] [PC=  10] [stage=FETCH    ]   FETCH word=0x03666000 (MUL R6, R6, R6)
[tick=  553] [PC=  11] [stage=DECODE   ]   DECODE MUL R6, R6, R6
[tick=  554] [PC=  11] [stage=EXECUTE  ]   EXECUTE MUL R6, R6, R6
[tick=  555] [PC=  11] [stage=WRITEBACK]   WRITEBACK R6 <- 196
[tick=  557] [PC=  11] [stage=FETCH    ]   FETCH word=0x01556000 (ADD R5, R5, R6)
[tick=  558] [PC=  12] [stage=DECODE   ]   DECODE ADD R5, R5, R6
[tick=  559] [PC=  12] [stage=EXECUTE  ]   EXECUTE ADD R5, R5, R6
[tick=  560] [PC=  12] [stage=WRITEBACK]   WRITEBACK R5 <- 1015
[tick=  562] [PC=  12] [stage=FETCH    ]   FETCH word=0x11110001 (ADDI R1, R1, 1)
[tick=  563] [PC=  13] [stage=DECODE   ]   DECODE ADDI R1, R1, 1
[tick=  564] [PC=  13] [stage=EXECUTE  ]   EXECUTE ADDI R1, R1, 1
[tick=  565] [PC=  13] [stage=WRITEBACK]   WRITEBACK R1 <- 14
[tick=  567] [PC=  13] [stage=FETCH    ]   FETCH word=0x40000006 (JMP 6)
[tick=  568] [PC=  14] [stage=DECODE   ]   DECODE JMP 6
[tick=  569] [PC=   6] [stage=EXECUTE  ]   EXECUTE JMP 6
[tick=  571] [PC=   6] [stage=FETCH    ]   FETCH word=0x35120007 (BGE R1, R2, +7)
[tick=  572] [PC=   7] [stage=DECODE   ]   DECODE BGE R1, R2, +7
[tick=  573] [PC=   7] [stage=EXECUTE  ]     branch test: R1=14 vs R2=32 -> False
[tick=  573] [PC=   7] [stage=EXECUTE  ]   EXECUTE BGE R1, R2, +7
[tick=  575] [PC=   7] [stage=FETCH    ]   FETCH word=0x01631000 (ADD R6, R3, R1)
[tick=  576] [PC=   8] [stage=DECODE   ]   DECODE ADD R6, R3, R1
[tick=  577] [PC=   8] [stage=EXECUTE  ]   EXECUTE ADD R6, R3, R1
[tick=  578] [PC=   8] [stage=WRITEBACK]   WRITEBACK R6 <- 314
[tick=  580] [PC=   8] [stage=FETCH    ]   FETCH word=0x20660000 (LW R6, 0(R6))
[tick=  581] [PC=   9] [stage=DECODE   ]   DECODE LW R6, 0(R6)
[tick=  582] [PC=   9] [stage=EXECUTE  ]   EXECUTE LW R6, 0(R6)
[tick=  583] [PC=   9] [stage=MEMORY   ]   MEMORY LW addr=314 -> 15
[tick=  584] [PC=   9] [stage=WRITEBACK]   WRITEBACK R6 <- 15
[tick=  586] [PC=   9] [stage=FETCH    ]   FETCH word=0x01446000 (ADD R4, R4, R6)
[tick=  587] [PC=  10] [stage=DECODE   ]   DECODE ADD R4, R4, R6
[tick=  588] [PC=  10] [stage=EXECUTE  ]   EXECUTE ADD R4, R4, R6
[tick=  589] [PC=  10] [stage=WRITEBACK]   WRITEBACK R4 <- 120
[tick=  591] [PC=  10] [stage=FETCH    ]   FETCH word=0x03666000 (MUL R6, R6, R6)
[tick=  592] [PC=  11] [stage=DECODE   ]   DECODE MUL R6, R6, R6
[tick=  593] [PC=  11] [stage=EXECUTE  ]   EXECUTE MUL R6, R6, R6
[tick=  594] [PC=  11] [stage=WRITEBACK]   WRITEBACK R6 <- 225
[tick=  596] [PC=  11] [stage=FETCH    ]   FETCH word=0x01556000 (ADD R5, R5, R6)
[tick=  597] [PC=  12] [stage=DECODE   ]   DECODE ADD R5, R5, R6
[tick=  598] [PC=  12] [stage=EXECUTE  ]   EXECUTE ADD R5, R5, R6
[tick=  599] [PC=  12] [stage=WRITEBACK]   WRITEBACK R5 <- 1240
[tick=  601] [PC=  12] [stage=FETCH    ]   FETCH word=0x11110001 (ADDI R1, R1, 1)
[tick=  602] [PC=  13] [stage=DECODE   ]   DECODE ADDI R1, R1, 1
[tick=  603] [PC=  13] [stage=EXECUTE  ]   EXECUTE ADDI R1, R1, 1
[tick=  604] [PC=  13] [stage=WRITEBACK]   WRITEBACK R1 <- 15
[tick=  606] [PC=  13] [stage=FETCH    ]   FETCH word=0x40000006 (JMP 6)
[tick=  607] [PC=  14] [stage=DECODE   ]   DECODE JMP 6
[tick=  608] [PC=   6] [stage=EXECUTE  ]   EXECUTE JMP 6
[tick=  610] [PC=   6] [stage=FETCH    ]   FETCH word=0x35120007 (BGE R1, R2, +7)
[tick=  611] [PC=   7] [stage=DECODE   ]   DECODE BGE R1, R2, +7
[tick=  612] [PC=   7] [stage=EXECUTE  ]     branch test: R1=15 vs R2=32 -> False
[tick=  612] [PC=   7] [stage=EXECUTE  ]   EXECUTE BGE R1, R2, +7
[tick=  614] [PC=   7] [stage=FETCH    ]   FETCH word=0x01631000 (ADD R6, R3, R1)
[tick=  615] [PC=   8] [stage=DECODE   ]   DECODE ADD R6, R3, R1
[tick=  616] [PC=   8] [stage=EXECUTE  ]   EXECUTE ADD R6, R3, R1
[tick=  617] [PC=   8] [stage=WRITEBACK]   WRITEBACK R6 <- 315
[tick=  619] [PC=   8] [stage=FETCH    ]   FETCH word=0x20660000 (LW R6, 0(R6))
[tick=  620] [PC=   9] [stage=DECODE   ]   DECODE LW R6, 0(R6)
[tick=  621] [PC=   9] [stage=EXECUTE  ]   EXECUTE LW R6, 0(R6)
[tick=  622] [PC=   9] [stage=MEMORY   ]   MEMORY LW addr=315 -> 16
[tick=  623] [PC=   9] [stage=WRITEBACK]   WRITEBACK R6 <- 16
[tick=  625] [PC=   9] [stage=FETCH    ]   FETCH word=0x01446000 (ADD R4, R4, R6)
[tick=  626] [PC=  10] [stage=DECODE   ]   DECODE ADD R4, R4, R6
[tick=  627] [PC=  10] [stage=EXECUTE  ]   EXECUTE ADD R4, R4, R6
[tick=  628] [PC=  10] [stage=WRITEBACK]   WRITEBACK R4 <- 136
[tick=  630] [PC=  10] [stage=FETCH    ]   FETCH word=0x03666000 (MUL R6, R6, R6)
[tick=  631] [PC=  11] [stage=DECODE   ]   DECODE MUL R6, R6, R6
[tick=  632] [PC=  11] [stage=EXECUTE  ]   EXECUTE MUL R6, R6, R6
[tick=  633] [PC=  11] [stage=WRITEBACK]   WRITEBACK R6 <- 256
[tick=  635] [PC=  11] [stage=FETCH    ]   FETCH word=0x01556000 (ADD R5, R5, R6)
[tick=  636] [PC=  12] [stage=DECODE   ]   DECODE ADD R5, R5, R6
[tick=  637] [PC=  12] [stage=EXECUTE  ]   EXECUTE ADD R5, R5, R6
[tick=  638] [PC=  12] [stage=WRITEBACK]   WRITEBACK R5 <- 1496
[tick=  640] [PC=  12] [stage=FETCH    ]   FETCH word=0x11110001 (ADDI R1, R1, 1)
[tick=  641] [PC=  13] [stage=DECODE   ]   DECODE ADDI R1, R1, 1
[tick=  642] [PC=  13] [stage=EXECUTE  ]   EXECUTE ADDI R1, R1, 1
[tick=  643] [PC=  13] [stage=WRITEBACK]   WRITEBACK R1 <- 16
[tick=  645] [PC=  13] [stage=FETCH    ]   FETCH word=0x40000006 (JMP 6)
[tick=  646] [PC=  14] [stage=DECODE   ]   DECODE JMP 6
[tick=  647] [PC=   6] [stage=EXECUTE  ]   EXECUTE JMP 6
[tick=  649] [PC=   6] [stage=FETCH    ]   FETCH word=0x35120007 (BGE R1, R2, +7)
[tick=  650] [PC=   7] [stage=DECODE   ]   DECODE BGE R1, R2, +7
[tick=  651] [PC=   7] [stage=EXECUTE  ]     branch test: R1=16 vs R2=32 -> False
[tick=  651] [PC=   7] [stage=EXECUTE  ]   EXECUTE BGE R1, R2, +7
[tick=  653] [PC=   7] [stage=FETCH    ]   FETCH word=0x01631000 (ADD R6, R3, R1)
[tick=  654] [PC=   8] [stage=DECODE   ]   DECODE ADD R6, R3, R1
[tick=  655] [PC=   8] [stage=EXECUTE  ]   EXECUTE ADD R6, R3, R1
[tick=  656] [PC=   8] [stage=WRITEBACK]   WRITEBACK R6 <- 316
[tick=  658] [PC=   8] [stage=FETCH    ]   FETCH word=0x20660000 (LW R6, 0(R6))
[tick=  659] [PC=   9] [stage=DECODE   ]   DECODE LW R6, 0(R6)
[tick=  660] [PC=   9] [stage=EXECUTE  ]   EXECUTE LW R6, 0(R6)
[tick=  661] [PC=   9] [stage=MEMORY   ]   MEMORY LW addr=316 -> 17
[tick=  662] [PC=   9] [stage=WRITEBACK]   WRITEBACK R6 <- 17
[tick=  664] [PC=   9] [stage=FETCH    ]   FETCH word=0x01446000 (ADD R4, R4, R6)
[tick=  665] [PC=  10] [stage=DECODE   ]   DECODE ADD R4, R4, R6
[tick=  666] [PC=  10] [stage=EXECUTE  ]   EXECUTE ADD R4, R4, R6
[tick=  667] [PC=  10] [stage=WRITEBACK]   WRITEBACK R4 <- 153
[tick=  669] [PC=  10] [stage=FETCH    ]   FETCH word=0x03666000 (MUL R6, R6, R6)
[tick=  670] [PC=  11] [stage=DECODE   ]   DECODE MUL R6, R6, R6
[tick=  671] [PC=  11] [stage=EXECUTE  ]   EXECUTE MUL R6, R6, R6
[tick=  672] [PC=  11] [stage=WRITEBACK]   WRITEBACK R6 <- 289
[tick=  674] [PC=  11] [stage=FETCH    ]   FETCH word=0x01556000 (ADD R5, R5, R6)
[tick=  675] [PC=  12] [stage=DECODE   ]   DECODE ADD R5, R5, R6
[tick=  676] [PC=  12] [stage=EXECUTE  ]   EXECUTE ADD R5, R5, R6
[tick=  677] [PC=  12] [stage=WRITEBACK]   WRITEBACK R5 <- 1785
[tick=  679] [PC=  12] [stage=FETCH    ]   FETCH word=0x11110001 (ADDI R1, R1, 1)
[tick=  680] [PC=  13] [stage=DECODE   ]   DECODE ADDI R1, R1, 1
[tick=  681] [PC=  13] [stage=EXECUTE  ]   EXECUTE ADDI R1, R1, 1
[tick=  682] [PC=  13] [stage=WRITEBACK]   WRITEBACK R1 <- 17
[tick=  684] [PC=  13] [stage=FETCH    ]   FETCH word=0x40000006 (JMP 6)
[tick=  685] [PC=  14] [stage=DECODE   ]   DECODE JMP 6
[tick=  686] [PC=   6] [stage=EXECUTE  ]   EXECUTE JMP 6
[tick=  688] [PC=   6] [stage=FETCH    ]   FETCH word=0x35120007 (BGE R1, R2, +7)
[tick=  689] [PC=   7] [stage=DECODE   ]   DECODE BGE R1, R2, +7
[tick=  690] [PC=   7] [stage=EXECUTE  ]     branch test: R1=17 vs R2=32 -> False
[tick=  690] [PC=   7] [stage=EXECUTE  ]   EXECUTE BGE R1, R2, +7
[tick=  692] [PC=   7] [stage=FETCH    ]   FETCH word=0x01631000 (ADD R6, R3, R1)
[tick=  693] [PC=   8] [stage=DECODE   ]   DECODE ADD R6, R3, R1
[tick=  694] [PC=   8] [stage=EXECUTE  ]   EXECUTE ADD R6, R3, R1
[tick=  695] [PC=   8] [stage=WRITEBACK]   WRITEBACK R6 <- 317
[tick=  697] [PC=   8] [stage=FETCH    ]   FETCH word=0x20660000 (LW R6, 0(R6))
[tick=  698] [PC=   9] [stage=DECODE   ]   DECODE LW R6, 0(R6)
[tick=  699] [PC=   9] [stage=EXECUTE  ]   EXECUTE LW R6, 0(R6)
[tick=  700] [PC=   9] [stage=MEMORY   ]   MEMORY LW addr=317 -> 18
[tick=  701] [PC=   9] [stage=WRITEBACK]   WRITEBACK R6 <- 18
[tick=  703] [PC=   9] [stage=FETCH    ]   FETCH word=0x01446000 (ADD R4, R4, R6)
[tick=  704] [PC=  10] [stage=DECODE   ]   DECODE ADD R4, R4, R6
[tick=  705] [PC=  10] [stage=EXECUTE  ]   EXECUTE ADD R4, R4, R6
[tick=  706] [PC=  10] [stage=WRITEBACK]   WRITEBACK R4 <- 171
[tick=  708] [PC=  10] [stage=FETCH    ]   FETCH word=0x03666000 (MUL R6, R6, R6)
[tick=  709] [PC=  11] [stage=DECODE   ]   DECODE MUL R6, R6, R6
[tick=  710] [PC=  11] [stage=EXECUTE  ]   EXECUTE MUL R6, R6, R6
[tick=  711] [PC=  11] [stage=WRITEBACK]   WRITEBACK R6 <- 324
[tick=  713] [PC=  11] [stage=FETCH    ]   FETCH word=0x01556000 (ADD R5, R5, R6)
[tick=  714] [PC=  12] [stage=DECODE   ]   DECODE ADD R5, R5, R6
[tick=  715] [PC=  12] [stage=EXECUTE  ]   EXECUTE ADD R5, R5, R6
[tick=  716] [PC=  12] [stage=WRITEBACK]   WRITEBACK R5 <- 2109
[tick=  718] [PC=  12] [stage=FETCH    ]   FETCH word=0x11110001 (ADDI R1, R1, 1)
[tick=  719] [PC=  13] [stage=DECODE   ]   DECODE ADDI R1, R1, 1
[tick=  720] [PC=  13] [stage=EXECUTE  ]   EXECUTE ADDI R1, R1, 1
[tick=  721] [PC=  13] [stage=WRITEBACK]   WRITEBACK R1 <- 18
[tick=  723] [PC=  13] [stage=FETCH    ]   FETCH word=0x40000006 (JMP 6)
[tick=  724] [PC=  14] [stage=DECODE   ]   DECODE JMP 6
[tick=  725] [PC=   6] [stage=EXECUTE  ]   EXECUTE JMP 6
[tick=  727] [PC=   6] [stage=FETCH    ]   FETCH word=0x35120007 (BGE R1, R2, +7)
[tick=  728] [PC=   7] [stage=DECODE   ]   DECODE BGE R1, R2, +7
[tick=  729] [PC=   7] [stage=EXECUTE  ]     branch test: R1=18 vs R2=32 -> False
[tick=  729] [PC=   7] [stage=EXECUTE  ]   EXECUTE BGE R1, R2, +7
[tick=  731] [PC=   7] [stage=FETCH    ]   FETCH word=0x01631000 (ADD R6, R3, R1)
[tick=  732] [PC=   8] [stage=DECODE   ]   DECODE ADD R6, R3, R1
[tick=  733] [PC=   8] [stage=EXECUTE  ]   EXECUTE ADD R6, R3, R1
[tick=  734] [PC=   8] [stage=WRITEBACK]   WRITEBACK R6 <- 318
[tick=  736] [PC=   8] [stage=FETCH    ]   FETCH word=0x20660000 (LW R6, 0(R6))
[tick=  737] [PC=   9] [stage=DECODE   ]   DECODE LW R6, 0(R6)
[tick=  738] [PC=   9] [stage=EXECUTE  ]   EXECUTE LW R6, 0(R6)
[tick=  739] [PC=   9] [stage=MEMORY   ]   MEMORY LW addr=318 -> 19
[tick=  740] [PC=   9] [stage=WRITEBACK]   WRITEBACK R6 <- 19
[tick=  742] [PC=   9] [stage=FETCH    ]   FETCH word=0x01446000 (ADD R4, R4, R6)
[tick=  743] [PC=  10] [stage=DECODE   ]   DECODE ADD R4, R4, R6
[tick=  744] [PC=  10] [stage=EXECUTE  ]   EXECUTE ADD R4, R4, R6
[tick=  745] [PC=  10] [stage=WRITEBACK]   WRITEBACK R4 <- 190
[tick=  747] [PC=  10] [stage=FETCH    ]   FETCH word=0x03666000 (MUL R6, R6, R6)
[tick=  748] [PC=  11] [stage=DECODE   ]   DECODE MUL R6, R6, R6
[tick=  749] [PC=  11] [stage=EXECUTE  ]   EXECUTE MUL R6, R6, R6
[tick=  750] [PC=  11] [stage=WRITEBACK]   WRITEBACK R6 <- 361
[tick=  752] [PC=  11] [stage=FETCH    ]   FETCH word=0x01556000 (ADD R5, R5, R6)
[tick=  753] [PC=  12] [stage=DECODE   ]   DECODE ADD R5, R5, R6
[tick=  754] [PC=  12] [stage=EXECUTE  ]   EXECUTE ADD R5, R5, R6
[tick=  755] [PC=  12] [stage=WRITEBACK]   WRITEBACK R5 <- 2470
[tick=  757] [PC=  12] [stage=FETCH    ]   FETCH word=0x11110001 (ADDI R1, R1, 1)
[tick=  758] [PC=  13] [stage=DECODE   ]   DECODE ADDI R1, R1, 1
[tick=  759] [PC=  13] [stage=EXECUTE  ]   EXECUTE ADDI R1, R1, 1
[tick=  760] [PC=  13] [stage=WRITEBACK]   WRITEBACK R1 <- 19
[tick=  762] [PC=  13] [stage=FETCH    ]   FETCH word=0x40000006 (JMP 6)
[tick=  763] [PC=  14] [stage=DECODE   ]   DECODE JMP 6
[tick=  764] [PC=   6] [stage=EXECUTE  ]   EXECUTE JMP 6
[tick=  766] [PC=   6] [stage=FETCH    ]   FETCH word=0x35120007 (BGE R1, R2, +7)
[tick=  767] [PC=   7] [stage=DECODE   ]   DECODE BGE R1, R2, +7
[tick=  768] [PC=   7] [stage=EXECUTE  ]     branch test: R1=19 vs R2=32 -> False
[tick=  768] [PC=   7] [stage=EXECUTE  ]   EXECUTE BGE R1, R2, +7
[tick=  770] [PC=   7] [stage=FETCH    ]   FETCH word=0x01631000 (ADD R6, R3, R1)
[tick=  771] [PC=   8] [stage=DECODE   ]   DECODE ADD R6, R3, R1
[tick=  772] [PC=   8] [stage=EXECUTE  ]   EXECUTE ADD R6, R3, R1
[tick=  773] [PC=   8] [stage=WRITEBACK]   WRITEBACK R6 <- 319
[tick=  775] [PC=   8] [stage=FETCH    ]   FETCH word=0x20660000 (LW R6, 0(R6))
[tick=  776] [PC=   9] [stage=DECODE   ]   DECODE LW R6, 0(R6)
[tick=  777] [PC=   9] [stage=EXECUTE  ]   EXECUTE LW R6, 0(R6)
[tick=  778] [PC=   9] [stage=MEMORY   ]   MEMORY LW addr=319 -> 20
[tick=  779] [PC=   9] [stage=WRITEBACK]   WRITEBACK R6 <- 20
[tick=  781] [PC=   9] [stage=FETCH    ]   FETCH word=0x01446000 (ADD R4, R4, R6)
[tick=  782] [PC=  10] [stage=DECODE   ]   DECODE ADD R4, R4, R6
[tick=  783] [PC=  10] [stage=EXECUTE  ]   EXECUTE ADD R4, R4, R6
[tick=  784] [PC=  10] [stage=WRITEBACK]   WRITEBACK R4 <- 210
[tick=  786] [PC=  10] [stage=FETCH    ]   FETCH word=0x03666000 (MUL R6, R6, R6)
[tick=  787] [PC=  11] [stage=DECODE   ]   DECODE MUL R6, R6, R6
[tick=  788] [PC=  11] [stage=EXECUTE  ]   EXECUTE MUL R6, R6, R6
[tick=  789] [PC=  11] [stage=WRITEBACK]   WRITEBACK R6 <- 400
[tick=  791] [PC=  11] [stage=FETCH    ]   FETCH word=0x01556000 (ADD R5, R5, R6)
[tick=  792] [PC=  12] [stage=DECODE   ]   DECODE ADD R5, R5, R6
[tick=  793] [PC=  12] [stage=EXECUTE  ]   EXECUTE ADD R5, R5, R6
[tick=  794] [PC=  12] [stage=WRITEBACK]   WRITEBACK R5 <- 2870
[tick=  796] [PC=  12] [stage=FETCH    ]   FETCH word=0x11110001 (ADDI R1, R1, 1)
[tick=  797] [PC=  13] [stage=DECODE   ]   DECODE ADDI R1, R1, 1
[tick=  798] [PC=  13] [stage=EXECUTE  ]   EXECUTE ADDI R1, R1, 1
[tick=  799] [PC=  13] [stage=WRITEBACK]   WRITEBACK R1 <- 20
[tick=  801] [PC=  13] [stage=FETCH    ]   FETCH word=0x40000006 (JMP 6)
[tick=  802] [PC=  14] [stage=DECODE   ]   DECODE JMP 6
[tick=  803] [PC=   6] [stage=EXECUTE  ]   EXECUTE JMP 6
[tick=  805] [PC=   6] [stage=FETCH    ]   FETCH word=0x35120007 (BGE R1, R2, +7)
[tick=  806] [PC=   7] [stage=DECODE   ]   DECODE BGE R1, R2, +7
[tick=  807] [PC=   7] [stage=EXECUTE  ]     branch test: R1=20 vs R2=32 -> False
[tick=  807] [PC=   7] [stage=EXECUTE  ]   EXECUTE BGE R1, R2, +7
[tick=  809] [PC=   7] [stage=FETCH    ]   FETCH word=0x01631000 (ADD R6, R3, R1)
[tick=  810] [PC=   8] [stage=DECODE   ]   DECODE ADD R6, R3, R1
[tick=  811] [PC=   8] [stage=EXECUTE  ]   EXECUTE ADD R6, R3, R1
[tick=  812] [PC=   8] [stage=WRITEBACK]   WRITEBACK R6 <- 320
[tick=  814] [PC=   8] [stage=FETCH    ]   FETCH word=0x20660000 (LW R6, 0(R6))
[tick=  815] [PC=   9] [stage=DECODE   ]   DECODE LW R6, 0(R6)
[tick=  816] [PC=   9] [stage=EXECUTE  ]   EXECUTE LW R6, 0(R6)
[tick=  817] [PC=   9] [stage=MEMORY   ]   MEMORY LW addr=320 -> 21
[tick=  818] [PC=   9] [stage=WRITEBACK]   WRITEBACK R6 <- 21
[tick=  820] [PC=   9] [stage=FETCH    ]   FETCH word=0x01446000 (ADD R4, R4, R6)
[tick=  821] [PC=  10] [stage=DECODE   ]   DECODE ADD R4, R4, R6
[tick=  822] [PC=  10] [stage=EXECUTE  ]   EXECUTE ADD R4, R4, R6
[tick=  823] [PC=  10] [stage=WRITEBACK]   WRITEBACK R4 <- 231
[tick=  825] [PC=  10] [stage=FETCH    ]   FETCH word=0x03666000 (MUL R6, R6, R6)
[tick=  826] [PC=  11] [stage=DECODE   ]   DECODE MUL R6, R6, R6
[tick=  827] [PC=  11] [stage=EXECUTE  ]   EXECUTE MUL R6, R6, R6
[tick=  828] [PC=  11] [stage=WRITEBACK]   WRITEBACK R6 <- 441
[tick=  830] [PC=  11] [stage=FETCH    ]   FETCH word=0x01556000 (ADD R5, R5, R6)
[tick=  831] [PC=  12] [stage=DECODE   ]   DECODE ADD R5, R5, R6
[tick=  832] [PC=  12] [stage=EXECUTE  ]   EXECUTE ADD R5, R5, R6
[tick=  833] [PC=  12] [stage=WRITEBACK]   WRITEBACK R5 <- 3311
[tick=  835] [PC=  12] [stage=FETCH    ]   FETCH word=0x11110001 (ADDI R1, R1, 1)
[tick=  836] [PC=  13] [stage=DECODE   ]   DECODE ADDI R1, R1, 1
[tick=  837] [PC=  13] [stage=EXECUTE  ]   EXECUTE ADDI R1, R1, 1
[tick=  838] [PC=  13] [stage=WRITEBACK]   WRITEBACK R1 <- 21
[tick=  840] [PC=  13] [stage=FETCH    ]   FETCH word=0x40000006 (JMP 6)
[tick=  841] [PC=  14] [stage=DECODE   ]   DECODE JMP 6
[tick=  842] [PC=   6] [stage=EXECUTE  ]   EXECUTE JMP 6
[tick=  844] [PC=   6] [stage=FETCH    ]   FETCH word=0x35120007 (BGE R1, R2, +7)
[tick=  845] [PC=   7] [stage=DECODE   ]   DECODE BGE R1, R2, +7
[tick=  846] [PC=   7] [stage=EXECUTE  ]     branch test: R1=21 vs R2=32 -> False
[tick=  846] [PC=   7] [stage=EXECUTE  ]   EXECUTE BGE R1, R2, +7
[tick=  848] [PC=   7] [stage=FETCH    ]   FETCH word=0x01631000 (ADD R6, R3, R1)
[tick=  849] [PC=   8] [stage=DECODE   ]   DECODE ADD R6, R3, R1
[tick=  850] [PC=   8] [stage=EXECUTE  ]   EXECUTE ADD R6, R3, R1
[tick=  851] [PC=   8] [stage=WRITEBACK]   WRITEBACK R6 <- 321
[tick=  853] [PC=   8] [stage=FETCH    ]   FETCH word=0x20660000 (LW R6, 0(R6))
[tick=  854] [PC=   9] [stage=DECODE   ]   DECODE LW R6, 0(R6)
[tick=  855] [PC=   9] [stage=EXECUTE  ]   EXECUTE LW R6, 0(R6)
[tick=  856] [PC=   9] [stage=MEMORY   ]   MEMORY LW addr=321 -> 22
[tick=  857] [PC=   9] [stage=WRITEBACK]   WRITEBACK R6 <- 22
[tick=  859] [PC=   9] [stage=FETCH    ]   FETCH word=0x01446000 (ADD R4, R4, R6)
[tick=  860] [PC=  10] [stage=DECODE   ]   DECODE ADD R4, R4, R6
[tick=  861] [PC=  10] [stage=EXECUTE  ]   EXECUTE ADD R4, R4, R6
[tick=  862] [PC=  10] [stage=WRITEBACK]   WRITEBACK R4 <- 253
[tick=  864] [PC=  10] [stage=FETCH    ]   FETCH word=0x03666000 (MUL R6, R6, R6)
[tick=  865] [PC=  11] [stage=DECODE   ]   DECODE MUL R6, R6, R6
[tick=  866] [PC=  11] [stage=EXECUTE  ]   EXECUTE MUL R6, R6, R6
[tick=  867] [PC=  11] [stage=WRITEBACK]   WRITEBACK R6 <- 484
[tick=  869] [PC=  11] [stage=FETCH    ]   FETCH word=0x01556000 (ADD R5, R5, R6)
[tick=  870] [PC=  12] [stage=DECODE   ]   DECODE ADD R5, R5, R6
[tick=  871] [PC=  12] [stage=EXECUTE  ]   EXECUTE ADD R5, R5, R6
[tick=  872] [PC=  12] [stage=WRITEBACK]   WRITEBACK R5 <- 3795
[tick=  874] [PC=  12] [stage=FETCH    ]   FETCH word=0x11110001 (ADDI R1, R1, 1)
[tick=  875] [PC=  13] [stage=DECODE   ]   DECODE ADDI R1, R1, 1
[tick=  876] [PC=  13] [stage=EXECUTE  ]   EXECUTE ADDI R1, R1, 1
[tick=  877] [PC=  13] [stage=WRITEBACK]   WRITEBACK R1 <- 22
[tick=  879] [PC=  13] [stage=FETCH    ]   FETCH word=0x40000006 (JMP 6)
[tick=  880] [PC=  14] [stage=DECODE   ]   DECODE JMP 6
[tick=  881] [PC=   6] [stage=EXECUTE  ]   EXECUTE JMP 6
[tick=  883] [PC=   6] [stage=FETCH    ]   FETCH word=0x35120007 (BGE R1, R2, +7)
[tick=  884] [PC=   7] [stage=DECODE   ]   DECODE BGE R1, R2, +7
[tick=  885] [PC=   7] [stage=EXECUTE  ]     branch test: R1=22 vs R2=32 -> False
[tick=  885] [PC=   7] [stage=EXECUTE  ]   EXECUTE BGE R1, R2, +7
[tick=  887] [PC=   7] [stage=FETCH    ]   FETCH word=0x01631000 (ADD R6, R3, R1)
[tick=  888] [PC=   8] [stage=DECODE   ]   DECODE ADD R6, R3, R1
[tick=  889] [PC=   8] [stage=EXECUTE  ]   EXECUTE ADD R6, R3, R1
[tick=  890] [PC=   8] [stage=WRITEBACK]   WRITEBACK R6 <- 322
[tick=  892] [PC=   8] [stage=FETCH    ]   FETCH word=0x20660000 (LW R6, 0(R6))
[tick=  893] [PC=   9] [stage=DECODE   ]   DECODE LW R6, 0(R6)
[tick=  894] [PC=   9] [stage=EXECUTE  ]   EXECUTE LW R6, 0(R6)
[tick=  895] [PC=   9] [stage=MEMORY   ]   MEMORY LW addr=322 -> 23
[tick=  896] [PC=   9] [stage=WRITEBACK]   WRITEBACK R6 <- 23
[tick=  898] [PC=   9] [stage=FETCH    ]   FETCH word=0x01446000 (ADD R4, R4, R6)
[tick=  899] [PC=  10] [stage=DECODE   ]   DECODE ADD R4, R4, R6
[tick=  900] [PC=  10] [stage=EXECUTE  ]   EXECUTE ADD R4, R4, R6
[tick=  901] [PC=  10] [stage=WRITEBACK]   WRITEBACK R4 <- 276
[tick=  903] [PC=  10] [stage=FETCH    ]   FETCH word=0x03666000 (MUL R6, R6, R6)
[tick=  904] [PC=  11] [stage=DECODE   ]   DECODE MUL R6, R6, R6
[tick=  905] [PC=  11] [stage=EXECUTE  ]   EXECUTE MUL R6, R6, R6
[tick=  906] [PC=  11] [stage=WRITEBACK]   WRITEBACK R6 <- 529
[tick=  908] [PC=  11] [stage=FETCH    ]   FETCH word=0x01556000 (ADD R5, R5, R6)
[tick=  909] [PC=  12] [stage=DECODE   ]   DECODE ADD R5, R5, R6
[tick=  910] [PC=  12] [stage=EXECUTE  ]   EXECUTE ADD R5, R5, R6
[tick=  911] [PC=  12] [stage=WRITEBACK]   WRITEBACK R5 <- 4324
[tick=  913] [PC=  12] [stage=FETCH    ]   FETCH word=0x11110001 (ADDI R1, R1, 1)
[tick=  914] [PC=  13] [stage=DECODE   ]   DECODE ADDI R1, R1, 1
[tick=  915] [PC=  13] [stage=EXECUTE  ]   EXECUTE ADDI R1, R1, 1
[tick=  916] [PC=  13] [stage=WRITEBACK]   WRITEBACK R1 <- 23
[tick=  918] [PC=  13] [stage=FETCH    ]   FETCH word=0x40000006 (JMP 6)
[tick=  919] [PC=  14] [stage=DECODE   ]   DECODE JMP 6
[tick=  920] [PC=   6] [stage=EXECUTE  ]   EXECUTE JMP 6
[tick=  922] [PC=   6] [stage=FETCH    ]   FETCH word=0x35120007 (BGE R1, R2, +7)
[tick=  923] [PC=   7] [stage=DECODE   ]   DECODE BGE R1, R2, +7
[tick=  924] [PC=   7] [stage=EXECUTE  ]     branch test: R1=23 vs R2=32 -> False
[tick=  924] [PC=   7] [stage=EXECUTE  ]   EXECUTE BGE R1, R2, +7
[tick=  926] [PC=   7] [stage=FETCH    ]   FETCH word=0x01631000 (ADD R6, R3, R1)
[tick=  927] [PC=   8] [stage=DECODE   ]   DECODE ADD R6, R3, R1
[tick=  928] [PC=   8] [stage=EXECUTE  ]   EXECUTE ADD R6, R3, R1
[tick=  929] [PC=   8] [stage=WRITEBACK]   WRITEBACK R6 <- 323
[tick=  931] [PC=   8] [stage=FETCH    ]   FETCH word=0x20660000 (LW R6, 0(R6))
[tick=  932] [PC=   9] [stage=DECODE   ]   DECODE LW R6, 0(R6)
[tick=  933] [PC=   9] [stage=EXECUTE  ]   EXECUTE LW R6, 0(R6)
[tick=  934] [PC=   9] [stage=MEMORY   ]   MEMORY LW addr=323 -> 24
[tick=  935] [PC=   9] [stage=WRITEBACK]   WRITEBACK R6 <- 24
[tick=  937] [PC=   9] [stage=FETCH    ]   FETCH word=0x01446000 (ADD R4, R4, R6)
[tick=  938] [PC=  10] [stage=DECODE   ]   DECODE ADD R4, R4, R6
[tick=  939] [PC=  10] [stage=EXECUTE  ]   EXECUTE ADD R4, R4, R6
[tick=  940] [PC=  10] [stage=WRITEBACK]   WRITEBACK R4 <- 300
[tick=  942] [PC=  10] [stage=FETCH    ]   FETCH word=0x03666000 (MUL R6, R6, R6)
[tick=  943] [PC=  11] [stage=DECODE   ]   DECODE MUL R6, R6, R6
[tick=  944] [PC=  11] [stage=EXECUTE  ]   EXECUTE MUL R6, R6, R6
[tick=  945] [PC=  11] [stage=WRITEBACK]   WRITEBACK R6 <- 576
[tick=  947] [PC=  11] [stage=FETCH    ]   FETCH word=0x01556000 (ADD R5, R5, R6)
[tick=  948] [PC=  12] [stage=DECODE   ]   DECODE ADD R5, R5, R6
[tick=  949] [PC=  12] [stage=EXECUTE  ]   EXECUTE ADD R5, R5, R6
[tick=  950] [PC=  12] [stage=WRITEBACK]   WRITEBACK R5 <- 4900
[tick=  952] [PC=  12] [stage=FETCH    ]   FETCH word=0x11110001 (ADDI R1, R1, 1)
[tick=  953] [PC=  13] [stage=DECODE   ]   DECODE ADDI R1, R1, 1
[tick=  954] [PC=  13] [stage=EXECUTE  ]   EXECUTE ADDI R1, R1, 1
[tick=  955] [PC=  13] [stage=WRITEBACK]   WRITEBACK R1 <- 24
[tick=  957] [PC=  13] [stage=FETCH    ]   FETCH word=0x40000006 (JMP 6)
[tick=  958] [PC=  14] [stage=DECODE   ]   DECODE JMP 6
[tick=  959] [PC=   6] [stage=EXECUTE  ]   EXECUTE JMP 6
[tick=  961] [PC=   6] [stage=FETCH    ]   FETCH word=0x35120007 (BGE R1, R2, +7)
[tick=  962] [PC=   7] [stage=DECODE   ]   DECODE BGE R1, R2, +7
[tick=  963] [PC=   7] [stage=EXECUTE  ]     branch test: R1=24 vs R2=32 -> False
[tick=  963] [PC=   7] [stage=EXECUTE  ]   EXECUTE BGE R1, R2, +7
[tick=  965] [PC=   7] [stage=FETCH    ]   FETCH word=0x01631000 (ADD R6, R3, R1)
[tick=  966] [PC=   8] [stage=DECODE   ]   DECODE ADD R6, R3, R1
[tick=  967] [PC=   8] [stage=EXECUTE  ]   EXECUTE ADD R6, R3, R1
[tick=  968] [PC=   8] [stage=WRITEBACK]   WRITEBACK R6 <- 324
[tick=  970] [PC=   8] [stage=FETCH    ]   FETCH word=0x20660000 (LW R6, 0(R6))
[tick=  971] [PC=   9] [stage=DECODE   ]   DECODE LW R6, 0(R6)
[tick=  972] [PC=   9] [stage=EXECUTE  ]   EXECUTE LW R6, 0(R6)
[tick=  973] [PC=   9] [stage=MEMORY   ]   MEMORY LW addr=324 -> 25
[tick=  974] [PC=   9] [stage=WRITEBACK]   WRITEBACK R6 <- 25
[tick=  976] [PC=   9] [stage=FETCH    ]   FETCH word=0x01446000 (ADD R4, R4, R6)
[tick=  977] [PC=  10] [stage=DECODE   ]   DECODE ADD R4, R4, R6
[tick=  978] [PC=  10] [stage=EXECUTE  ]   EXECUTE ADD R4, R4, R6
[tick=  979] [PC=  10] [stage=WRITEBACK]   WRITEBACK R4 <- 325
[tick=  981] [PC=  10] [stage=FETCH    ]   FETCH word=0x03666000 (MUL R6, R6, R6)
[tick=  982] [PC=  11] [stage=DECODE   ]   DECODE MUL R6, R6, R6
[tick=  983] [PC=  11] [stage=EXECUTE  ]   EXECUTE MUL R6, R6, R6
[tick=  984] [PC=  11] [stage=WRITEBACK]   WRITEBACK R6 <- 625
[tick=  986] [PC=  11] [stage=FETCH    ]   FETCH word=0x01556000 (ADD R5, R5, R6)
[tick=  987] [PC=  12] [stage=DECODE   ]   DECODE ADD R5, R5, R6
[tick=  988] [PC=  12] [stage=EXECUTE  ]   EXECUTE ADD R5, R5, R6
[tick=  989] [PC=  12] [stage=WRITEBACK]   WRITEBACK R5 <- 5525
[tick=  991] [PC=  12] [stage=FETCH    ]   FETCH word=0x11110001 (ADDI R1, R1, 1)
[tick=  992] [PC=  13] [stage=DECODE   ]   DECODE ADDI R1, R1, 1
[tick=  993] [PC=  13] [stage=EXECUTE  ]   EXECUTE ADDI R1, R1, 1
[tick=  994] [PC=  13] [stage=WRITEBACK]   WRITEBACK R1 <- 25
[tick=  996] [PC=  13] [stage=FETCH    ]   FETCH word=0x40000006 (JMP 6)
[tick=  997] [PC=  14] [stage=DECODE   ]   DECODE JMP 6
[tick=  998] [PC=   6] [stage=EXECUTE  ]   EXECUTE JMP 6
[tick= 1000] [PC=   6] [stage=FETCH    ]   FETCH word=0x35120007 (BGE R1, R2, +7)
[tick= 1001] [PC=   7] [stage=DECODE   ]   DECODE BGE R1, R2, +7
[tick= 1002] [PC=   7] [stage=EXECUTE  ]     branch test: R1=25 vs R2=32 -> False
[tick= 1002] [PC=   7] [stage=EXECUTE  ]   EXECUTE BGE R1, R2, +7
[tick= 1004] [PC=   7] [stage=FETCH    ]   FETCH word=0x01631000 (ADD R6, R3, R1)
[tick= 1005] [PC=   8] [stage=DECODE   ]   DECODE ADD R6, R3, R1
[tick= 1006] [PC=   8] [stage=EXECUTE  ]   EXECUTE ADD R6, R3, R1
[tick= 1007] [PC=   8] [stage=WRITEBACK]   WRITEBACK R6 <- 325
[tick= 1009] [PC=   8] [stage=FETCH    ]   FETCH word=0x20660000 (LW R6, 0(R6))
[tick= 1010] [PC=   9] [stage=DECODE   ]   DECODE LW R6, 0(R6)
[tick= 1011] [PC=   9] [stage=EXECUTE  ]   EXECUTE LW R6, 0(R6)
[tick= 1012] [PC=   9] [stage=MEMORY   ]   MEMORY LW addr=325 -> 26
[tick= 1013] [PC=   9] [stage=WRITEBACK]   WRITEBACK R6 <- 26
[tick= 1015] [PC=   9] [stage=FETCH    ]   FETCH word=0x01446000 (ADD R4, R4, R6)
[tick= 1016] [PC=  10] [stage=DECODE   ]   DECODE ADD R4, R4, R6
[tick= 1017] [PC=  10] [stage=EXECUTE  ]   EXECUTE ADD R4, R4, R6
[tick= 1018] [PC=  10] [stage=WRITEBACK]   WRITEBACK R4 <- 351
[tick= 1020] [PC=  10] [stage=FETCH    ]   FETCH word=0x03666000 (MUL R6, R6, R6)
[tick= 1021] [PC=  11] [stage=DECODE   ]   DECODE MUL R6, R6, R6
[tick= 1022] [PC=  11] [stage=EXECUTE  ]   EXECUTE MUL R6, R6, R6
[tick= 1023] [PC=  11] [stage=WRITEBACK]   WRITEBACK R6 <- 676
[tick= 1025] [PC=  11] [stage=FETCH    ]   FETCH word=0x01556000 (ADD R5, R5, R6)
[tick= 1026] [PC=  12] [stage=DECODE   ]   DECODE ADD R5, R5, R6
[tick= 1027] [PC=  12] [stage=EXECUTE  ]   EXECUTE ADD R5, R5, R6
[tick= 1028] [PC=  12] [stage=WRITEBACK]   WRITEBACK R5 <- 6201
[tick= 1030] [PC=  12] [stage=FETCH    ]   FETCH word=0x11110001 (ADDI R1, R1, 1)
[tick= 1031] [PC=  13] [stage=DECODE   ]   DECODE ADDI R1, R1, 1
[tick= 1032] [PC=  13] [stage=EXECUTE  ]   EXECUTE ADDI R1, R1, 1
[tick= 1033] [PC=  13] [stage=WRITEBACK]   WRITEBACK R1 <- 26
[tick= 1035] [PC=  13] [stage=FETCH    ]   FETCH word=0x40000006 (JMP 6)
[tick= 1036] [PC=  14] [stage=DECODE   ]   DECODE JMP 6
[tick= 1037] [PC=   6] [stage=EXECUTE  ]   EXECUTE JMP 6
[tick= 1039] [PC=   6] [stage=FETCH    ]   FETCH word=0x35120007 (BGE R1, R2, +7)
[tick= 1040] [PC=   7] [stage=DECODE   ]   DECODE BGE R1, R2, +7
[tick= 1041] [PC=   7] [stage=EXECUTE  ]     branch test: R1=26 vs R2=32 -> False
[tick= 1041] [PC=   7] [stage=EXECUTE  ]   EXECUTE BGE R1, R2, +7
[tick= 1043] [PC=   7] [stage=FETCH    ]   FETCH word=0x01631000 (ADD R6, R3, R1)
[tick= 1044] [PC=   8] [stage=DECODE   ]   DECODE ADD R6, R3, R1
[tick= 1045] [PC=   8] [stage=EXECUTE  ]   EXECUTE ADD R6, R3, R1
[tick= 1046] [PC=   8] [stage=WRITEBACK]   WRITEBACK R6 <- 326
[tick= 1048] [PC=   8] [stage=FETCH    ]   FETCH word=0x20660000 (LW R6, 0(R6))
[tick= 1049] [PC=   9] [stage=DECODE   ]   DECODE LW R6, 0(R6)
[tick= 1050] [PC=   9] [stage=EXECUTE  ]   EXECUTE LW R6, 0(R6)
[tick= 1051] [PC=   9] [stage=MEMORY   ]   MEMORY LW addr=326 -> 27
[tick= 1052] [PC=   9] [stage=WRITEBACK]   WRITEBACK R6 <- 27
[tick= 1054] [PC=   9] [stage=FETCH    ]   FETCH word=0x01446000 (ADD R4, R4, R6)
[tick= 1055] [PC=  10] [stage=DECODE   ]   DECODE ADD R4, R4, R6
[tick= 1056] [PC=  10] [stage=EXECUTE  ]   EXECUTE ADD R4, R4, R6
[tick= 1057] [PC=  10] [stage=WRITEBACK]   WRITEBACK R4 <- 378
[tick= 1059] [PC=  10] [stage=FETCH    ]   FETCH word=0x03666000 (MUL R6, R6, R6)
[tick= 1060] [PC=  11] [stage=DECODE   ]   DECODE MUL R6, R6, R6
[tick= 1061] [PC=  11] [stage=EXECUTE  ]   EXECUTE MUL R6, R6, R6
[tick= 1062] [PC=  11] [stage=WRITEBACK]   WRITEBACK R6 <- 729
[tick= 1064] [PC=  11] [stage=FETCH    ]   FETCH word=0x01556000 (ADD R5, R5, R6)
[tick= 1065] [PC=  12] [stage=DECODE   ]   DECODE ADD R5, R5, R6
[tick= 1066] [PC=  12] [stage=EXECUTE  ]   EXECUTE ADD R5, R5, R6
[tick= 1067] [PC=  12] [stage=WRITEBACK]   WRITEBACK R5 <- 6930
[tick= 1069] [PC=  12] [stage=FETCH    ]   FETCH word=0x11110001 (ADDI R1, R1, 1)
[tick= 1070] [PC=  13] [stage=DECODE   ]   DECODE ADDI R1, R1, 1
[tick= 1071] [PC=  13] [stage=EXECUTE  ]   EXECUTE ADDI R1, R1, 1
[tick= 1072] [PC=  13] [stage=WRITEBACK]   WRITEBACK R1 <- 27
[tick= 1074] [PC=  13] [stage=FETCH    ]   FETCH word=0x40000006 (JMP 6)
[tick= 1075] [PC=  14] [stage=DECODE   ]   DECODE JMP 6
[tick= 1076] [PC=   6] [stage=EXECUTE  ]   EXECUTE JMP 6
[tick= 1078] [PC=   6] [stage=FETCH    ]   FETCH word=0x35120007 (BGE R1, R2, +7)
[tick= 1079] [PC=   7] [stage=DECODE   ]   DECODE BGE R1, R2, +7
[tick= 1080] [PC=   7] [stage=EXECUTE  ]     branch test: R1=27 vs R2=32 -> False
[tick= 1080] [PC=   7] [stage=EXECUTE  ]   EXECUTE BGE R1, R2, +7
[tick= 1082] [PC=   7] [stage=FETCH    ]   FETCH word=0x01631000 (ADD R6, R3, R1)
[tick= 1083] [PC=   8] [stage=DECODE   ]   DECODE ADD R6, R3, R1
[tick= 1084] [PC=   8] [stage=EXECUTE  ]   EXECUTE ADD R6, R3, R1
[tick= 1085] [PC=   8] [stage=WRITEBACK]   WRITEBACK R6 <- 327
[tick= 1087] [PC=   8] [stage=FETCH    ]   FETCH word=0x20660000 (LW R6, 0(R6))
[tick= 1088] [PC=   9] [stage=DECODE   ]   DECODE LW R6, 0(R6)
[tick= 1089] [PC=   9] [stage=EXECUTE  ]   EXECUTE LW R6, 0(R6)
[tick= 1090] [PC=   9] [stage=MEMORY   ]   MEMORY LW addr=327 -> 28
[tick= 1091] [PC=   9] [stage=WRITEBACK]   WRITEBACK R6 <- 28
[tick= 1093] [PC=   9] [stage=FETCH    ]   FETCH word=0x01446000 (ADD R4, R4, R6)
[tick= 1094] [PC=  10] [stage=DECODE   ]   DECODE ADD R4, R4, R6
[tick= 1095] [PC=  10] [stage=EXECUTE  ]   EXECUTE ADD R4, R4, R6
[tick= 1096] [PC=  10] [stage=WRITEBACK]   WRITEBACK R4 <- 406
[tick= 1098] [PC=  10] [stage=FETCH    ]   FETCH word=0x03666000 (MUL R6, R6, R6)
[tick= 1099] [PC=  11] [stage=DECODE   ]   DECODE MUL R6, R6, R6
[tick= 1100] [PC=  11] [stage=EXECUTE  ]   EXECUTE MUL R6, R6, R6
[tick= 1101] [PC=  11] [stage=WRITEBACK]   WRITEBACK R6 <- 784
[tick= 1103] [PC=  11] [stage=FETCH    ]   FETCH word=0x01556000 (ADD R5, R5, R6)
[tick= 1104] [PC=  12] [stage=DECODE   ]   DECODE ADD R5, R5, R6
[tick= 1105] [PC=  12] [stage=EXECUTE  ]   EXECUTE ADD R5, R5, R6
[tick= 1106] [PC=  12] [stage=WRITEBACK]   WRITEBACK R5 <- 7714
[tick= 1108] [PC=  12] [stage=FETCH    ]   FETCH word=0x11110001 (ADDI R1, R1, 1)
[tick= 1109] [PC=  13] [stage=DECODE   ]   DECODE ADDI R1, R1, 1
[tick= 1110] [PC=  13] [stage=EXECUTE  ]   EXECUTE ADDI R1, R1, 1
[tick= 1111] [PC=  13] [stage=WRITEBACK]   WRITEBACK R1 <- 28
[tick= 1113] [PC=  13] [stage=FETCH    ]   FETCH word=0x40000006 (JMP 6)
[tick= 1114] [PC=  14] [stage=DECODE   ]   DECODE JMP 6
[tick= 1115] [PC=   6] [stage=EXECUTE  ]   EXECUTE JMP 6
[tick= 1117] [PC=   6] [stage=FETCH    ]   FETCH word=0x35120007 (BGE R1, R2, +7)
[tick= 1118] [PC=   7] [stage=DECODE   ]   DECODE BGE R1, R2, +7
[tick= 1119] [PC=   7] [stage=EXECUTE  ]     branch test: R1=28 vs R2=32 -> False
[tick= 1119] [PC=   7] [stage=EXECUTE  ]   EXECUTE BGE R1, R2, +7
[tick= 1121] [PC=   7] [stage=FETCH    ]   FETCH word=0x01631000 (ADD R6, R3, R1)
[tick= 1122] [PC=   8] [stage=DECODE   ]   DECODE ADD R6, R3, R1
[tick= 1123] [PC=   8] [stage=EXECUTE  ]   EXECUTE ADD R6, R3, R1
[tick= 1124] [PC=   8] [stage=WRITEBACK]   WRITEBACK R6 <- 328
[tick= 1126] [PC=   8] [stage=FETCH    ]   FETCH word=0x20660000 (LW R6, 0(R6))
[tick= 1127] [PC=   9] [stage=DECODE   ]   DECODE LW R6, 0(R6)
[tick= 1128] [PC=   9] [stage=EXECUTE  ]   EXECUTE LW R6, 0(R6)
[tick= 1129] [PC=   9] [stage=MEMORY   ]   MEMORY LW addr=328 -> 29
[tick= 1130] [PC=   9] [stage=WRITEBACK]   WRITEBACK R6 <- 29
[tick= 1132] [PC=   9] [stage=FETCH    ]   FETCH word=0x01446000 (ADD R4, R4, R6)
[tick= 1133] [PC=  10] [stage=DECODE   ]   DECODE ADD R4, R4, R6
[tick= 1134] [PC=  10] [stage=EXECUTE  ]   EXECUTE ADD R4, R4, R6
[tick= 1135] [PC=  10] [stage=WRITEBACK]   WRITEBACK R4 <- 435
[tick= 1137] [PC=  10] [stage=FETCH    ]   FETCH word=0x03666000 (MUL R6, R6, R6)
[tick= 1138] [PC=  11] [stage=DECODE   ]   DECODE MUL R6, R6, R6
[tick= 1139] [PC=  11] [stage=EXECUTE  ]   EXECUTE MUL R6, R6, R6
[tick= 1140] [PC=  11] [stage=WRITEBACK]   WRITEBACK R6 <- 841
[tick= 1142] [PC=  11] [stage=FETCH    ]   FETCH word=0x01556000 (ADD R5, R5, R6)
[tick= 1143] [PC=  12] [stage=DECODE   ]   DECODE ADD R5, R5, R6
[tick= 1144] [PC=  12] [stage=EXECUTE  ]   EXECUTE ADD R5, R5, R6
[tick= 1145] [PC=  12] [stage=WRITEBACK]   WRITEBACK R5 <- 8555
[tick= 1147] [PC=  12] [stage=FETCH    ]   FETCH word=0x11110001 (ADDI R1, R1, 1)
[tick= 1148] [PC=  13] [stage=DECODE   ]   DECODE ADDI R1, R1, 1
[tick= 1149] [PC=  13] [stage=EXECUTE  ]   EXECUTE ADDI R1, R1, 1
[tick= 1150] [PC=  13] [stage=WRITEBACK]   WRITEBACK R1 <- 29
[tick= 1152] [PC=  13] [stage=FETCH    ]   FETCH word=0x40000006 (JMP 6)
[tick= 1153] [PC=  14] [stage=DECODE   ]   DECODE JMP 6
[tick= 1154] [PC=   6] [stage=EXECUTE  ]   EXECUTE JMP 6
[tick= 1156] [PC=   6] [stage=FETCH    ]   FETCH word=0x35120007 (BGE R1, R2, +7)
[tick= 1157] [PC=   7] [stage=DECODE   ]   DECODE BGE R1, R2, +7
[tick= 1158] [PC=   7] [stage=EXECUTE  ]     branch test: R1=29 vs R2=32 -> False
[tick= 1158] [PC=   7] [stage=EXECUTE  ]   EXECUTE BGE R1, R2, +7
[tick= 1160] [PC=   7] [stage=FETCH    ]   FETCH word=0x01631000 (ADD R6, R3, R1)
[tick= 1161] [PC=   8] [stage=DECODE   ]   DECODE ADD R6, R3, R1
[tick= 1162] [PC=   8] [stage=EXECUTE  ]   EXECUTE ADD R6, R3, R1
[tick= 1163] [PC=   8] [stage=WRITEBACK]   WRITEBACK R6 <- 329
[tick= 1165] [PC=   8] [stage=FETCH    ]   FETCH word=0x20660000 (LW R6, 0(R6))
[tick= 1166] [PC=   9] [stage=DECODE   ]   DECODE LW R6, 0(R6)
[tick= 1167] [PC=   9] [stage=EXECUTE  ]   EXECUTE LW R6, 0(R6)
[tick= 1168] [PC=   9] [stage=MEMORY   ]   MEMORY LW addr=329 -> 30
[tick= 1169] [PC=   9] [stage=WRITEBACK]   WRITEBACK R6 <- 30
[tick= 1171] [PC=   9] [stage=FETCH    ]   FETCH word=0x01446000 (ADD R4, R4, R6)
[tick= 1172] [PC=  10] [stage=DECODE   ]   DECODE ADD R4, R4, R6
[tick= 1173] [PC=  10] [stage=EXECUTE  ]   EXECUTE ADD R4, R4, R6
[tick= 1174] [PC=  10] [stage=WRITEBACK]   WRITEBACK R4 <- 465
[tick= 1176] [PC=  10] [stage=FETCH    ]   FETCH word=0x03666000 (MUL R6, R6, R6)
[tick= 1177] [PC=  11] [stage=DECODE   ]   DECODE MUL R6, R6, R6
[tick= 1178] [PC=  11] [stage=EXECUTE  ]   EXECUTE MUL R6, R6, R6
[tick= 1179] [PC=  11] [stage=WRITEBACK]   WRITEBACK R6 <- 900
[tick= 1181] [PC=  11] [stage=FETCH    ]   FETCH word=0x01556000 (ADD R5, R5, R6)
[tick= 1182] [PC=  12] [stage=DECODE   ]   DECODE ADD R5, R5, R6
[tick= 1183] [PC=  12] [stage=EXECUTE  ]   EXECUTE ADD R5, R5, R6
[tick= 1184] [PC=  12] [stage=WRITEBACK]   WRITEBACK R5 <- 9455
[tick= 1186] [PC=  12] [stage=FETCH    ]   FETCH word=0x11110001 (ADDI R1, R1, 1)
[tick= 1187] [PC=  13] [stage=DECODE   ]   DECODE ADDI R1, R1, 1
[tick= 1188] [PC=  13] [stage=EXECUTE  ]   EXECUTE ADDI R1, R1, 1
[tick= 1189] [PC=  13] [stage=WRITEBACK]   WRITEBACK R1 <- 30
[tick= 1191] [PC=  13] [stage=FETCH    ]   FETCH word=0x40000006 (JMP 6)
[tick= 1192] [PC=  14] [stage=DECODE   ]   DECODE JMP 6
[tick= 1193] [PC=   6] [stage=EXECUTE  ]   EXECUTE JMP 6
[tick= 1195] [PC=   6] [stage=FETCH    ]   FETCH word=0x35120007 (BGE R1, R2, +7)
[tick= 1196] [PC=   7] [stage=DECODE   ]   DECODE BGE R1, R2, +7
[tick= 1197] [PC=   7] [stage=EXECUTE  ]     branch test: R1=30 vs R2=32 -> False
[tick= 1197] [PC=   7] [stage=EXECUTE  ]   EXECUTE BGE R1, R2, +7
[tick= 1199] [PC=   7] [stage=FETCH    ]   FETCH word=0x01631000 (ADD R6, R3, R1)
[tick= 1200] [PC=   8] [stage=DECODE   ]   DECODE ADD R6, R3, R1
[tick= 1201] [PC=   8] [stage=EXECUTE  ]   EXECUTE ADD R6, R3, R1
[tick= 1202] [PC=   8] [stage=WRITEBACK]   WRITEBACK R6 <- 330
[tick= 1204] [PC=   8] [stage=FETCH    ]   FETCH word=0x20660000 (LW R6, 0(R6))
[tick= 1205] [PC=   9] [stage=DECODE   ]   DECODE LW R6, 0(R6)
[tick= 1206] [PC=   9] [stage=EXECUTE  ]   EXECUTE LW R6, 0(R6)
[tick= 1207] [PC=   9] [stage=MEMORY   ]   MEMORY LW addr=330 -> 31
[tick= 1208] [PC=   9] [stage=WRITEBACK]   WRITEBACK R6 <- 31
[tick= 1210] [PC=   9] [stage=FETCH    ]   FETCH word=0x01446000 (ADD R4, R4, R6)
[tick= 1211] [PC=  10] [stage=DECODE   ]   DECODE ADD R4, R4, R6
[tick= 1212] [PC=  10] [stage=EXECUTE  ]   EXECUTE ADD R4, R4, R6
[tick= 1213] [PC=  10] [stage=WRITEBACK]   WRITEBACK R4 <- 496
[tick= 1215] [PC=  10] [stage=FETCH    ]   FETCH word=0x03666000 (MUL R6, R6, R6)
[tick= 1216] [PC=  11] [stage=DECODE   ]   DECODE MUL R6, R6, R6
[tick= 1217] [PC=  11] [stage=EXECUTE  ]   EXECUTE MUL R6, R6, R6
[tick= 1218] [PC=  11] [stage=WRITEBACK]   WRITEBACK R6 <- 961
[tick= 1220] [PC=  11] [stage=FETCH    ]   FETCH word=0x01556000 (ADD R5, R5, R6)
[tick= 1221] [PC=  12] [stage=DECODE   ]   DECODE ADD R5, R5, R6
[tick= 1222] [PC=  12] [stage=EXECUTE  ]   EXECUTE ADD R5, R5, R6
[tick= 1223] [PC=  12] [stage=WRITEBACK]   WRITEBACK R5 <- 10416
[tick= 1225] [PC=  12] [stage=FETCH    ]   FETCH word=0x11110001 (ADDI R1, R1, 1)
[tick= 1226] [PC=  13] [stage=DECODE   ]   DECODE ADDI R1, R1, 1
[tick= 1227] [PC=  13] [stage=EXECUTE  ]   EXECUTE ADDI R1, R1, 1
[tick= 1228] [PC=  13] [stage=WRITEBACK]   WRITEBACK R1 <- 31
[tick= 1230] [PC=  13] [stage=FETCH    ]   FETCH word=0x40000006 (JMP 6)
[tick= 1231] [PC=  14] [stage=DECODE   ]   DECODE JMP 6
[tick= 1232] [PC=   6] [stage=EXECUTE  ]   EXECUTE JMP 6
[tick= 1234] [PC=   6] [stage=FETCH    ]   FETCH word=0x35120007 (BGE R1, R2, +7)
[tick= 1235] [PC=   7] [stage=DECODE   ]   DECODE BGE R1, R2, +7
[tick= 1236] [PC=   7] [stage=EXECUTE  ]     branch test: R1=31 vs R2=32 -> False
[tick= 1236] [PC=   7] [stage=EXECUTE  ]   EXECUTE BGE R1, R2, +7
[tick= 1238] [PC=   7] [stage=FETCH    ]   FETCH word=0x01631000 (ADD R6, R3, R1)
[tick= 1239] [PC=   8] [stage=DECODE   ]   DECODE ADD R6, R3, R1
[tick= 1240] [PC=   8] [stage=EXECUTE  ]   EXECUTE ADD R6, R3, R1
[tick= 1241] [PC=   8] [stage=WRITEBACK]   WRITEBACK R6 <- 331
[tick= 1243] [PC=   8] [stage=FETCH    ]   FETCH word=0x20660000 (LW R6, 0(R6))
[tick= 1244] [PC=   9] [stage=DECODE   ]   DECODE LW R6, 0(R6)
[tick= 1245] [PC=   9] [stage=EXECUTE  ]   EXECUTE LW R6, 0(R6)
[tick= 1246] [PC=   9] [stage=MEMORY   ]   MEMORY LW addr=331 -> 32
[tick= 1247] [PC=   9] [stage=WRITEBACK]   WRITEBACK R6 <- 32
[tick= 1249] [PC=   9] [stage=FETCH    ]   FETCH word=0x01446000 (ADD R4, R4, R6)
[tick= 1250] [PC=  10] [stage=DECODE   ]   DECODE ADD R4, R4, R6
[tick= 1251] [PC=  10] [stage=EXECUTE  ]   EXECUTE ADD R4, R4, R6
[tick= 1252] [PC=  10] [stage=WRITEBACK]   WRITEBACK R4 <- 528
[tick= 1254] [PC=  10] [stage=FETCH    ]   FETCH word=0x03666000 (MUL R6, R6, R6)
[tick= 1255] [PC=  11] [stage=DECODE   ]   DECODE MUL R6, R6, R6
[tick= 1256] [PC=  11] [stage=EXECUTE  ]   EXECUTE MUL R6, R6, R6
[tick= 1257] [PC=  11] [stage=WRITEBACK]   WRITEBACK R6 <- 1024
[tick= 1259] [PC=  11] [stage=FETCH    ]   FETCH word=0x01556000 (ADD R5, R5, R6)
[tick= 1260] [PC=  12] [stage=DECODE   ]   DECODE ADD R5, R5, R6
[tick= 1261] [PC=  12] [stage=EXECUTE  ]   EXECUTE ADD R5, R5, R6
[tick= 1262] [PC=  12] [stage=WRITEBACK]   WRITEBACK R5 <- 11440
[tick= 1264] [PC=  12] [stage=FETCH    ]   FETCH word=0x11110001 (ADDI R1, R1, 1)
[tick= 1265] [PC=  13] [stage=DECODE   ]   DECODE ADDI R1, R1, 1
[tick= 1266] [PC=  13] [stage=EXECUTE  ]   EXECUTE ADDI R1, R1, 1
[tick= 1267] [PC=  13] [stage=WRITEBACK]   WRITEBACK R1 <- 32
[tick= 1269] [PC=  13] [stage=FETCH    ]   FETCH word=0x40000006 (JMP 6)
[tick= 1270] [PC=  14] [stage=DECODE   ]   DECODE JMP 6
[tick= 1271] [PC=   6] [stage=EXECUTE  ]   EXECUTE JMP 6
[tick= 1273] [PC=   6] [stage=FETCH    ]   FETCH word=0x35120007 (BGE R1, R2, +7)
[tick= 1274] [PC=   7] [stage=DECODE   ]   DECODE BGE R1, R2, +7
[tick= 1275] [PC=   7] [stage=EXECUTE  ]     branch test: R1=32 vs R2=32 -> True
[tick= 1275] [PC=  14] [stage=EXECUTE  ]   EXECUTE BGE R1, R2, +7
[tick= 1277] [PC=  14] [stage=FETCH    ]   FETCH word=0x03444000 (MUL R4, R4, R4)
[tick= 1278] [PC=  15] [stage=DECODE   ]   DECODE MUL R4, R4, R4
[tick= 1279] [PC=  15] [stage=EXECUTE  ]   EXECUTE MUL R4, R4, R4
[tick= 1280] [PC=  15] [stage=WRITEBACK]   WRITEBACK R4 <- 278784
[tick= 1282] [PC=  15] [stage=FETCH    ]   FETCH word=0x02645000 (SUB R6, R4, R5)
[tick= 1283] [PC=  16] [stage=DECODE   ]   DECODE SUB R6, R4, R5
[tick= 1284] [PC=  16] [stage=EXECUTE  ]   EXECUTE SUB R6, R4, R5
[tick= 1285] [PC=  16] [stage=WRITEBACK]   WRITEBACK R6 <- 267344
[tick= 1287] [PC=  16] [stage=FETCH    ]   FETCH word=0x41700015 (JAL R7, 21)
[tick= 1288] [PC=  17] [stage=DECODE   ]   DECODE JAL R7, 21
[tick= 1289] [PC=  21] [stage=EXECUTE  ]   EXECUTE JAL R7, 21
[tick= 1290] [PC=  21] [stage=WRITEBACK]   WRITEBACK R7 <- 17
[tick= 1292] [PC=  21] [stage=FETCH    ]   FETCH word=0x22300000 (LI R3, 0)
[tick= 1293] [PC=  22] [stage=DECODE   ]   DECODE LI R3, 0
[tick= 1294] [PC=  22] [stage=EXECUTE  ]   EXECUTE LI R3, 0
[tick= 1295] [PC=  22] [stage=WRITEBACK]   WRITEBACK R3 <- 0
[tick= 1297] [PC=  22] [stage=FETCH    ]   FETCH word=0x22400190 (LI R4, 400)
[tick= 1298] [PC=  23] [stage=DECODE   ]   DECODE LI R4, 400
[tick= 1299] [PC=  23] [stage=EXECUTE  ]   EXECUTE LI R4, 400
[tick= 1300] [PC=  23] [stage=WRITEBACK]   WRITEBACK R4 <- 400
[tick= 1302] [PC=  23] [stage=FETCH    ]   FETCH word=0x2250000A (LI R5, 10)
[tick= 1303] [PC=  24] [stage=DECODE   ]   DECODE LI R5, 10
[tick= 1304] [PC=  24] [stage=EXECUTE  ]   EXECUTE LI R5, 10
[tick= 1305] [PC=  24] [stage=WRITEBACK]   WRITEBACK R5 <- 10
[tick= 1307] [PC=  24] [stage=FETCH    ]   FETCH word=0x30600008 (BEQ R6, R0, +8)
[tick= 1308] [PC=  25] [stage=DECODE   ]   DECODE BEQ R6, R0, +8
[tick= 1309] [PC=  25] [stage=EXECUTE  ]     branch test: R6=267344 vs R0=0 -> False
[tick= 1309] [PC=  25] [stage=EXECUTE  ]   EXECUTE BEQ R6, R0, +8
[tick= 1311] [PC=  25] [stage=FETCH    ]   FETCH word=0x3060000A (BEQ R6, R0, +10)
[tick= 1312] [PC=  26] [stage=DECODE   ]   DECODE BEQ R6, R0, +10
[tick= 1313] [PC=  26] [stage=EXECUTE  ]     branch test: R6=267344 vs R0=0 -> False
[tick= 1313] [PC=  26] [stage=EXECUTE  ]   EXECUTE BEQ R6, R0, +10
[tick= 1315] [PC=  26] [stage=FETCH    ]   FETCH word=0x05165000 (MOD R1, R6, R5)
[tick= 1316] [PC=  27] [stage=DECODE   ]   DECODE MOD R1, R6, R5
[tick= 1317] [PC=  27] [stage=EXECUTE  ]   EXECUTE MOD R1, R6, R5
[tick= 1318] [PC=  27] [stage=WRITEBACK]   WRITEBACK R1 <- 4
[tick= 1320] [PC=  27] [stage=FETCH    ]   FETCH word=0x04665000 (DIV R6, R6, R5)
[tick= 1321] [PC=  28] [stage=DECODE   ]   DECODE DIV R6, R6, R5
[tick= 1322] [PC=  28] [stage=EXECUTE  ]   EXECUTE DIV R6, R6, R5
[tick= 1323] [PC=  28] [stage=WRITEBACK]   WRITEBACK R6 <- 26734
[tick= 1325] [PC=  28] [stage=FETCH    ]   FETCH word=0x11110030 (ADDI R1, R1, 48)
[tick= 1326] [PC=  29] [stage=DECODE   ]   DECODE ADDI R1, R1, 48
[tick= 1327] [PC=  29] [stage=EXECUTE  ]   EXECUTE ADDI R1, R1, 48
[tick= 1328] [PC=  29] [stage=WRITEBACK]   WRITEBACK R1 <- 52
[tick= 1330] [PC=  29] [stage=FETCH    ]   FETCH word=0x21140000 (SW R1, 0(R4))
[tick= 1331] [PC=  30] [stage=DECODE   ]   DECODE SW R1, 0(R4)
[tick= 1332] [PC=  30] [stage=EXECUTE  ]   EXECUTE SW R1, 0(R4)
[tick= 1333] [PC=  30] [stage=MEMORY   ]   MEMORY SW addr=400 val=52
[tick= 1335] [PC=  30] [stage=FETCH    ]   FETCH word=0x11440001 (ADDI R4, R4, 1)
[tick= 1336] [PC=  31] [stage=DECODE   ]   DECODE ADDI R4, R4, 1
[tick= 1337] [PC=  31] [stage=EXECUTE  ]   EXECUTE ADDI R4, R4, 1
[tick= 1338] [PC=  31] [stage=WRITEBACK]   WRITEBACK R4 <- 401
[tick= 1340] [PC=  31] [stage=FETCH    ]   FETCH word=0x11330001 (ADDI R3, R3, 1)
[tick= 1341] [PC=  32] [stage=DECODE   ]   DECODE ADDI R3, R3, 1
[tick= 1342] [PC=  32] [stage=EXECUTE  ]   EXECUTE ADDI R3, R3, 1
[tick= 1343] [PC=  32] [stage=WRITEBACK]   WRITEBACK R3 <- 1
[tick= 1345] [PC=  32] [stage=FETCH    ]   FETCH word=0x40000019 (JMP 25)
[tick= 1346] [PC=  33] [stage=DECODE   ]   DECODE JMP 25
[tick= 1347] [PC=  25] [stage=EXECUTE  ]   EXECUTE JMP 25
[tick= 1349] [PC=  25] [stage=FETCH    ]   FETCH word=0x3060000A (BEQ R6, R0, +10)
[tick= 1350] [PC=  26] [stage=DECODE   ]   DECODE BEQ R6, R0, +10
[tick= 1351] [PC=  26] [stage=EXECUTE  ]     branch test: R6=26734 vs R0=0 -> False
[tick= 1351] [PC=  26] [stage=EXECUTE  ]   EXECUTE BEQ R6, R0, +10
[tick= 1353] [PC=  26] [stage=FETCH    ]   FETCH word=0x05165000 (MOD R1, R6, R5)
[tick= 1354] [PC=  27] [stage=DECODE   ]   DECODE MOD R1, R6, R5
[tick= 1355] [PC=  27] [stage=EXECUTE  ]   EXECUTE MOD R1, R6, R5
[tick= 1356] [PC=  27] [stage=WRITEBACK]   WRITEBACK R1 <- 4
[tick= 1358] [PC=  27] [stage=FETCH    ]   FETCH word=0x04665000 (DIV R6, R6, R5)
[tick= 1359] [PC=  28] [stage=DECODE   ]   DECODE DIV R6, R6, R5
[tick= 1360] [PC=  28] [stage=EXECUTE  ]   EXECUTE DIV R6, R6, R5
[tick= 1361] [PC=  28] [stage=WRITEBACK]   WRITEBACK R6 <- 2673
[tick= 1363] [PC=  28] [stage=FETCH    ]   FETCH word=0x11110030 (ADDI R1, R1, 48)
[tick= 1364] [PC=  29] [stage=DECODE   ]   DECODE ADDI R1, R1, 48
[tick= 1365] [PC=  29] [stage=EXECUTE  ]   EXECUTE ADDI R1, R1, 48
[tick= 1366] [PC=  29] [stage=WRITEBACK]   WRITEBACK R1 <- 52
[tick= 1368] [PC=  29] [stage=FETCH    ]   FETCH word=0x21140000 (SW R1, 0(R4))
[tick= 1369] [PC=  30] [stage=DECODE   ]   DECODE SW R1, 0(R4)
[tick= 1370] [PC=  30] [stage=EXECUTE  ]   EXECUTE SW R1, 0(R4)
[tick= 1371] [PC=  30] [stage=MEMORY   ]   MEMORY SW addr=401 val=52
[tick= 1373] [PC=  30] [stage=FETCH    ]   FETCH word=0x11440001 (ADDI R4, R4, 1)
[tick= 1374] [PC=  31] [stage=DECODE   ]   DECODE ADDI R4, R4, 1
[tick= 1375] [PC=  31] [stage=EXECUTE  ]   EXECUTE ADDI R4, R4, 1
[tick= 1376] [PC=  31] [stage=WRITEBACK]   WRITEBACK R4 <- 402
[tick= 1378] [PC=  31] [stage=FETCH    ]   FETCH word=0x11330001 (ADDI R3, R3, 1)
[tick= 1379] [PC=  32] [stage=DECODE   ]   DECODE ADDI R3, R3, 1
[tick= 1380] [PC=  32] [stage=EXECUTE  ]   EXECUTE ADDI R3, R3, 1
[tick= 1381] [PC=  32] [stage=WRITEBACK]   WRITEBACK R3 <- 2
[tick= 1383] [PC=  32] [stage=FETCH    ]   FETCH word=0x40000019 (JMP 25)
[tick= 1384] [PC=  33] [stage=DECODE   ]   DECODE JMP 25
[tick= 1385] [PC=  25] [stage=EXECUTE  ]   EXECUTE JMP 25
[tick= 1387] [PC=  25] [stage=FETCH    ]   FETCH word=0x3060000A (BEQ R6, R0, +10)
[tick= 1388] [PC=  26] [stage=DECODE   ]   DECODE BEQ R6, R0, +10
[tick= 1389] [PC=  26] [stage=EXECUTE  ]     branch test: R6=2673 vs R0=0 -> False
[tick= 1389] [PC=  26] [stage=EXECUTE  ]   EXECUTE BEQ R6, R0, +10
[tick= 1391] [PC=  26] [stage=FETCH    ]   FETCH word=0x05165000 (MOD R1, R6, R5)
[tick= 1392] [PC=  27] [stage=DECODE   ]   DECODE MOD R1, R6, R5
[tick= 1393] [PC=  27] [stage=EXECUTE  ]   EXECUTE MOD R1, R6, R5
[tick= 1394] [PC=  27] [stage=WRITEBACK]   WRITEBACK R1 <- 3
[tick= 1396] [PC=  27] [stage=FETCH    ]   FETCH word=0x04665000 (DIV R6, R6, R5)
[tick= 1397] [PC=  28] [stage=DECODE   ]   DECODE DIV R6, R6, R5
[tick= 1398] [PC=  28] [stage=EXECUTE  ]   EXECUTE DIV R6, R6, R5
[tick= 1399] [PC=  28] [stage=WRITEBACK]   WRITEBACK R6 <- 267
[tick= 1401] [PC=  28] [stage=FETCH    ]   FETCH word=0x11110030 (ADDI R1, R1, 48)
[tick= 1402] [PC=  29] [stage=DECODE   ]   DECODE ADDI R1, R1, 48
[tick= 1403] [PC=  29] [stage=EXECUTE  ]   EXECUTE ADDI R1, R1, 48
[tick= 1404] [PC=  29] [stage=WRITEBACK]   WRITEBACK R1 <- 51
[tick= 1406] [PC=  29] [stage=FETCH    ]   FETCH word=0x21140000 (SW R1, 0(R4))
[tick= 1407] [PC=  30] [stage=DECODE   ]   DECODE SW R1, 0(R4)
[tick= 1408] [PC=  30] [stage=EXECUTE  ]   EXECUTE SW R1, 0(R4)
[tick= 1409] [PC=  30] [stage=MEMORY   ]   MEMORY SW addr=402 val=51
[tick= 1411] [PC=  30] [stage=FETCH    ]   FETCH word=0x11440001 (ADDI R4, R4, 1)
[tick= 1412] [PC=  31] [stage=DECODE   ]   DECODE ADDI R4, R4, 1
[tick= 1413] [PC=  31] [stage=EXECUTE  ]   EXECUTE ADDI R4, R4, 1
[tick= 1414] [PC=  31] [stage=WRITEBACK]   WRITEBACK R4 <- 403
[tick= 1416] [PC=  31] [stage=FETCH    ]   FETCH word=0x11330001 (ADDI R3, R3, 1)
[tick= 1417] [PC=  32] [stage=DECODE   ]   DECODE ADDI R3, R3, 1
[tick= 1418] [PC=  32] [stage=EXECUTE  ]   EXECUTE ADDI R3, R3, 1
[tick= 1419] [PC=  32] [stage=WRITEBACK]   WRITEBACK R3 <- 3
[tick= 1421] [PC=  32] [stage=FETCH    ]   FETCH word=0x40000019 (JMP 25)
[tick= 1422] [PC=  33] [stage=DECODE   ]   DECODE JMP 25
[tick= 1423] [PC=  25] [stage=EXECUTE  ]   EXECUTE JMP 25
[tick= 1425] [PC=  25] [stage=FETCH    ]   FETCH word=0x3060000A (BEQ R6, R0, +10)
[tick= 1426] [PC=  26] [stage=DECODE   ]   DECODE BEQ R6, R0, +10
[tick= 1427] [PC=  26] [stage=EXECUTE  ]     branch test: R6=267 vs R0=0 -> False
[tick= 1427] [PC=  26] [stage=EXECUTE  ]   EXECUTE BEQ R6, R0, +10
[tick= 1429] [PC=  26] [stage=FETCH    ]   FETCH word=0x05165000 (MOD R1, R6, R5)
[tick= 1430] [PC=  27] [stage=DECODE   ]   DECODE MOD R1, R6, R5
[tick= 1431] [PC=  27] [stage=EXECUTE  ]   EXECUTE MOD R1, R6, R5
[tick= 1432] [PC=  27] [stage=WRITEBACK]   WRITEBACK R1 <- 7
[tick= 1434] [PC=  27] [stage=FETCH    ]   FETCH word=0x04665000 (DIV R6, R6, R5)
[tick= 1435] [PC=  28] [stage=DECODE   ]   DECODE DIV R6, R6, R5
[tick= 1436] [PC=  28] [stage=EXECUTE  ]   EXECUTE DIV R6, R6, R5
[tick= 1437] [PC=  28] [stage=WRITEBACK]   WRITEBACK R6 <- 26
[tick= 1439] [PC=  28] [stage=FETCH    ]   FETCH word=0x11110030 (ADDI R1, R1, 48)
[tick= 1440] [PC=  29] [stage=DECODE   ]   DECODE ADDI R1, R1, 48
[tick= 1441] [PC=  29] [stage=EXECUTE  ]   EXECUTE ADDI R1, R1, 48
[tick= 1442] [PC=  29] [stage=WRITEBACK]   WRITEBACK R1 <- 55
[tick= 1444] [PC=  29] [stage=FETCH    ]   FETCH word=0x21140000 (SW R1, 0(R4))
[tick= 1445] [PC=  30] [stage=DECODE   ]   DECODE SW R1, 0(R4)
[tick= 1446] [PC=  30] [stage=EXECUTE  ]   EXECUTE SW R1, 0(R4)
[tick= 1447] [PC=  30] [stage=MEMORY   ]   MEMORY SW addr=403 val=55
[tick= 1449] [PC=  30] [stage=FETCH    ]   FETCH word=0x11440001 (ADDI R4, R4, 1)
[tick= 1450] [PC=  31] [stage=DECODE   ]   DECODE ADDI R4, R4, 1
[tick= 1451] [PC=  31] [stage=EXECUTE  ]   EXECUTE ADDI R4, R4, 1
[tick= 1452] [PC=  31] [stage=WRITEBACK]   WRITEBACK R4 <- 404
[tick= 1454] [PC=  31] [stage=FETCH    ]   FETCH word=0x11330001 (ADDI R3, R3, 1)
[tick= 1455] [PC=  32] [stage=DECODE   ]   DECODE ADDI R3, R3, 1
[tick= 1456] [PC=  32] [stage=EXECUTE  ]   EXECUTE ADDI R3, R3, 1
[tick= 1457] [PC=  32] [stage=WRITEBACK]   WRITEBACK R3 <- 4
[tick= 1459] [PC=  32] [stage=FETCH    ]   FETCH word=0x40000019 (JMP 25)
[tick= 1460] [PC=  33] [stage=DECODE   ]   DECODE JMP 25
[tick= 1461] [PC=  25] [stage=EXECUTE  ]   EXECUTE JMP 25
[tick= 1463] [PC=  25] [stage=FETCH    ]   FETCH word=0x3060000A (BEQ R6, R0, +10)
[tick= 1464] [PC=  26] [stage=DECODE   ]   DECODE BEQ R6, R0, +10
[tick= 1465] [PC=  26] [stage=EXECUTE  ]     branch test: R6=26 vs R0=0 -> False
[tick= 1465] [PC=  26] [stage=EXECUTE  ]   EXECUTE BEQ R6, R0, +10
[tick= 1467] [PC=  26] [stage=FETCH    ]   FETCH word=0x05165000 (MOD R1, R6, R5)
[tick= 1468] [PC=  27] [stage=DECODE   ]   DECODE MOD R1, R6, R5
[tick= 1469] [PC=  27] [stage=EXECUTE  ]   EXECUTE MOD R1, R6, R5
[tick= 1470] [PC=  27] [stage=WRITEBACK]   WRITEBACK R1 <- 6
[tick= 1472] [PC=  27] [stage=FETCH    ]   FETCH word=0x04665000 (DIV R6, R6, R5)
[tick= 1473] [PC=  28] [stage=DECODE   ]   DECODE DIV R6, R6, R5
[tick= 1474] [PC=  28] [stage=EXECUTE  ]   EXECUTE DIV R6, R6, R5
[tick= 1475] [PC=  28] [stage=WRITEBACK]   WRITEBACK R6 <- 2
[tick= 1477] [PC=  28] [stage=FETCH    ]   FETCH word=0x11110030 (ADDI R1, R1, 48)
[tick= 1478] [PC=  29] [stage=DECODE   ]   DECODE ADDI R1, R1, 48
[tick= 1479] [PC=  29] [stage=EXECUTE  ]   EXECUTE ADDI R1, R1, 48
[tick= 1480] [PC=  29] [stage=WRITEBACK]   WRITEBACK R1 <- 54
[tick= 1482] [PC=  29] [stage=FETCH    ]   FETCH word=0x21140000 (SW R1, 0(R4))
[tick= 1483] [PC=  30] [stage=DECODE   ]   DECODE SW R1, 0(R4)
[tick= 1484] [PC=  30] [stage=EXECUTE  ]   EXECUTE SW R1, 0(R4)
[tick= 1485] [PC=  30] [stage=MEMORY   ]   MEMORY SW addr=404 val=54
[tick= 1487] [PC=  30] [stage=FETCH    ]   FETCH word=0x11440001 (ADDI R4, R4, 1)
[tick= 1488] [PC=  31] [stage=DECODE   ]   DECODE ADDI R4, R4, 1
[tick= 1489] [PC=  31] [stage=EXECUTE  ]   EXECUTE ADDI R4, R4, 1
[tick= 1490] [PC=  31] [stage=WRITEBACK]   WRITEBACK R4 <- 405
[tick= 1492] [PC=  31] [stage=FETCH    ]   FETCH word=0x11330001 (ADDI R3, R3, 1)
[tick= 1493] [PC=  32] [stage=DECODE   ]   DECODE ADDI R3, R3, 1
[tick= 1494] [PC=  32] [stage=EXECUTE  ]   EXECUTE ADDI R3, R3, 1
[tick= 1495] [PC=  32] [stage=WRITEBACK]   WRITEBACK R3 <- 5
[tick= 1497] [PC=  32] [stage=FETCH    ]   FETCH word=0x40000019 (JMP 25)
[tick= 1498] [PC=  33] [stage=DECODE   ]   DECODE JMP 25
[tick= 1499] [PC=  25] [stage=EXECUTE  ]   EXECUTE JMP 25
[tick= 1501] [PC=  25] [stage=FETCH    ]   FETCH word=0x3060000A (BEQ R6, R0, +10)
[tick= 1502] [PC=  26] [stage=DECODE   ]   DECODE BEQ R6, R0, +10
[tick= 1503] [PC=  26] [stage=EXECUTE  ]     branch test: R6=2 vs R0=0 -> False
[tick= 1503] [PC=  26] [stage=EXECUTE  ]   EXECUTE BEQ R6, R0, +10
[tick= 1505] [PC=  26] [stage=FETCH    ]   FETCH word=0x05165000 (MOD R1, R6, R5)
[tick= 1506] [PC=  27] [stage=DECODE   ]   DECODE MOD R1, R6, R5
[tick= 1507] [PC=  27] [stage=EXECUTE  ]   EXECUTE MOD R1, R6, R5
[tick= 1508] [PC=  27] [stage=WRITEBACK]   WRITEBACK R1 <- 2
[tick= 1510] [PC=  27] [stage=FETCH    ]   FETCH word=0x04665000 (DIV R6, R6, R5)
[tick= 1511] [PC=  28] [stage=DECODE   ]   DECODE DIV R6, R6, R5
[tick= 1512] [PC=  28] [stage=EXECUTE  ]   EXECUTE DIV R6, R6, R5
[tick= 1513] [PC=  28] [stage=WRITEBACK]   WRITEBACK R6 <- 0
[tick= 1515] [PC=  28] [stage=FETCH    ]   FETCH word=0x11110030 (ADDI R1, R1, 48)
[tick= 1516] [PC=  29] [stage=DECODE   ]   DECODE ADDI R1, R1, 48
[tick= 1517] [PC=  29] [stage=EXECUTE  ]   EXECUTE ADDI R1, R1, 48
[tick= 1518] [PC=  29] [stage=WRITEBACK]   WRITEBACK R1 <- 50
[tick= 1520] [PC=  29] [stage=FETCH    ]   FETCH word=0x21140000 (SW R1, 0(R4))
[tick= 1521] [PC=  30] [stage=DECODE   ]   DECODE SW R1, 0(R4)
[tick= 1522] [PC=  30] [stage=EXECUTE  ]   EXECUTE SW R1, 0(R4)
[tick= 1523] [PC=  30] [stage=MEMORY   ]   MEMORY SW addr=405 val=50
[tick= 1525] [PC=  30] [stage=FETCH    ]   FETCH word=0x11440001 (ADDI R4, R4, 1)
[tick= 1526] [PC=  31] [stage=DECODE   ]   DECODE ADDI R4, R4, 1
[tick= 1527] [PC=  31] [stage=EXECUTE  ]   EXECUTE ADDI R4, R4, 1
[tick= 1528] [PC=  31] [stage=WRITEBACK]   WRITEBACK R4 <- 406
[tick= 1530] [PC=  31] [stage=FETCH    ]   FETCH word=0x11330001 (ADDI R3, R3, 1)
[tick= 1531] [PC=  32] [stage=DECODE   ]   DECODE ADDI R3, R3, 1
[tick= 1532] [PC=  32] [stage=EXECUTE  ]   EXECUTE ADDI R3, R3, 1
[tick= 1533] [PC=  32] [stage=WRITEBACK]   WRITEBACK R3 <- 6
[tick= 1535] [PC=  32] [stage=FETCH    ]   FETCH word=0x40000019 (JMP 25)
[tick= 1536] [PC=  33] [stage=DECODE   ]   DECODE JMP 25
[tick= 1537] [PC=  25] [stage=EXECUTE  ]   EXECUTE JMP 25
[tick= 1539] [PC=  25] [stage=FETCH    ]   FETCH word=0x3060000A (BEQ R6, R0, +10)
[tick= 1540] [PC=  26] [stage=DECODE   ]   DECODE BEQ R6, R0, +10
[tick= 1541] [PC=  26] [stage=EXECUTE  ]     branch test: R6=0 vs R0=0 -> True
[tick= 1541] [PC=  36] [stage=EXECUTE  ]   EXECUTE BEQ R6, R0, +10
[tick= 1543] [PC=  36] [stage=FETCH    ]   FETCH word=0x222007FF (LI R2, 2047)
[tick= 1544] [PC=  37] [stage=DECODE   ]   DECODE LI R2, 2047
[tick= 1545] [PC=  37] [stage=EXECUTE  ]   EXECUTE LI R2, 2047
[tick= 1546] [PC=  37] [stage=WRITEBACK]   WRITEBACK R2 <- 2047
[tick= 1548] [PC=  37] [stage=FETCH    ]   FETCH word=0x22500190 (LI R5, 400)
[tick= 1549] [PC=  38] [stage=DECODE   ]   DECODE LI R5, 400
[tick= 1550] [PC=  38] [stage=EXECUTE  ]   EXECUTE LI R5, 400
[tick= 1551] [PC=  38] [stage=WRITEBACK]   WRITEBACK R5 <- 400
[tick= 1553] [PC=  38] [stage=FETCH    ]   FETCH word=0x30300005 (BEQ R3, R0, +5)
[tick= 1554] [PC=  39] [stage=DECODE   ]   DECODE BEQ R3, R0, +5
[tick= 1555] [PC=  39] [stage=EXECUTE  ]     branch test: R3=6 vs R0=0 -> False
[tick= 1555] [PC=  39] [stage=EXECUTE  ]   EXECUTE BEQ R3, R0, +5
[tick= 1557] [PC=  39] [stage=FETCH    ]   FETCH word=0x1133FFFF (ADDI R3, R3, -1)
[tick= 1558] [PC=  40] [stage=DECODE   ]   DECODE ADDI R3, R3, -1
[tick= 1559] [PC=  40] [stage=EXECUTE  ]   EXECUTE ADDI R3, R3, -1
[tick= 1560] [PC=  40] [stage=WRITEBACK]   WRITEBACK R3 <- 5
[tick= 1562] [PC=  40] [stage=FETCH    ]   FETCH word=0x01153000 (ADD R1, R5, R3)
[tick= 1563] [PC=  41] [stage=DECODE   ]   DECODE ADD R1, R5, R3
[tick= 1564] [PC=  41] [stage=EXECUTE  ]   EXECUTE ADD R1, R5, R3
[tick= 1565] [PC=  41] [stage=WRITEBACK]   WRITEBACK R1 <- 405
[tick= 1567] [PC=  41] [stage=FETCH    ]   FETCH word=0x20110000 (LW R1, 0(R1))
[tick= 1568] [PC=  42] [stage=DECODE   ]   DECODE LW R1, 0(R1)
[tick= 1569] [PC=  42] [stage=EXECUTE  ]   EXECUTE LW R1, 0(R1)
[tick= 1570] [PC=  42] [stage=MEMORY   ]   MEMORY LW addr=405 -> 50
[tick= 1571] [PC=  42] [stage=WRITEBACK]   WRITEBACK R1 <- 50
[tick= 1573] [PC=  42] [stage=FETCH    ]   FETCH word=0x21120000 (SW R1, 0(R2))
[tick= 1574] [PC=  43] [stage=DECODE   ]   DECODE SW R1, 0(R2)
[tick= 1575] [PC=  43] [stage=EXECUTE  ]   EXECUTE SW R1, 0(R2)
[tick= 1576] [PC=  43] [stage=MEMORY   ]   MEMORY SW addr=2047 val=50
[tick= 1578] [PC=  43] [stage=FETCH    ]   FETCH word=0x40000026 (JMP 38)
[tick= 1579] [PC=  44] [stage=DECODE   ]   DECODE JMP 38
[tick= 1580] [PC=  38] [stage=EXECUTE  ]   EXECUTE JMP 38
[tick= 1582] [PC=  38] [stage=FETCH    ]   FETCH word=0x30300005 (BEQ R3, R0, +5)
[tick= 1583] [PC=  39] [stage=DECODE   ]   DECODE BEQ R3, R0, +5
[tick= 1584] [PC=  39] [stage=EXECUTE  ]     branch test: R3=5 vs R0=0 -> False
[tick= 1584] [PC=  39] [stage=EXECUTE  ]   EXECUTE BEQ R3, R0, +5
[tick= 1586] [PC=  39] [stage=FETCH    ]   FETCH word=0x1133FFFF (ADDI R3, R3, -1)
[tick= 1587] [PC=  40] [stage=DECODE   ]   DECODE ADDI R3, R3, -1
[tick= 1588] [PC=  40] [stage=EXECUTE  ]   EXECUTE ADDI R3, R3, -1
[tick= 1589] [PC=  40] [stage=WRITEBACK]   WRITEBACK R3 <- 4
[tick= 1591] [PC=  40] [stage=FETCH    ]   FETCH word=0x01153000 (ADD R1, R5, R3)
[tick= 1592] [PC=  41] [stage=DECODE   ]   DECODE ADD R1, R5, R3
[tick= 1593] [PC=  41] [stage=EXECUTE  ]   EXECUTE ADD R1, R5, R3
[tick= 1594] [PC=  41] [stage=WRITEBACK]   WRITEBACK R1 <- 404
[tick= 1596] [PC=  41] [stage=FETCH    ]   FETCH word=0x20110000 (LW R1, 0(R1))
[tick= 1597] [PC=  42] [stage=DECODE   ]   DECODE LW R1, 0(R1)
[tick= 1598] [PC=  42] [stage=EXECUTE  ]   EXECUTE LW R1, 0(R1)
[tick= 1599] [PC=  42] [stage=MEMORY   ]   MEMORY LW addr=404 -> 54
[tick= 1600] [PC=  42] [stage=WRITEBACK]   WRITEBACK R1 <- 54
[tick= 1602] [PC=  42] [stage=FETCH    ]   FETCH word=0x21120000 (SW R1, 0(R2))
[tick= 1603] [PC=  43] [stage=DECODE   ]   DECODE SW R1, 0(R2)
[tick= 1604] [PC=  43] [stage=EXECUTE  ]   EXECUTE SW R1, 0(R2)
[tick= 1605] [PC=  43] [stage=MEMORY   ]   MEMORY SW addr=2047 val=54
[tick= 1607] [PC=  43] [stage=FETCH    ]   FETCH word=0x40000026 (JMP 38)
[tick= 1608] [PC=  44] [stage=DECODE   ]   DECODE JMP 38
[tick= 1609] [PC=  38] [stage=EXECUTE  ]   EXECUTE JMP 38
[tick= 1611] [PC=  38] [stage=FETCH    ]   FETCH word=0x30300005 (BEQ R3, R0, +5)
[tick= 1612] [PC=  39] [stage=DECODE   ]   DECODE BEQ R3, R0, +5
[tick= 1613] [PC=  39] [stage=EXECUTE  ]     branch test: R3=4 vs R0=0 -> False
[tick= 1613] [PC=  39] [stage=EXECUTE  ]   EXECUTE BEQ R3, R0, +5
[tick= 1615] [PC=  39] [stage=FETCH    ]   FETCH word=0x1133FFFF (ADDI R3, R3, -1)
[tick= 1616] [PC=  40] [stage=DECODE   ]   DECODE ADDI R3, R3, -1
[tick= 1617] [PC=  40] [stage=EXECUTE  ]   EXECUTE ADDI R3, R3, -1
[tick= 1618] [PC=  40] [stage=WRITEBACK]   WRITEBACK R3 <- 3
[tick= 1620] [PC=  40] [stage=FETCH    ]   FETCH word=0x01153000 (ADD R1, R5, R3)
[tick= 1621] [PC=  41] [stage=DECODE   ]   DECODE ADD R1, R5, R3
[tick= 1622] [PC=  41] [stage=EXECUTE  ]   EXECUTE ADD R1, R5, R3
[tick= 1623] [PC=  41] [stage=WRITEBACK]   WRITEBACK R1 <- 403
[tick= 1625] [PC=  41] [stage=FETCH    ]   FETCH word=0x20110000 (LW R1, 0(R1))
[tick= 1626] [PC=  42] [stage=DECODE   ]   DECODE LW R1, 0(R1)
[tick= 1627] [PC=  42] [stage=EXECUTE  ]   EXECUTE LW R1, 0(R1)
[tick= 1628] [PC=  42] [stage=MEMORY   ]   MEMORY LW addr=403 -> 55
[tick= 1629] [PC=  42] [stage=WRITEBACK]   WRITEBACK R1 <- 55
[tick= 1631] [PC=  42] [stage=FETCH    ]   FETCH word=0x21120000 (SW R1, 0(R2))
[tick= 1632] [PC=  43] [stage=DECODE   ]   DECODE SW R1, 0(R2)
[tick= 1633] [PC=  43] [stage=EXECUTE  ]   EXECUTE SW R1, 0(R2)
[tick= 1634] [PC=  43] [stage=MEMORY   ]   MEMORY SW addr=2047 val=55
[tick= 1636] [PC=  43] [stage=FETCH    ]   FETCH word=0x40000026 (JMP 38)
[tick= 1637] [PC=  44] [stage=DECODE   ]   DECODE JMP 38
[tick= 1638] [PC=  38] [stage=EXECUTE  ]   EXECUTE JMP 38
[tick= 1640] [PC=  38] [stage=FETCH    ]   FETCH word=0x30300005 (BEQ R3, R0, +5)
[tick= 1641] [PC=  39] [stage=DECODE   ]   DECODE BEQ R3, R0, +5
[tick= 1642] [PC=  39] [stage=EXECUTE  ]     branch test: R3=3 vs R0=0 -> False
[tick= 1642] [PC=  39] [stage=EXECUTE  ]   EXECUTE BEQ R3, R0, +5
[tick= 1644] [PC=  39] [stage=FETCH    ]   FETCH word=0x1133FFFF (ADDI R3, R3, -1)
[tick= 1645] [PC=  40] [stage=DECODE   ]   DECODE ADDI R3, R3, -1
[tick= 1646] [PC=  40] [stage=EXECUTE  ]   EXECUTE ADDI R3, R3, -1
[tick= 1647] [PC=  40] [stage=WRITEBACK]   WRITEBACK R3 <- 2
[tick= 1649] [PC=  40] [stage=FETCH    ]   FETCH word=0x01153000 (ADD R1, R5, R3)
[tick= 1650] [PC=  41] [stage=DECODE   ]   DECODE ADD R1, R5, R3
[tick= 1651] [PC=  41] [stage=EXECUTE  ]   EXECUTE ADD R1, R5, R3
[tick= 1652] [PC=  41] [stage=WRITEBACK]   WRITEBACK R1 <- 402
[tick= 1654] [PC=  41] [stage=FETCH    ]   FETCH word=0x20110000 (LW R1, 0(R1))
[tick= 1655] [PC=  42] [stage=DECODE   ]   DECODE LW R1, 0(R1)
[tick= 1656] [PC=  42] [stage=EXECUTE  ]   EXECUTE LW R1, 0(R1)
[tick= 1657] [PC=  42] [stage=MEMORY   ]   MEMORY LW addr=402 -> 51
[tick= 1658] [PC=  42] [stage=WRITEBACK]   WRITEBACK R1 <- 51
[tick= 1660] [PC=  42] [stage=FETCH    ]   FETCH word=0x21120000 (SW R1, 0(R2))
[tick= 1661] [PC=  43] [stage=DECODE   ]   DECODE SW R1, 0(R2)
[tick= 1662] [PC=  43] [stage=EXECUTE  ]   EXECUTE SW R1, 0(R2)
[tick= 1663] [PC=  43] [stage=MEMORY   ]   MEMORY SW addr=2047 val=51
[tick= 1665] [PC=  43] [stage=FETCH    ]   FETCH word=0x40000026 (JMP 38)
[tick= 1666] [PC=  44] [stage=DECODE   ]   DECODE JMP 38
[tick= 1667] [PC=  38] [stage=EXECUTE  ]   EXECUTE JMP 38
[tick= 1669] [PC=  38] [stage=FETCH    ]   FETCH word=0x30300005 (BEQ R3, R0, +5)
[tick= 1670] [PC=  39] [stage=DECODE   ]   DECODE BEQ R3, R0, +5
[tick= 1671] [PC=  39] [stage=EXECUTE  ]     branch test: R3=2 vs R0=0 -> False
[tick= 1671] [PC=  39] [stage=EXECUTE  ]   EXECUTE BEQ R3, R0, +5
[tick= 1673] [PC=  39] [stage=FETCH    ]   FETCH word=0x1133FFFF (ADDI R3, R3, -1)
[tick= 1674] [PC=  40] [stage=DECODE   ]   DECODE ADDI R3, R3, -1
[tick= 1675] [PC=  40] [stage=EXECUTE  ]   EXECUTE ADDI R3, R3, -1
[tick= 1676] [PC=  40] [stage=WRITEBACK]   WRITEBACK R3 <- 1
[tick= 1678] [PC=  40] [stage=FETCH    ]   FETCH word=0x01153000 (ADD R1, R5, R3)
[tick= 1679] [PC=  41] [stage=DECODE   ]   DECODE ADD R1, R5, R3
[tick= 1680] [PC=  41] [stage=EXECUTE  ]   EXECUTE ADD R1, R5, R3
[tick= 1681] [PC=  41] [stage=WRITEBACK]   WRITEBACK R1 <- 401
[tick= 1683] [PC=  41] [stage=FETCH    ]   FETCH word=0x20110000 (LW R1, 0(R1))
[tick= 1684] [PC=  42] [stage=DECODE   ]   DECODE LW R1, 0(R1)
[tick= 1685] [PC=  42] [stage=EXECUTE  ]   EXECUTE LW R1, 0(R1)
[tick= 1686] [PC=  42] [stage=MEMORY   ]   MEMORY LW addr=401 -> 52
[tick= 1687] [PC=  42] [stage=WRITEBACK]   WRITEBACK R1 <- 52
[tick= 1689] [PC=  42] [stage=FETCH    ]   FETCH word=0x21120000 (SW R1, 0(R2))
[tick= 1690] [PC=  43] [stage=DECODE   ]   DECODE SW R1, 0(R2)
[tick= 1691] [PC=  43] [stage=EXECUTE  ]   EXECUTE SW R1, 0(R2)
[tick= 1692] [PC=  43] [stage=MEMORY   ]   MEMORY SW addr=2047 val=52
[tick= 1694] [PC=  43] [stage=FETCH    ]   FETCH word=0x40000026 (JMP 38)
[tick= 1695] [PC=  44] [stage=DECODE   ]   DECODE JMP 38
[tick= 1696] [PC=  38] [stage=EXECUTE  ]   EXECUTE JMP 38
[tick= 1698] [PC=  38] [stage=FETCH    ]   FETCH word=0x30300005 (BEQ R3, R0, +5)
[tick= 1699] [PC=  39] [stage=DECODE   ]   DECODE BEQ R3, R0, +5
[tick= 1700] [PC=  39] [stage=EXECUTE  ]     branch test: R3=1 vs R0=0 -> False
[tick= 1700] [PC=  39] [stage=EXECUTE  ]   EXECUTE BEQ R3, R0, +5
[tick= 1702] [PC=  39] [stage=FETCH    ]   FETCH word=0x1133FFFF (ADDI R3, R3, -1)
[tick= 1703] [PC=  40] [stage=DECODE   ]   DECODE ADDI R3, R3, -1
[tick= 1704] [PC=  40] [stage=EXECUTE  ]   EXECUTE ADDI R3, R3, -1
[tick= 1705] [PC=  40] [stage=WRITEBACK]   WRITEBACK R3 <- 0
[tick= 1707] [PC=  40] [stage=FETCH    ]   FETCH word=0x01153000 (ADD R1, R5, R3)
[tick= 1708] [PC=  41] [stage=DECODE   ]   DECODE ADD R1, R5, R3
[tick= 1709] [PC=  41] [stage=EXECUTE  ]   EXECUTE ADD R1, R5, R3
[tick= 1710] [PC=  41] [stage=WRITEBACK]   WRITEBACK R1 <- 400
[tick= 1712] [PC=  41] [stage=FETCH    ]   FETCH word=0x20110000 (LW R1, 0(R1))
[tick= 1713] [PC=  42] [stage=DECODE   ]   DECODE LW R1, 0(R1)
[tick= 1714] [PC=  42] [stage=EXECUTE  ]   EXECUTE LW R1, 0(R1)
[tick= 1715] [PC=  42] [stage=MEMORY   ]   MEMORY LW addr=400 -> 52
[tick= 1716] [PC=  42] [stage=WRITEBACK]   WRITEBACK R1 <- 52
[tick= 1718] [PC=  42] [stage=FETCH    ]   FETCH word=0x21120000 (SW R1, 0(R2))
[tick= 1719] [PC=  43] [stage=DECODE   ]   DECODE SW R1, 0(R2)
[tick= 1720] [PC=  43] [stage=EXECUTE  ]   EXECUTE SW R1, 0(R2)
[tick= 1721] [PC=  43] [stage=MEMORY   ]   MEMORY SW addr=2047 val=52
[tick= 1723] [PC=  43] [stage=FETCH    ]   FETCH word=0x40000026 (JMP 38)
[tick= 1724] [PC=  44] [stage=DECODE   ]   DECODE JMP 38
[tick= 1725] [PC=  38] [stage=EXECUTE  ]   EXECUTE JMP 38
[tick= 1727] [PC=  38] [stage=FETCH    ]   FETCH word=0x30300005 (BEQ R3, R0, +5)
[tick= 1728] [PC=  39] [stage=DECODE   ]   DECODE BEQ R3, R0, +5
[tick= 1729] [PC=  39] [stage=EXECUTE  ]     branch test: R3=0 vs R0=0 -> True
[tick= 1729] [PC=  44] [stage=EXECUTE  ]   EXECUTE BEQ R3, R0, +5
[tick= 1731] [PC=  44] [stage=FETCH    ]   FETCH word=0x42700000 (JR R7)
[tick= 1732] [PC=  45] [stage=DECODE   ]   DECODE JR R7
[tick= 1733] [PC=  17] [stage=EXECUTE  ]   EXECUTE JR R7
[tick= 1735] [PC=  17] [stage=FETCH    ]   FETCH word=0x2210000A (LI R1, 10)
[tick= 1736] [PC=  18] [stage=DECODE   ]   DECODE LI R1, 10
[tick= 1737] [PC=  18] [stage=EXECUTE  ]   EXECUTE LI R1, 10
[tick= 1738] [PC=  18] [stage=WRITEBACK]   WRITEBACK R1 <- 10
[tick= 1740] [PC=  18] [stage=FETCH    ]   FETCH word=0x222007FF (LI R2, 2047)
[tick= 1741] [PC=  19] [stage=DECODE   ]   DECODE LI R2, 2047
[tick= 1742] [PC=  19] [stage=EXECUTE  ]   EXECUTE LI R2, 2047
[tick= 1743] [PC=  19] [stage=WRITEBACK]   WRITEBACK R2 <- 2047
[tick= 1745] [PC=  19] [stage=FETCH    ]   FETCH word=0x21120000 (SW R1, 0(R2))
[tick= 1746] [PC=  20] [stage=DECODE   ]   DECODE SW R1, 0(R2)
[tick= 1747] [PC=  20] [stage=EXECUTE  ]   EXECUTE SW R1, 0(R2)
[tick= 1748] [PC=  20] [stage=MEMORY   ]   MEMORY SW addr=2047 val=10
[tick= 1750] [PC=  20] [stage=FETCH    ]   FETCH word=0xFF000000 (HLT)
[tick= 1751] [PC=  21] [stage=DECODE   ]   DECODE HLT
[tick= 1752] [PC=  21] [stage=HALTED   ]   HALT
