; entry point: 1
; address - hex      - mnemonic                 - source
0000 - 0000004C - .word irq_handler        - .word irq_handler
0500 - 00000000 - .word 0                  - .word 0
0501 - 00000000 - .word 0                  - .word 0,0,0,0,0,0,0,0,0,0,0,0,0,0,0,0,0,0,0,0,0,0,0,0,0,0,0,0,0,0,0,0
0502 - 00000000 - .word 0                  - .word 0,0,0,0,0,0,0,0,0,0,0,0,0,0,0,0,0,0,0,0,0,0,0,0,0,0,0,0,0,0,0,0
0503 - 00000000 - .word 0                  - .word 0,0,0,0,0,0,0,0,0,0,0,0,0,0,0,0,0,0,0,0,0,0,0,0,0,0,0,0,0,0,0,0
0504 - 00000000 - .word 0                  - .word 0,0,0,0,0,0,0,0,0,0,0,0,0,0,0,0,0,0,0,0,0,0,0,0,0,0,0,0,0,0,0,0
0505 - 00000000 - .word 0                  - .word 0,0,0,0,0,0,0,0,0,0,0,0,0,0,0,0,0,0,0,0,0,0,0,0,0,0,0,0,0,0,0,0
0506 - 00000000 - .word 0                  - .word 0,0,0,0,0,0,0,0,0,0,0,0,0,0,0,0,0,0,0,0,0,0,0,0,0,0,0,0,0,0,0,0
0507 - 00000000 - .word 0                  - .word 0,0,0,0,0,0,0,0,0,0,0,0,0,0,0,0,0,0,0,0,0,0,0,0,0,0,0,0,0,0,0,0
0508 - 00000000 - .word 0                  - .word 0,0,0,0,0,0,0,0,0,0,0,0,0,0,0,0,0,0,0,0,0,0,0,0,0,0,0,0,0,0,0,0
0509 - 00000000 - .word 0                  - .word 0,0,0,0,0,0,0,0,0,0,0,0,0,0,0,0,0,0,0,0,0,0,0,0,0,0,0,0,0,0,0,0
0510 - 00000000 - .word 0                  - .word 0,0,0,0,0,0,0,0,0,0,0,0,0,0,0,0,0,0,0,0,0,0,0,0,0,0,0,0,0,0,0,0
0511 - 00000000 - .word 0                  - .word 0,0,0,0,0,0,0,0,0,0,0,0,0,0,0,0,0,0,0,0,0,0,0,0,0,0,0,0,0,0,0,0
0512 - 00000000 - .word 0                  - .word 0,0,0,0,0,0,0,0,0,0,0,0,0,0,0,0,0,0,0,0,0,0,0,0,0,0,0,0,0,0,0,0
0513 - 00000000 - .word 0                  - .word 0,0,0,0,0,0,0,0,0,0,0,0,0,0,0,0,0,0,0,0,0,0,0,0,0,0,0,0,0,0,0,0
0514 - 00000000 - .word 0                  - .word 0,0,0,0,0,0,0,0,0,0,0,0,0,0,0,0,0,0,0,0,0,0,0,0,0,0,0,0,0,0,0,0
0515 - 00000000 - .word 0                  - .word 0,0,0,0,0,0,0,0,0,0,0,0,0,0,0,0,0,0,0,0,0,0,0,0,0,0,0,0,0,0,0,0
0516 - 00000000 - .word 0                  - .word 0,0,0,0,0,0,0,0,0,0,0,0,0,0,0,0,0,0,0,0,0,0,0,0,0,0,0,0,0,0,0,0
0517 - 00000000 - .word 0                  - .word 0,0,0,0,0,0,0,0,0,0,0,0,0,0,0,0,0,0,0,0,0,0,0,0,0,0,0,0,0,0,0,0
0518 - 00000000 - .word 0                  - .word 0,0,0,0,0,0,0,0,0,0,0,0,0,0,0,0,0,0,0,0,0,0,0,0,0,0,0,0,0,0,0,0
0519 - 00000000 - .word 0                  - .word 0,0,0,0,0,0,0,0,0,0,0,0,0,0,0,0,0,0,0,0,0,0,0,0,0,0,0,0,0,0,0,0
0520 - 00000000 - .word 0                  - .word 0,0,0,0,0,0,0,0,0,0,0,0,0,0,0,0,0,0,0,0,0,0,0,0,0,0,0,0,0,0,0,0
0521 - 00000000 - .word 0                  - .word 0,0,0,0,0,0,0,0,0,0,0,0,0,0,0,0,0,0,0,0,0,0,0,0,0,0,0,0,0,0,0,0
0522 - 00000000 - .word 0                  - .word 0,0,0,0,0,0,0,0,0,0,0,0,0,0,0,0,0,0,0,0,0,0,0,0,0,0,0,0,0,0,0,0
0523 - 00000000 - .word 0                  - .word 0,0,0,0,0,0,0,0,0,0,0,0,0,0,0,0,0,0,0,0,0,0,0,0,0,0,0,0,0,0,0,0
0524 - 00000000 - .word 0                  - .word 0,0,0,0,0,0,0,0,0,0,0,0,0,0,0,0,0,0,0,0,0,0,0,0,0,0,0,0,0,0,0,0
0525 - 00000000 - .word 0                  - .word 0,0,0,0,0,0,0,0,0,0,0,0,0,0,0,0,0,0,0,0,0,0,0,0,0,0,0,0,0,0,0,0
0526 - 00000000 - .word 0                  - .word 0,0,0,0,0,0,0,0,0,0,0,0,0,0,0,0,0,0,0,0,0,0,0,0,0,0,0,0,0,0,0,0
0527 - 00000000 - .word 0                  - .word 0,0,0,0,0,0,0,0,0,0,0,0,0,0,0,0,0,0,0,0,0,0,0,0,0,0,0,0,0,0,0,0
0528 - 00000000 - .word 0                  - .word 0,0,0,0,0,0,0,0,0,0,0,0,0,0,0,0,0,0,0,0,0,0,0,0,0,0,0,0,0,0,0,0
0529 - 00000000 - .word 0                  - .word 0,0,0,0,0,0,0,0,0,0,0,0,0,0,0,0,0,0,0,0,0,0,0,0,0,0,0,0,0,0,0,0
0530 - 00000000 - .word 0                  - .word 0,0,0,0,0,0,0,0,0,0,0,0,0,0,0,0,0,0,0,0,0,0,0,0,0,0,0,0,0,0,0,0
0531 - 00000000 - .word 0                  - .word 0,0,0,0,0,0,0,0,0,0,0,0,0,0,0,0,0,0,0,0,0,0,0,0,0,0,0,0,0,0,0,0
0532 - 00000000 - .word 0                  - .word 0,0,0,0,0,0,0,0,0,0,0,0,0,0,0,0,0,0,0,0,0,0,0,0,0,0,0,0,0,0,0,0
0600 - 00000000 - .word 0                  - .word 0
0601 - 00000000 - .word 0                  - .word 0
0602 - 00000000 - .word 0                  - .word 0
0700 - 00000000 - .word 0                  - .word 0,0,0,0,0,0,0,0,0,0,0,0
0701 - 00000000 - .word 0                  - .word 0,0,0,0,0,0,0,0,0,0,0,0
0702 - 00000000 - .word 0                  - .word 0,0,0,0,0,0,0,0,0,0,0,0
0703 - 00000000 - .word 0                  - .word 0,0,0,0,0,0,0,0,0,0,0,0
0704 - 00000000 - .word 0                  - .word 0,0,0,0,0,0,0,0,0,0,0,0
0705 - 00000000 - .word 0                  - .word 0,0,0,0,0,0,0,0,0,0,0,0
0706 - 00000000 - .word 0                  - .word 0,0,0,0,0,0,0,0,0,0,0,0
0707 - 00000000 - .word 0                  - .word 0,0,0,0,0,0,0,0,0,0,0,0
0708 - 00000000 - .word 0                  - .word 0,0,0,0,0,0,0,0,0,0,0,0
0709 - 00000000 - .word 0                  - .word 0,0,0,0,0,0,0,0,0,0,0,0
0710 - 00000000 - .word 0                  - .word 0,0,0,0,0,0,0,0,0,0,0,0
0711 - 00000000 - .word 0                  - .word 0,0,0,0,0,0,0,0,0,0,0,0
0001 - 271001F4 - LI R1, 500               - LI   R1, numbers
0002 - 27200000 - LI R2, 0                 - LI   R2, 0
0003 - 26210000 - SW R2, 0(R1)             - SW   R2, 0(R1)
0004 - A0000000 - EI                       - EI
0005 - 2710025A - LI R1, 602               - LI   R1, done_flag
0006 - 25210000 - LW R2, 0(R1)             - LW   R2, 0(R1)
0007 - 2920FFFD - BEQ R2, R0, -3           - BEQ  R2, R0, wait
0008 - A1000000 - DI                       - DI
0009 - 271001F4 - LI R1, 500               - LI   R1, numbers
0010 - 25110000 - LW R1, 0(R1)             - LW   R1, 0(R1)
0011 - 27200000 - LI R2, 0                 - LI   R2, 0
0012 - 2E21000E - BGE R2, R1, +14          - BGE  R2, R1, sort_done
0013 - 20320001 - ADDI R3, R2, 1           - ADDI R3, R2, 1
0014 - 2E31000A - BGE R3, R1, +10          - BGE  R3, R1, sort_inner_done
0015 - 274001F5 - LI R4, 501               - LI   R4, nums_storage
0016 - 00542000 - ADD R5, R4, R2           - ADD  R5, R4, R2
0017 - 00643000 - ADD R6, R4, R3           - ADD  R6, R4, R3
0018 - 25450000 - LW R4, 0(R5)             - LW   R4, 0(R5)
0019 - 25760000 - LW R7, 0(R6)             - LW   R7, 0(R6)
0020 - 2D470002 - BLE R4, R7, +2           - BLE  R4, R7, no_swap
0021 - 26750000 - SW R7, 0(R5)             - SW   R7, 0(R5)
0022 - 26460000 - SW R4, 0(R6)             - SW   R4, 0(R6)
0023 - 20330001 - ADDI R3, R3, 1           - ADDI R3, R3, 1
0024 - 4000000E - JMP 14                   - JMP  sort_inner
0025 - 20220001 - ADDI R2, R2, 1           - ADDI R2, R2, 1
0026 - 4000000C - JMP 12                   - JMP  sort_outer
0027 - 27200000 - LI R2, 0                 - LI   R2, 0
0028 - 277001F4 - LI R7, 500               - LI   R7, numbers
0029 - 25770000 - LW R7, 0(R7)             - LW   R7, 0(R7)
0030 - 2E270011 - BGE R2, R7, +17          - BGE  R2, R7, all_printed
0031 - 273001F5 - LI R3, 501               - LI   R3, nums_storage
0032 - 00332000 - ADD R3, R3, R2           - ADD  R3, R3, R2
0033 - 25630000 - LW R6, 0(R3)             - LW   R6, 0(R3)
0034 - 27300320 - LI R3, 800               - LI   R3, save_i
0035 - 26230000 - SW R2, 0(R3)             - SW   R2, 0(R3)
0036 - 27300321 - LI R3, 801               - LI   R3, save_n
0037 - 26730000 - SW R7, 0(R3)             - SW   R7, 0(R3)
0038 - 41100034 - JAL R1, 52               - JAL  R1, print_int
0039 - 27300320 - LI R3, 800               - LI   R3, save_i
0040 - 25230000 - LW R2, 0(R3)             - LW   R2, 0(R3)
0041 - 27300321 - LI R3, 801               - LI   R3, save_n
0042 - 25730000 - LW R7, 0(R3)             - LW   R7, 0(R3)
0043 - 27300020 - LI R3, 32                - LI   R3, 32
0044 - 274007FF - LI R4, 2047              - LI   R4, 2047
0045 - 26340000 - SW R3, 0(R4)             - SW   R3, 0(R4)
0046 - 20220001 - ADDI R2, R2, 1           - ADDI R2, R2, 1
0047 - 4000001E - JMP 30                   - JMP  print_outer
0048 - 2730000A - LI R3, 10                - LI   R3, 10
0049 - 274007FF - LI R4, 2047              - LI   R4, 2047
0050 - 26340000 - SW R3, 0(R4)             - SW   R3, 0(R4)
0051 - A3000000 - HLT                      - HLT
0052 - 27300000 - LI R3, 0                 - LI   R3, 0
0053 - 274002BC - LI R4, 700               - LI   R4, digits
0054 - 2750000A - LI R5, 10                - LI   R5, 10
0055 - 29600008 - BEQ R6, R0, +8           - BEQ  R6, R0, pi_zero
0056 - 2960000A - BEQ R6, R0, +10          - BEQ  R6, R0, pi_print
0057 - 04265000 - MOD R2, R6, R5           - MOD  R2, R6, R5
0058 - 03665000 - DIV R6, R6, R5           - DIV  R6, R6, R5
0059 - 20220030 - ADDI R2, R2, 48          - ADDI R2, R2, 48
0060 - 26240000 - SW R2, 0(R4)             - SW   R2, 0(R4)
0061 - 20440001 - ADDI R4, R4, 1           - ADDI R4, R4, 1
0062 - 20330001 - ADDI R3, R3, 1           - ADDI R3, R3, 1
0063 - 40000038 - JMP 56                   - JMP  pi_extract
0064 - 27200030 - LI R2, 48                - LI   R2, 48
0065 - 26240000 - SW R2, 0(R4)             - SW   R2, 0(R4)
0066 - 20330001 - ADDI R3, R3, 1           - ADDI R3, R3, 1
0067 - 272007FF - LI R2, 2047              - LI   R2, 2047
0068 - 275002BC - LI R5, 700               - LI   R5, digits
0069 - 29300005 - BEQ R3, R0, +5           - BEQ  R3, R0, pi_done
0070 - 2033FFFF - ADDI R3, R3, -1          - ADDI R3, R3, -1
0071 - 00453000 - ADD R4, R5, R3           - ADD  R4, R5, R3
0072 - 25440000 - LW R4, 0(R4)             - LW   R4, 0(R4)
0073 - 26420000 - SW R4, 0(R2)             - SW   R4, 0(R2)
0074 - 40000045 - JMP 69                   - JMP  pi_loop
0075 - 42100000 - JR R1                    - JR   R1
0076 - 271007FE - LI R1, 2046              - LI   R1, 2046
0077 - 25210000 - LW R2, 0(R1)             - LW   R2, 0(R1)
0078 - 27300000 - LI R3, 0                 - LI   R3, 0
0079 - 29230021 - BEQ R2, R3, +33          - BEQ  R2, R3, ih_end
0080 - 27300030 - LI R3, 48                - LI   R3, 48
0081 - 2B23000E - BLT R2, R3, +14          - BLT  R2, R3, ih_sep
0082 - 27300039 - LI R3, 57                - LI   R3, 57
0083 - 2C23000C - BGT R2, R3, +12          - BGT  R2, R3, ih_sep
0084 - 27100258 - LI R1, 600               - LI   R1, cur_value
0085 - 25310000 - LW R3, 0(R1)             - LW   R3, 0(R1)
0086 - 2740000A - LI R4, 10                - LI   R4, 10
0087 - 02334000 - MUL R3, R3, R4           - MUL  R3, R3, R4
0088 - 27400030 - LI R4, 48                - LI   R4, 48
0089 - 01224000 - SUB R2, R2, R4           - SUB  R2, R2, R4
0090 - 00332000 - ADD R3, R3, R2           - ADD  R3, R3, R2
0091 - 26310000 - SW R3, 0(R1)             - SW   R3, 0(R1)
0092 - 27100259 - LI R1, 601               - LI   R1, collecting
0093 - 27300001 - LI R3, 1                 - LI   R3, 1
0094 - 26310000 - SW R3, 0(R1)             - SW   R3, 0(R1)
0095 - A2000000 - IRET                     - IRET
0096 - 27100259 - LI R1, 601               - LI   R1, collecting
0097 - 25310000 - LW R3, 0(R1)             - LW   R3, 0(R1)
0098 - 2930000D - BEQ R3, R0, +13          - BEQ  R3, R0, ih_skip
0099 - 27100258 - LI R1, 600               - LI   R1, cur_value
0100 - 25410000 - LW R4, 0(R1)             - LW   R4, 0(R1)
0101 - 27300000 - LI R3, 0                 - LI   R3, 0
0102 - 26310000 - SW R3, 0(R1)             - SW   R3, 0(R1)
0103 - 27100259 - LI R1, 601               - LI   R1, collecting
0104 - 26310000 - SW R3, 0(R1)             - SW   R3, 0(R1)
0105 - 271001F4 - LI R1, 500               - LI   R1, numbers
0106 - 25310000 - LW R3, 0(R1)             - LW   R3, 0(R1)
0107 - 275001F5 - LI R5, 501               - LI   R5, nums_storage
0108 - 00553000 - ADD R5, R5, R3           - ADD  R5, R5, R3
0109 - 26450000 - SW R4, 0(R5)             - SW   R4, 0(R5)
0110 - 20330001 - ADDI R3, R3, 1           - ADDI R3, R3, 1
0111 - 26310000 - SW R3, 0(R1)             - SW   R3, 0(R1)
0112 - A2000000 - IRET                     - IRET
0113 - 27100259 - LI R1, 601               - LI   R1, collecting
0114 - 25310000 - LW R3, 0(R1)             - LW   R3, 0(R1)
0115 - 29300009 - BEQ R3, R0, +9           - BEQ  R3, R0, ih_set_done
0116 - 27100258 - LI R1, 600               - LI   R1, cur_value
0117 - 25410000 - LW R4, 0(R1)             - LW   R4, 0(R1)
0118 - 271001F4 - LI R1, 500               - LI   R1, numbers
0119 - 25310000 - LW R3, 0(R1)             - LW   R3, 0(R1)
0120 - 275001F5 - LI R5, 501               - LI   R5, nums_storage
0121 - 00553000 - ADD R5, R5, R3           - ADD  R5, R5, R3
0122 - 26450000 - SW R4, 0(R5)             - SW   R4, 0(R5)
0123 - 20330001 - ADDI R3, R3, 1           - ADDI R3, R3, 1
0124 - 26310000 - SW R3, 0(R1)             - SW   R3, 0(R1)
0125 - 2710025A - LI R1, 602               - LI   R1, done_flag
0126 - 27300001 - LI R3, 1                 - LI   R3, 1
0127 - 26310000 - SW R3, 0(R1)             - SW   R3, 0(R1)
0128 - A2000000 - IRET                     - IRET
0800 - 00000000 - .word 0                  - .word 0
0801 - 00000000 - .word 0                  - .word 0
